{"C:\\Users\\Rebec\\Desktop\\Labeddit-backend\\src\\business\\CommentaryBusiness.ts": {"path":"C:\\Users\\Rebec\\Desktop\\Labeddit-backend\\src\\business\\CommentaryBusiness.ts","statementMap":{"0":{"start":{"line":14,"column":0},"end":{"line":14,"column":60}},"1":{"start":{"line":15,"column":0},"end":{"line":15,"column":56}},"2":{"start":{"line":16,"column":0},"end":{"line":16,"column":64}},"3":{"start":{"line":17,"column":0},"end":{"line":17,"column":null}},"4":{"start":{"line":29,"column":12},"end":{"line":29,"column":50}},"5":{"start":{"line":30,"column":12},"end":{"line":30,"column":36}},"6":{"start":{"line":31,"column":12},"end":{"line":31,"column":38}},"7":{"start":{"line":34,"column":9},"end":{"line":69,"column":4}},"8":{"start":{"line":36,"column":46},"end":{"line":69,"column":4}},"9":{"start":{"line":37,"column":35},"end":{"line":37,"column":40}},"10":{"start":{"line":39,"column":20},"end":{"line":39,"column":55}},"11":{"start":{"line":41,"column":4},"end":{"line":43,"column":null}},"12":{"start":{"line":42,"column":6},"end":{"line":42,"column":36}},"13":{"start":{"line":45,"column":22},"end":{"line":45,"column":68}},"14":{"start":{"line":47,"column":4},"end":{"line":49,"column":null}},"15":{"start":{"line":48,"column":6},"end":{"line":48,"column":34}},"16":{"start":{"line":51,"column":25},"end":{"line":51,"column":52}},"17":{"start":{"line":53,"column":39},"end":{"line":61,"column":22}},"18":{"start":{"line":63,"column":4},"end":{"line":63,"column":65}},"19":{"start":{"line":64,"column":4},"end":{"line":64,"column":72}},"20":{"start":{"line":66,"column":30},"end":{"line":66,"column":39}},"21":{"start":{"line":68,"column":4},"end":{"line":68,"column":18}},"22":{"start":{"line":71,"column":9},"end":{"line":139,"column":4}},"23":{"start":{"line":73,"column":43},"end":{"line":139,"column":4}},"24":{"start":{"line":74,"column":26},"end":{"line":74,"column":31}},"25":{"start":{"line":76,"column":20},"end":{"line":76,"column":55}},"26":{"start":{"line":78,"column":4},"end":{"line":80,"column":null}},"27":{"start":{"line":79,"column":6},"end":{"line":79,"column":36}},"28":{"start":{"line":83,"column":6},"end":{"line":83,"column":65}},"29":{"start":{"line":85,"column":40},"end":{"line":108,"column":6}},"30":{"start":{"line":86,"column":53},"end":{"line":93,"column":8}},"31":{"start":{"line":95,"column":40},"end":{"line":104,"column":null}},"32":{"start":{"line":107,"column":6},"end":{"line":107,"column":39}},"33":{"start":{"line":111,"column":6},"end":{"line":136,"column":12}},"34":{"start":{"line":128,"column":75},"end":{"line":135,"column":14}},"35":{"start":{"line":138,"column":4},"end":{"line":138,"column":18}},"36":{"start":{"line":141,"column":9},"end":{"line":221,"column":4}},"37":{"start":{"line":143,"column":47},"end":{"line":221,"column":4}},"38":{"start":{"line":144,"column":64},"end":{"line":144,"column":69}},"39":{"start":{"line":146,"column":20},"end":{"line":146,"column":55}},"40":{"start":{"line":148,"column":4},"end":{"line":150,"column":null}},"41":{"start":{"line":149,"column":6},"end":{"line":149,"column":36}},"42":{"start":{"line":153,"column":6},"end":{"line":154,"column":null}},"43":{"start":{"line":157,"column":4},"end":{"line":159,"column":null}},"44":{"start":{"line":158,"column":6},"end":{"line":158,"column":55}},"45":{"start":{"line":161,"column":23},"end":{"line":169,"column":null}},"46":{"start":{"line":172,"column":17},"end":{"line":172,"column":38}},"47":{"start":{"line":174,"column":61},"end":{"line":178,"column":6}},"48":{"start":{"line":180,"column":29},"end":{"line":181,"column":null}},"49":{"start":{"line":184,"column":4},"end":{"line":213,"column":null}},"50":{"start":{"line":185,"column":6},"end":{"line":196,"column":null}},"51":{"start":{"line":186,"column":8},"end":{"line":188,"column":10}},"52":{"start":{"line":189,"column":8},"end":{"line":189,"column":32}},"53":{"start":{"line":191,"column":8},"end":{"line":193,"column":10}},"54":{"start":{"line":194,"column":8},"end":{"line":194,"column":32}},"55":{"start":{"line":195,"column":8},"end":{"line":195,"column":32}},"56":{"start":{"line":197,"column":11},"end":{"line":213,"column":null}},"57":{"start":{"line":198,"column":6},"end":{"line":209,"column":null}},"58":{"start":{"line":199,"column":8},"end":{"line":201,"column":10}},"59":{"start":{"line":202,"column":8},"end":{"line":202,"column":35}},"60":{"start":{"line":204,"column":8},"end":{"line":206,"column":10}},"61":{"start":{"line":207,"column":8},"end":{"line":207,"column":35}},"62":{"start":{"line":208,"column":8},"end":{"line":208,"column":29}},"63":{"start":{"line":211,"column":6},"end":{"line":211,"column":79}},"64":{"start":{"line":212,"column":6},"end":{"line":212,"column":69}},"65":{"start":{"line":215,"column":32},"end":{"line":215,"column":59}},"66":{"start":{"line":216,"column":4},"end":{"line":216,"column":72}},"67":{"start":{"line":218,"column":19},"end":{"line":218,"column":28}},"68":{"start":{"line":220,"column":4},"end":{"line":220,"column":18}},"69":{"start":{"line":27,"column":0},"end":{"line":27,"column":13}}},"fnMap":{"0":{"name":"(anonymous_7)","decl":{"start":{"line":28,"column":2},"end":{"line":28,"column":null}},"loc":{"start":{"line":31,"column":38},"end":{"line":32,"column":6}}},"1":{"name":"(anonymous_8)","decl":{"start":{"line":34,"column":28},"end":{"line":34,"column":null}},"loc":{"start":{"line":36,"column":46},"end":{"line":69,"column":4}}},"2":{"name":"(anonymous_9)","decl":{"start":{"line":36,"column":46},"end":{"line":36,"column":null}},"loc":{"start":{"line":36,"column":46},"end":{"line":69,"column":3}}},"3":{"name":"(anonymous_10)","decl":{"start":{"line":71,"column":29},"end":{"line":71,"column":null}},"loc":{"start":{"line":73,"column":43},"end":{"line":139,"column":4}}},"4":{"name":"(anonymous_11)","decl":{"start":{"line":73,"column":43},"end":{"line":73,"column":null}},"loc":{"start":{"line":73,"column":43},"end":{"line":139,"column":3}}},"5":{"name":"(anonymous_12)","decl":{"start":{"line":85,"column":66},"end":{"line":85,"column":67}},"loc":{"start":{"line":85,"column":75},"end":{"line":108,"column":5}}},"6":{"name":"(anonymous_13)","decl":{"start":{"line":128,"column":58},"end":{"line":128,"column":59}},"loc":{"start":{"line":128,"column":75},"end":{"line":135,"column":14}}},"7":{"name":"(anonymous_14)","decl":{"start":{"line":141,"column":33},"end":{"line":141,"column":null}},"loc":{"start":{"line":143,"column":47},"end":{"line":221,"column":4}}},"8":{"name":"(anonymous_15)","decl":{"start":{"line":143,"column":47},"end":{"line":143,"column":null}},"loc":{"start":{"line":143,"column":47},"end":{"line":221,"column":3}}}},"branchMap":{"0":{"loc":{"start":{"line":41,"column":4},"end":{"line":43,"column":null}},"type":"if","locations":[{"start":{"line":41,"column":4},"end":{"line":43,"column":null}}]},"1":{"loc":{"start":{"line":47,"column":4},"end":{"line":49,"column":null}},"type":"if","locations":[{"start":{"line":47,"column":4},"end":{"line":49,"column":null}}]},"2":{"loc":{"start":{"line":78,"column":4},"end":{"line":80,"column":null}},"type":"if","locations":[{"start":{"line":78,"column":4},"end":{"line":80,"column":null}}]},"3":{"loc":{"start":{"line":111,"column":6},"end":{"line":136,"column":12}},"type":"cond-expr","locations":[{"start":{"line":112,"column":10},"end":{"line":120,"column":null}},{"start":{"line":121,"column":10},"end":{"line":136,"column":12}}]},"4":{"loc":{"start":{"line":113,"column":16},"end":{"line":113,"column":67}},"type":"cond-expr","locations":[{"start":{"line":113,"column":63},"end":{"line":113,"column":65}},{"start":{"line":113,"column":63},"end":{"line":113,"column":67}}]},"5":{"loc":{"start":{"line":113,"column":16},"end":{"line":113,"column":65}},"type":"binary-expr","locations":[{"start":{"line":113,"column":16},"end":{"line":113,"column":65}},{"start":{"line":113,"column":63},"end":{"line":113,"column":65}}]},"6":{"loc":{"start":{"line":114,"column":25},"end":{"line":114,"column":78}},"type":"cond-expr","locations":[{"start":{"line":114,"column":72},"end":{"line":114,"column":74}},{"start":{"line":114,"column":72},"end":{"line":114,"column":78}}]},"7":{"loc":{"start":{"line":114,"column":25},"end":{"line":114,"column":74}},"type":"binary-expr","locations":[{"start":{"line":114,"column":25},"end":{"line":114,"column":74}},{"start":{"line":114,"column":72},"end":{"line":114,"column":74}}]},"8":{"loc":{"start":{"line":115,"column":21},"end":{"line":115,"column":77}},"type":"cond-expr","locations":[{"start":{"line":115,"column":68},"end":{"line":115,"column":70}},{"start":{"line":115,"column":68},"end":{"line":115,"column":77}}]},"9":{"loc":{"start":{"line":115,"column":21},"end":{"line":115,"column":70}},"type":"binary-expr","locations":[{"start":{"line":115,"column":21},"end":{"line":115,"column":70}},{"start":{"line":115,"column":68},"end":{"line":115,"column":70}}]},"10":{"loc":{"start":{"line":116,"column":18},"end":{"line":116,"column":71}},"type":"cond-expr","locations":[{"start":{"line":116,"column":65},"end":{"line":116,"column":67}},{"start":{"line":116,"column":65},"end":{"line":116,"column":71}}]},"11":{"loc":{"start":{"line":116,"column":18},"end":{"line":116,"column":67}},"type":"binary-expr","locations":[{"start":{"line":116,"column":18},"end":{"line":116,"column":67}},{"start":{"line":116,"column":65},"end":{"line":116,"column":67}}]},"12":{"loc":{"start":{"line":117,"column":21},"end":{"line":117,"column":77}},"type":"cond-expr","locations":[{"start":{"line":117,"column":68},"end":{"line":117,"column":70}},{"start":{"line":117,"column":68},"end":{"line":117,"column":77}}]},"13":{"loc":{"start":{"line":117,"column":21},"end":{"line":117,"column":70}},"type":"binary-expr","locations":[{"start":{"line":117,"column":21},"end":{"line":117,"column":70}},{"start":{"line":117,"column":68},"end":{"line":117,"column":70}}]},"14":{"loc":{"start":{"line":118,"column":22},"end":{"line":118,"column":79}},"type":"cond-expr","locations":[{"start":{"line":118,"column":69},"end":{"line":118,"column":71}},{"start":{"line":118,"column":69},"end":{"line":118,"column":79}}]},"15":{"loc":{"start":{"line":118,"column":22},"end":{"line":118,"column":71}},"type":"binary-expr","locations":[{"start":{"line":118,"column":22},"end":{"line":118,"column":71}},{"start":{"line":118,"column":69},"end":{"line":118,"column":71}}]},"16":{"loc":{"start":{"line":122,"column":16},"end":{"line":122,"column":67}},"type":"cond-expr","locations":[{"start":{"line":122,"column":63},"end":{"line":122,"column":65}},{"start":{"line":122,"column":63},"end":{"line":122,"column":67}}]},"17":{"loc":{"start":{"line":122,"column":16},"end":{"line":122,"column":65}},"type":"binary-expr","locations":[{"start":{"line":122,"column":16},"end":{"line":122,"column":65}},{"start":{"line":122,"column":63},"end":{"line":122,"column":65}}]},"18":{"loc":{"start":{"line":123,"column":25},"end":{"line":123,"column":78}},"type":"cond-expr","locations":[{"start":{"line":123,"column":72},"end":{"line":123,"column":74}},{"start":{"line":123,"column":72},"end":{"line":123,"column":78}}]},"19":{"loc":{"start":{"line":123,"column":25},"end":{"line":123,"column":74}},"type":"binary-expr","locations":[{"start":{"line":123,"column":25},"end":{"line":123,"column":74}},{"start":{"line":123,"column":72},"end":{"line":123,"column":74}}]},"20":{"loc":{"start":{"line":124,"column":21},"end":{"line":124,"column":77}},"type":"cond-expr","locations":[{"start":{"line":124,"column":68},"end":{"line":124,"column":70}},{"start":{"line":124,"column":68},"end":{"line":124,"column":77}}]},"21":{"loc":{"start":{"line":124,"column":21},"end":{"line":124,"column":70}},"type":"binary-expr","locations":[{"start":{"line":124,"column":21},"end":{"line":124,"column":70}},{"start":{"line":124,"column":68},"end":{"line":124,"column":70}}]},"22":{"loc":{"start":{"line":125,"column":18},"end":{"line":125,"column":71}},"type":"cond-expr","locations":[{"start":{"line":125,"column":65},"end":{"line":125,"column":67}},{"start":{"line":125,"column":65},"end":{"line":125,"column":71}}]},"23":{"loc":{"start":{"line":125,"column":18},"end":{"line":125,"column":67}},"type":"binary-expr","locations":[{"start":{"line":125,"column":18},"end":{"line":125,"column":67}},{"start":{"line":125,"column":65},"end":{"line":125,"column":67}}]},"24":{"loc":{"start":{"line":126,"column":21},"end":{"line":126,"column":77}},"type":"cond-expr","locations":[{"start":{"line":126,"column":68},"end":{"line":126,"column":70}},{"start":{"line":126,"column":68},"end":{"line":126,"column":77}}]},"25":{"loc":{"start":{"line":126,"column":21},"end":{"line":126,"column":70}},"type":"binary-expr","locations":[{"start":{"line":126,"column":21},"end":{"line":126,"column":70}},{"start":{"line":126,"column":68},"end":{"line":126,"column":70}}]},"26":{"loc":{"start":{"line":127,"column":22},"end":{"line":127,"column":79}},"type":"cond-expr","locations":[{"start":{"line":127,"column":69},"end":{"line":127,"column":71}},{"start":{"line":127,"column":69},"end":{"line":127,"column":79}}]},"27":{"loc":{"start":{"line":127,"column":22},"end":{"line":127,"column":71}},"type":"binary-expr","locations":[{"start":{"line":127,"column":22},"end":{"line":127,"column":71}},{"start":{"line":127,"column":69},"end":{"line":127,"column":71}}]},"28":{"loc":{"start":{"line":148,"column":4},"end":{"line":150,"column":null}},"type":"if","locations":[{"start":{"line":148,"column":4},"end":{"line":150,"column":null}}]},"29":{"loc":{"start":{"line":157,"column":4},"end":{"line":159,"column":null}},"type":"if","locations":[{"start":{"line":157,"column":4},"end":{"line":159,"column":null}}]},"30":{"loc":{"start":{"line":172,"column":17},"end":{"line":172,"column":38}},"type":"cond-expr","locations":[{"start":{"line":172,"column":33},"end":{"line":172,"column":34}},{"start":{"line":172,"column":37},"end":{"line":172,"column":38}}]},"31":{"loc":{"start":{"line":184,"column":4},"end":{"line":213,"column":null}},"type":"if","locations":[{"start":{"line":184,"column":4},"end":{"line":213,"column":null}},{"start":{"line":197,"column":11},"end":{"line":213,"column":null}}]},"32":{"loc":{"start":{"line":185,"column":6},"end":{"line":196,"column":null}},"type":"if","locations":[{"start":{"line":185,"column":6},"end":{"line":196,"column":null}},{"start":{"line":190,"column":13},"end":{"line":196,"column":null}}]},"33":{"loc":{"start":{"line":197,"column":11},"end":{"line":213,"column":null}},"type":"if","locations":[{"start":{"line":197,"column":11},"end":{"line":213,"column":null}},{"start":{"line":210,"column":11},"end":{"line":213,"column":null}}]},"34":{"loc":{"start":{"line":198,"column":6},"end":{"line":209,"column":null}},"type":"if","locations":[{"start":{"line":198,"column":6},"end":{"line":209,"column":null}},{"start":{"line":203,"column":13},"end":{"line":209,"column":null}}]},"35":{"loc":{"start":{"line":212,"column":6},"end":{"line":212,"column":68}},"type":"cond-expr","locations":[{"start":{"line":212,"column":22},"end":{"line":212,"column":42}},{"start":{"line":212,"column":45},"end":{"line":212,"column":68}}]}},"s":{"0":3,"1":3,"2":3,"3":3,"4":3,"5":3,"6":3,"7":3,"8":3,"9":3,"10":3,"11":3,"12":1,"13":2,"14":2,"15":1,"16":1,"17":1,"18":1,"19":1,"20":1,"21":1,"22":3,"23":3,"24":3,"25":3,"26":3,"27":1,"28":2,"29":2,"30":2,"31":2,"32":2,"33":2,"34":1,"35":2,"36":3,"37":8,"38":8,"39":8,"40":8,"41":1,"42":7,"43":7,"44":1,"45":6,"46":6,"47":6,"48":6,"49":6,"50":2,"51":1,"52":1,"53":1,"54":1,"55":1,"56":4,"57":2,"58":1,"59":1,"60":1,"61":1,"62":1,"63":2,"64":2,"65":6,"66":6,"67":6,"68":6,"69":3},"f":{"0":3,"1":3,"2":3,"3":3,"4":3,"5":2,"6":1,"7":8,"8":8},"b":{"0":[1],"1":[1],"2":[1],"3":[1,1],"4":[0,1],"5":[1,1],"6":[0,1],"7":[1,1],"8":[0,1],"9":[1,1],"10":[0,1],"11":[1,1],"12":[0,1],"13":[1,1],"14":[0,1],"15":[1,1],"16":[0,1],"17":[1,1],"18":[0,1],"19":[1,1],"20":[0,1],"21":[1,1],"22":[0,1],"23":[1,1],"24":[0,1],"25":[1,1],"26":[0,1],"27":[1,1],"28":[1],"29":[1],"30":[3,3],"31":[2,4],"32":[1,1],"33":[2,2],"34":[1,1],"35":[1,1]}}
,"C:\\Users\\Rebec\\Desktop\\Labeddit-backend\\src\\business\\PostsBusiness.ts": {"path":"C:\\Users\\Rebec\\Desktop\\Labeddit-backend\\src\\business\\PostsBusiness.ts","statementMap":{"0":{"start":{"line":11,"column":0},"end":{"line":11,"column":60}},"1":{"start":{"line":12,"column":0},"end":{"line":12,"column":56}},"2":{"start":{"line":13,"column":0},"end":{"line":13,"column":64}},"3":{"start":{"line":14,"column":0},"end":{"line":14,"column":70}},"4":{"start":{"line":20,"column":12},"end":{"line":20,"column":40}},"5":{"start":{"line":21,"column":12},"end":{"line":21,"column":36}},"6":{"start":{"line":22,"column":12},"end":{"line":22,"column":38}},"7":{"start":{"line":25,"column":9},"end":{"line":70,"column":4}},"8":{"start":{"line":27,"column":36},"end":{"line":70,"column":4}},"9":{"start":{"line":28,"column":31},"end":{"line":28,"column":36}},"10":{"start":{"line":30,"column":20},"end":{"line":30,"column":55}},"11":{"start":{"line":32,"column":4},"end":{"line":34,"column":null}},"12":{"start":{"line":33,"column":6},"end":{"line":33,"column":52}},"13":{"start":{"line":36,"column":15},"end":{"line":36,"column":42}},"14":{"start":{"line":38,"column":19},"end":{"line":47,"column":null}},"15":{"start":{"line":50,"column":25},"end":{"line":50,"column":43}},"16":{"start":{"line":52,"column":24},"end":{"line":53,"column":null}},"17":{"start":{"line":56,"column":4},"end":{"line":63,"column":null}},"18":{"start":{"line":57,"column":6},"end":{"line":62,"column":null}},"19":{"start":{"line":58,"column":37},"end":{"line":58,"column":74}},"20":{"start":{"line":61,"column":8},"end":{"line":61,"column":76}},"21":{"start":{"line":65,"column":4},"end":{"line":65,"column":54}},"22":{"start":{"line":67,"column":40},"end":{"line":67,"column":49}},"23":{"start":{"line":69,"column":4},"end":{"line":69,"column":18}},"24":{"start":{"line":72,"column":9},"end":{"line":100,"column":4}},"25":{"start":{"line":72,"column":84},"end":{"line":100,"column":4}},"26":{"start":{"line":73,"column":22},"end":{"line":73,"column":27}},"27":{"start":{"line":75,"column":20},"end":{"line":75,"column":55}},"28":{"start":{"line":77,"column":4},"end":{"line":79,"column":null}},"29":{"start":{"line":78,"column":6},"end":{"line":78,"column":52}},"30":{"start":{"line":81,"column":20},"end":{"line":81,"column":70}},"31":{"start":{"line":83,"column":22},"end":{"line":95,"column":6}},"32":{"start":{"line":84,"column":6},"end":{"line":94,"column":36}},"33":{"start":{"line":97,"column":40},"end":{"line":97,"column":49}},"34":{"start":{"line":99,"column":4},"end":{"line":99,"column":18}},"35":{"start":{"line":102,"column":9},"end":{"line":172,"column":4}},"36":{"start":{"line":102,"column":103},"end":{"line":172,"column":4}},"37":{"start":{"line":103,"column":49},"end":{"line":103,"column":54}},"38":{"start":{"line":105,"column":20},"end":{"line":105,"column":55}},"39":{"start":{"line":107,"column":4},"end":{"line":109,"column":null}},"40":{"start":{"line":108,"column":6},"end":{"line":108,"column":52}},"41":{"start":{"line":111,"column":19},"end":{"line":112,"column":null}},"42":{"start":{"line":115,"column":4},"end":{"line":117,"column":null}},"43":{"start":{"line":116,"column":6},"end":{"line":116,"column":51}},"44":{"start":{"line":119,"column":17},"end":{"line":128,"column":null}},"45":{"start":{"line":131,"column":28},"end":{"line":131,"column":40}},"46":{"start":{"line":133,"column":45},"end":{"line":137,"column":6}},"47":{"start":{"line":139,"column":28},"end":{"line":140,"column":null}},"48":{"start":{"line":143,"column":4},"end":{"line":164,"column":null}},"49":{"start":{"line":144,"column":6},"end":{"line":151,"column":null}},"50":{"start":{"line":145,"column":8},"end":{"line":145,"column":70}},"51":{"start":{"line":146,"column":8},"end":{"line":146,"column":26}},"52":{"start":{"line":148,"column":8},"end":{"line":148,"column":70}},"53":{"start":{"line":149,"column":8},"end":{"line":149,"column":26}},"54":{"start":{"line":150,"column":8},"end":{"line":150,"column":26}},"55":{"start":{"line":152,"column":11},"end":{"line":164,"column":null}},"56":{"start":{"line":153,"column":6},"end":{"line":160,"column":null}},"57":{"start":{"line":154,"column":8},"end":{"line":154,"column":70}},"58":{"start":{"line":155,"column":8},"end":{"line":155,"column":29}},"59":{"start":{"line":157,"column":8},"end":{"line":157,"column":70}},"60":{"start":{"line":158,"column":8},"end":{"line":158,"column":29}},"61":{"start":{"line":159,"column":8},"end":{"line":159,"column":23}},"62":{"start":{"line":162,"column":6},"end":{"line":162,"column":68}},"63":{"start":{"line":163,"column":6},"end":{"line":163,"column":59}},"64":{"start":{"line":166,"column":26},"end":{"line":166,"column":42}},"65":{"start":{"line":167,"column":4},"end":{"line":167,"column":55}},"66":{"start":{"line":169,"column":45},"end":{"line":169,"column":54}},"67":{"start":{"line":171,"column":4},"end":{"line":171,"column":null}},"68":{"start":{"line":18,"column":0},"end":{"line":18,"column":13}}},"fnMap":{"0":{"name":"(anonymous_7)","decl":{"start":{"line":19,"column":2},"end":{"line":19,"column":null}},"loc":{"start":{"line":22,"column":38},"end":{"line":23,"column":7}}},"1":{"name":"(anonymous_8)","decl":{"start":{"line":25,"column":22},"end":{"line":25,"column":null}},"loc":{"start":{"line":27,"column":36},"end":{"line":70,"column":4}}},"2":{"name":"(anonymous_9)","decl":{"start":{"line":27,"column":36},"end":{"line":27,"column":null}},"loc":{"start":{"line":27,"column":36},"end":{"line":70,"column":3}}},"3":{"name":"(anonymous_10)","decl":{"start":{"line":58,"column":27},"end":{"line":58,"column":28}},"loc":{"start":{"line":58,"column":37},"end":{"line":58,"column":74}}},"4":{"name":"(anonymous_11)","decl":{"start":{"line":72,"column":20},"end":{"line":72,"column":27}},"loc":{"start":{"line":72,"column":84},"end":{"line":100,"column":4}}},"5":{"name":"(anonymous_12)","decl":{"start":{"line":72,"column":84},"end":{"line":72,"column":null}},"loc":{"start":{"line":72,"column":84},"end":{"line":100,"column":3}}},"6":{"name":"(anonymous_13)","decl":{"start":{"line":83,"column":34},"end":{"line":83,"column":35}},"loc":{"start":{"line":83,"column":43},"end":{"line":95,"column":5}}},"7":{"name":"(anonymous_14)","decl":{"start":{"line":102,"column":27},"end":{"line":102,"column":34}},"loc":{"start":{"line":102,"column":103},"end":{"line":172,"column":4}}},"8":{"name":"(anonymous_15)","decl":{"start":{"line":102,"column":103},"end":{"line":102,"column":null}},"loc":{"start":{"line":102,"column":103},"end":{"line":172,"column":3}}}},"branchMap":{"0":{"loc":{"start":{"line":32,"column":4},"end":{"line":34,"column":null}},"type":"if","locations":[{"start":{"line":32,"column":4},"end":{"line":34,"column":null}}]},"1":{"loc":{"start":{"line":56,"column":4},"end":{"line":63,"column":null}},"type":"if","locations":[{"start":{"line":56,"column":4},"end":{"line":63,"column":null}}]},"2":{"loc":{"start":{"line":57,"column":6},"end":{"line":62,"column":null}},"type":"if","locations":[{"start":{"line":57,"column":6},"end":{"line":62,"column":null}}]},"3":{"loc":{"start":{"line":77,"column":4},"end":{"line":79,"column":null}},"type":"if","locations":[{"start":{"line":77,"column":4},"end":{"line":79,"column":null}}]},"4":{"loc":{"start":{"line":107,"column":4},"end":{"line":109,"column":null}},"type":"if","locations":[{"start":{"line":107,"column":4},"end":{"line":109,"column":null}}]},"5":{"loc":{"start":{"line":115,"column":4},"end":{"line":117,"column":null}},"type":"if","locations":[{"start":{"line":115,"column":4},"end":{"line":117,"column":null}}]},"6":{"loc":{"start":{"line":131,"column":28},"end":{"line":131,"column":40}},"type":"cond-expr","locations":[{"start":{"line":131,"column":35},"end":{"line":131,"column":36}},{"start":{"line":131,"column":39},"end":{"line":131,"column":40}}]},"7":{"loc":{"start":{"line":143,"column":4},"end":{"line":164,"column":null}},"type":"if","locations":[{"start":{"line":143,"column":4},"end":{"line":164,"column":null}},{"start":{"line":152,"column":11},"end":{"line":164,"column":null}}]},"8":{"loc":{"start":{"line":144,"column":6},"end":{"line":151,"column":null}},"type":"if","locations":[{"start":{"line":144,"column":6},"end":{"line":151,"column":null}},{"start":{"line":147,"column":13},"end":{"line":151,"column":null}}]},"9":{"loc":{"start":{"line":152,"column":11},"end":{"line":164,"column":null}},"type":"if","locations":[{"start":{"line":152,"column":11},"end":{"line":164,"column":null}},{"start":{"line":161,"column":11},"end":{"line":164,"column":null}}]},"10":{"loc":{"start":{"line":153,"column":6},"end":{"line":160,"column":null}},"type":"if","locations":[{"start":{"line":153,"column":6},"end":{"line":160,"column":null}},{"start":{"line":156,"column":13},"end":{"line":160,"column":null}}]},"11":{"loc":{"start":{"line":163,"column":6},"end":{"line":163,"column":58}},"type":"cond-expr","locations":[{"start":{"line":163,"column":24},"end":{"line":163,"column":38}},{"start":{"line":163,"column":41},"end":{"line":163,"column":58}}]}},"s":{"0":3,"1":3,"2":3,"3":3,"4":3,"5":3,"6":3,"7":3,"8":3,"9":3,"10":3,"11":3,"12":1,"13":2,"14":2,"15":2,"16":2,"17":2,"18":2,"19":2,"20":1,"21":1,"22":1,"23":1,"24":3,"25":2,"26":2,"27":2,"28":2,"29":1,"30":1,"31":1,"32":2,"33":1,"34":1,"35":3,"36":8,"37":8,"38":8,"39":8,"40":1,"41":7,"42":7,"43":1,"44":6,"45":6,"46":6,"47":6,"48":6,"49":2,"50":1,"51":1,"52":1,"53":1,"54":1,"55":4,"56":2,"57":1,"58":1,"59":1,"60":1,"61":1,"62":2,"63":2,"64":6,"65":6,"66":6,"67":6,"68":3},"f":{"0":3,"1":3,"2":3,"3":2,"4":2,"5":2,"6":2,"7":8,"8":8},"b":{"0":[1],"1":[2],"2":[1],"3":[1],"4":[1],"5":[1],"6":[3,3],"7":[2,4],"8":[1,1],"9":[2,2],"10":[1,1],"11":[1,1]}}
,"C:\\Users\\Rebec\\Desktop\\Labeddit-backend\\src\\business\\UserBusiness.ts": {"path":"C:\\Users\\Rebec\\Desktop\\Labeddit-backend\\src\\business\\UserBusiness.ts","statementMap":{"0":{"start":{"line":4,"column":0},"end":{"line":4,"column":60}},"1":{"start":{"line":5,"column":0},"end":{"line":5,"column":64}},"2":{"start":{"line":12,"column":16},"end":{"line":12,"column":42}},"3":{"start":{"line":13,"column":16},"end":{"line":13,"column":40}},"4":{"start":{"line":14,"column":16},"end":{"line":14,"column":42}},"5":{"start":{"line":15,"column":16},"end":{"line":15,"column":40}},"6":{"start":{"line":18,"column":15},"end":{"line":57,"column":null}},"7":{"start":{"line":18,"column":82},"end":{"line":57,"column":null}},"8":{"start":{"line":19,"column":46},"end":{"line":19,"column":51}},"9":{"start":{"line":21,"column":23},"end":{"line":21,"column":50}},"10":{"start":{"line":23,"column":35},"end":{"line":23,"column":72}},"11":{"start":{"line":25,"column":25},"end":{"line":31,"column":null}},"12":{"start":{"line":34,"column":27},"end":{"line":34,"column":47}},"13":{"start":{"line":36,"column":32},"end":{"line":36,"column":78}},"14":{"start":{"line":38,"column":12},"end":{"line":40,"column":null}},"15":{"start":{"line":39,"column":16},"end":{"line":39,"column":null}},"16":{"start":{"line":42,"column":12},"end":{"line":42,"column":null}},"17":{"start":{"line":44,"column":42},"end":{"line":48,"column":null}},"18":{"start":{"line":50,"column":26},"end":{"line":50,"column":64}},"19":{"start":{"line":52,"column":44},"end":{"line":54,"column":null}},"20":{"start":{"line":56,"column":12},"end":{"line":56,"column":null}},"21":{"start":{"line":59,"column":15},"end":{"line":98,"column":null}},"22":{"start":{"line":59,"column":79},"end":{"line":98,"column":null}},"23":{"start":{"line":60,"column":40},"end":{"line":60,"column":45}},"24":{"start":{"line":62,"column":32},"end":{"line":62,"column":78}},"25":{"start":{"line":64,"column":12},"end":{"line":66,"column":null}},"26":{"start":{"line":65,"column":16},"end":{"line":65,"column":null}},"27":{"start":{"line":68,"column":27},"end":{"line":74,"column":null}},"28":{"start":{"line":77,"column":35},"end":{"line":77,"column":55}},"29":{"start":{"line":79,"column":40},"end":{"line":79,"column":96}},"30":{"start":{"line":81,"column":12},"end":{"line":83,"column":null}},"31":{"start":{"line":82,"column":16},"end":{"line":82,"column":null}},"32":{"start":{"line":85,"column":42},"end":{"line":89,"column":null}},"33":{"start":{"line":91,"column":26},"end":{"line":91,"column":64}},"34":{"start":{"line":93,"column":43},"end":{"line":95,"column":null}},"35":{"start":{"line":97,"column":12},"end":{"line":97,"column":null}},"36":{"start":{"line":10,"column":0},"end":{"line":10,"column":13}}},"fnMap":{"0":{"name":"(anonymous_7)","decl":{"start":{"line":11,"column":4},"end":{"line":11,"column":null}},"loc":{"start":{"line":15,"column":40},"end":{"line":16,"column":11}}},"1":{"name":"(anonymous_8)","decl":{"start":{"line":18,"column":24},"end":{"line":18,"column":31}},"loc":{"start":{"line":18,"column":82},"end":{"line":57,"column":null}}},"2":{"name":"(anonymous_9)","decl":{"start":{"line":18,"column":82},"end":{"line":18,"column":null}},"loc":{"start":{"line":18,"column":82},"end":{"line":57,"column":9}}},"3":{"name":"(anonymous_10)","decl":{"start":{"line":59,"column":23},"end":{"line":59,"column":30}},"loc":{"start":{"line":59,"column":79},"end":{"line":98,"column":null}}},"4":{"name":"(anonymous_11)","decl":{"start":{"line":59,"column":79},"end":{"line":59,"column":null}},"loc":{"start":{"line":59,"column":79},"end":{"line":98,"column":9}}}},"branchMap":{"0":{"loc":{"start":{"line":38,"column":12},"end":{"line":40,"column":null}},"type":"if","locations":[{"start":{"line":38,"column":12},"end":{"line":40,"column":null}}]},"1":{"loc":{"start":{"line":38,"column":15},"end":{"line":38,"column":71}},"type":"binary-expr","locations":[{"start":{"line":38,"column":15},"end":{"line":38,"column":40}},{"start":{"line":38,"column":44},"end":{"line":38,"column":71}}]},"2":{"loc":{"start":{"line":64,"column":12},"end":{"line":66,"column":null}},"type":"if","locations":[{"start":{"line":64,"column":12},"end":{"line":66,"column":null}}]},"3":{"loc":{"start":{"line":81,"column":12},"end":{"line":83,"column":null}},"type":"if","locations":[{"start":{"line":81,"column":12},"end":{"line":83,"column":null}}]}},"s":{"0":2,"1":2,"2":2,"3":2,"4":2,"5":2,"6":2,"7":2,"8":2,"9":2,"10":2,"11":2,"12":2,"13":2,"14":2,"15":1,"16":1,"17":1,"18":1,"19":1,"20":1,"21":2,"22":4,"23":4,"24":4,"25":4,"26":1,"27":3,"28":3,"29":3,"30":3,"31":1,"32":2,"33":2,"34":2,"35":2,"36":2},"f":{"0":2,"1":2,"2":2,"3":4,"4":4},"b":{"0":[1],"1":[2,1],"2":[1],"3":[1]}}
,"C:\\Users\\Rebec\\Desktop\\Labeddit-backend\\src\\database\\BaseDatabase.ts": {"path":"C:\\Users\\Rebec\\Desktop\\Labeddit-backend\\src\\database\\BaseDatabase.ts","statementMap":{"0":{"start":{"line":1,"column":0},"end":{"line":1,"column":27}},"1":{"start":{"line":2,"column":0},"end":{"line":2,"column":27}},"2":{"start":{"line":4,"column":0},"end":{"line":4,"column":null}},"3":{"start":{"line":6,"column":0},"end":{"line":6,"column":22}},"4":{"start":{"line":7,"column":21},"end":{"line":20,"column":null}},"5":{"start":{"line":17,"column":16},"end":{"line":17,"column":null}}},"fnMap":{"0":{"name":"(anonymous_1)","decl":{"start":{"line":16,"column":25},"end":{"line":16,"column":26}},"loc":{"start":{"line":16,"column":48},"end":{"line":18,"column":13}}}},"branchMap":{},"s":{"0":8,"1":8,"2":8,"3":8,"4":8,"5":0},"f":{"0":0},"b":{}}
,"C:\\Users\\Rebec\\Desktop\\Labeddit-backend\\src\\dtos\\commentary\\createCommentary.dto.ts": {"path":"C:\\Users\\Rebec\\Desktop\\Labeddit-backend\\src\\dtos\\commentary\\createCommentary.dto.ts","statementMap":{"0":{"start":{"line":1,"column":0},"end":{"line":1,"column":19}},"1":{"start":{"line":11,"column":13},"end":{"line":15,"column":null}},"2":{"start":{"line":15,"column":21},"end":{"line":15,"column":57}}},"fnMap":{"0":{"name":"(anonymous_1)","decl":{"start":{"line":15,"column":13},"end":{"line":15,"column":17}},"loc":{"start":{"line":15,"column":21},"end":{"line":15,"column":57}}}},"branchMap":{},"s":{"0":1,"1":1,"2":3},"f":{"0":3},"b":{}}
,"C:\\Users\\Rebec\\Desktop\\Labeddit-backend\\src\\dtos\\commentary\\getCommentaryById.dto.ts": {"path":"C:\\Users\\Rebec\\Desktop\\Labeddit-backend\\src\\dtos\\commentary\\getCommentaryById.dto.ts","statementMap":{"0":{"start":{"line":1,"column":0},"end":{"line":1,"column":20}},"1":{"start":{"line":26,"column":13},"end":{"line":31,"column":58}},"2":{"start":{"line":31,"column":23},"end":{"line":31,"column":56}}},"fnMap":{"0":{"name":"(anonymous_1)","decl":{"start":{"line":31,"column":13},"end":{"line":31,"column":14}},"loc":{"start":{"line":31,"column":23},"end":{"line":31,"column":56}}}},"branchMap":{},"s":{"0":1,"1":1,"2":3},"f":{"0":3},"b":{}}
,"C:\\Users\\Rebec\\Desktop\\Labeddit-backend\\src\\dtos\\commentary\\likeDislikeCommentary.dto.ts": {"path":"C:\\Users\\Rebec\\Desktop\\Labeddit-backend\\src\\dtos\\commentary\\likeDislikeCommentary.dto.ts","statementMap":{"0":{"start":{"line":1,"column":0},"end":{"line":1,"column":19}},"1":{"start":{"line":11,"column":13},"end":{"line":15,"column":null}}},"fnMap":{},"branchMap":{},"s":{"0":1,"1":1},"f":{},"b":{}}
,"C:\\Users\\Rebec\\Desktop\\Labeddit-backend\\src\\dtos\\posts\\createPost.dto.ts": {"path":"C:\\Users\\Rebec\\Desktop\\Labeddit-backend\\src\\dtos\\posts\\createPost.dto.ts","statementMap":{"0":{"start":{"line":1,"column":0},"end":{"line":1,"column":19}},"1":{"start":{"line":10,"column":13},"end":{"line":13,"column":null}},"2":{"start":{"line":13,"column":21},"end":{"line":13,"column":47}}},"fnMap":{"0":{"name":"(anonymous_1)","decl":{"start":{"line":13,"column":13},"end":{"line":13,"column":17}},"loc":{"start":{"line":13,"column":21},"end":{"line":13,"column":47}}}},"branchMap":{},"s":{"0":1,"1":1,"2":3},"f":{"0":3},"b":{}}
,"C:\\Users\\Rebec\\Desktop\\Labeddit-backend\\src\\dtos\\posts\\getPosts.dto.ts": {"path":"C:\\Users\\Rebec\\Desktop\\Labeddit-backend\\src\\dtos\\posts\\getPosts.dto.ts","statementMap":{"0":{"start":{"line":1,"column":0},"end":{"line":1,"column":20}},"1":{"start":{"line":16,"column":13},"end":{"line":20,"column":49}},"2":{"start":{"line":20,"column":23},"end":{"line":20,"column":47}}},"fnMap":{"0":{"name":"(anonymous_1)","decl":{"start":{"line":20,"column":13},"end":{"line":20,"column":14}},"loc":{"start":{"line":20,"column":23},"end":{"line":20,"column":47}}}},"branchMap":{},"s":{"0":1,"1":1,"2":2},"f":{"0":2},"b":{}}
,"C:\\Users\\Rebec\\Desktop\\Labeddit-backend\\src\\dtos\\posts\\likeDislike.dto.ts": {"path":"C:\\Users\\Rebec\\Desktop\\Labeddit-backend\\src\\dtos\\posts\\likeDislike.dto.ts","statementMap":{"0":{"start":{"line":1,"column":0},"end":{"line":1,"column":19}},"1":{"start":{"line":11,"column":13},"end":{"line":15,"column":null}}},"fnMap":{},"branchMap":{},"s":{"0":1,"1":1},"f":{},"b":{}}
,"C:\\Users\\Rebec\\Desktop\\Labeddit-backend\\src\\dtos\\user\\login.dto.ts": {"path":"C:\\Users\\Rebec\\Desktop\\Labeddit-backend\\src\\dtos\\user\\login.dto.ts","statementMap":{"0":{"start":{"line":1,"column":0},"end":{"line":1,"column":19}},"1":{"start":{"line":12,"column":13},"end":{"line":15,"column":null}},"2":{"start":{"line":15,"column":21},"end":{"line":15,"column":42}}},"fnMap":{"0":{"name":"(anonymous_1)","decl":{"start":{"line":15,"column":13},"end":{"line":15,"column":17}},"loc":{"start":{"line":15,"column":21},"end":{"line":15,"column":42}}}},"branchMap":{},"s":{"0":1,"1":1,"2":4},"f":{"0":4},"b":{}}
,"C:\\Users\\Rebec\\Desktop\\Labeddit-backend\\src\\dtos\\user\\signup.dto.ts": {"path":"C:\\Users\\Rebec\\Desktop\\Labeddit-backend\\src\\dtos\\user\\signup.dto.ts","statementMap":{"0":{"start":{"line":1,"column":0},"end":{"line":1,"column":19}},"1":{"start":{"line":13,"column":13},"end":{"line":17,"column":null}},"2":{"start":{"line":17,"column":21},"end":{"line":17,"column":43}}},"fnMap":{"0":{"name":"(anonymous_1)","decl":{"start":{"line":17,"column":13},"end":{"line":17,"column":17}},"loc":{"start":{"line":17,"column":21},"end":{"line":17,"column":43}}}},"branchMap":{},"s":{"0":1,"1":1,"2":2},"f":{"0":2},"b":{}}
,"C:\\Users\\Rebec\\Desktop\\Labeddit-backend\\src\\errors\\BadRequestError.ts": {"path":"C:\\Users\\Rebec\\Desktop\\Labeddit-backend\\src\\errors\\BadRequestError.ts","statementMap":{"0":{"start":{"line":1,"column":0},"end":{"line":1,"column":40}},"1":{"start":{"line":7,"column":8},"end":{"line":7,"column":null}},"2":{"start":{"line":3,"column":0},"end":{"line":3,"column":13}}},"fnMap":{"0":{"name":"(anonymous_0)","decl":{"start":{"line":4,"column":4},"end":{"line":4,"column":null}},"loc":{"start":{"line":5,"column":47},"end":{"line":8,"column":5}}}},"branchMap":{"0":{"loc":{"start":{"line":5,"column":8},"end":{"line":5,"column":47}},"type":"default-arg","locations":[{"start":{"line":5,"column":26},"end":{"line":5,"column":47}}]}},"s":{"0":8,"1":5,"2":8},"f":{"0":5},"b":{"0":[1]}}
,"C:\\Users\\Rebec\\Desktop\\Labeddit-backend\\src\\errors\\BaseError.ts": {"path":"C:\\Users\\Rebec\\Desktop\\Labeddit-backend\\src\\errors\\BaseError.ts","statementMap":{"0":{"start":{"line":6,"column":8},"end":{"line":6,"column":null}},"1":{"start":{"line":3,"column":15},"end":{"line":3,"column":33}},"2":{"start":{"line":1,"column":0},"end":{"line":1,"column":22}}},"fnMap":{"0":{"name":"(anonymous_0)","decl":{"start":{"line":2,"column":4},"end":{"line":2,"column":null}},"loc":{"start":{"line":4,"column":23},"end":{"line":7,"column":5}}}},"branchMap":{},"s":{"0":13,"1":13,"2":8},"f":{"0":13},"b":{}}
,"C:\\Users\\Rebec\\Desktop\\Labeddit-backend\\src\\errors\\ConflictError.ts": {"path":"C:\\Users\\Rebec\\Desktop\\Labeddit-backend\\src\\errors\\ConflictError.ts","statementMap":{"0":{"start":{"line":1,"column":0},"end":{"line":1,"column":40}},"1":{"start":{"line":7,"column":8},"end":{"line":7,"column":null}},"2":{"start":{"line":3,"column":0},"end":{"line":3,"column":13}}},"fnMap":{"0":{"name":"(anonymous_0)","decl":{"start":{"line":4,"column":4},"end":{"line":4,"column":null}},"loc":{"start":{"line":5,"column":71},"end":{"line":8,"column":5}}}},"branchMap":{"0":{"loc":{"start":{"line":5,"column":8},"end":{"line":5,"column":71}},"type":"default-arg","locations":[{"start":{"line":5,"column":26},"end":{"line":5,"column":71}}]}},"s":{"0":3,"1":1,"2":3},"f":{"0":1},"b":{"0":[0]}}
,"C:\\Users\\Rebec\\Desktop\\Labeddit-backend\\src\\errors\\NotFoundError.ts": {"path":"C:\\Users\\Rebec\\Desktop\\Labeddit-backend\\src\\errors\\NotFoundError.ts","statementMap":{"0":{"start":{"line":1,"column":0},"end":{"line":1,"column":40}},"1":{"start":{"line":7,"column":8},"end":{"line":7,"column":null}},"2":{"start":{"line":3,"column":0},"end":{"line":3,"column":13}}},"fnMap":{"0":{"name":"(anonymous_0)","decl":{"start":{"line":4,"column":4},"end":{"line":4,"column":null}},"loc":{"start":{"line":5,"column":50},"end":{"line":8,"column":5}}}},"branchMap":{"0":{"loc":{"start":{"line":5,"column":8},"end":{"line":5,"column":50}},"type":"default-arg","locations":[{"start":{"line":5,"column":26},"end":{"line":5,"column":50}}]}},"s":{"0":3,"1":1,"2":3},"f":{"0":1},"b":{"0":[0]}}
,"C:\\Users\\Rebec\\Desktop\\Labeddit-backend\\src\\errors\\UnauthorizedError.ts": {"path":"C:\\Users\\Rebec\\Desktop\\Labeddit-backend\\src\\errors\\UnauthorizedError.ts","statementMap":{"0":{"start":{"line":1,"column":0},"end":{"line":1,"column":40}},"1":{"start":{"line":7,"column":8},"end":{"line":7,"column":null}},"2":{"start":{"line":3,"column":0},"end":{"line":3,"column":13}}},"fnMap":{"0":{"name":"(anonymous_0)","decl":{"start":{"line":4,"column":4},"end":{"line":4,"column":null}},"loc":{"start":{"line":5,"column":42},"end":{"line":8,"column":5}}}},"branchMap":{"0":{"loc":{"start":{"line":5,"column":8},"end":{"line":5,"column":42}},"type":"default-arg","locations":[{"start":{"line":5,"column":26},"end":{"line":5,"column":42}}]}},"s":{"0":6,"1":6,"2":6},"f":{"0":6},"b":{"0":[3]}}
,"C:\\Users\\Rebec\\Desktop\\Labeddit-backend\\src\\models\\Commentary.ts": {"path":"C:\\Users\\Rebec\\Desktop\\Labeddit-backend\\src\\models\\Commentary.ts","statementMap":{"0":{"start":{"line":3,"column":0},"end":{"line":3,"column":null}},"1":{"start":{"line":4,"column":2},"end":{"line":4,"column":null}},"2":{"start":{"line":5,"column":2},"end":{"line":5,"column":null}},"3":{"start":{"line":90,"column":12},"end":{"line":90,"column":22}},"4":{"start":{"line":91,"column":12},"end":{"line":91,"column":29}},"5":{"start":{"line":92,"column":12},"end":{"line":92,"column":26}},"6":{"start":{"line":93,"column":12},"end":{"line":93,"column":27}},"7":{"start":{"line":94,"column":12},"end":{"line":94,"column":24}},"8":{"start":{"line":95,"column":12},"end":{"line":95,"column":27}},"9":{"start":{"line":96,"column":12},"end":{"line":96,"column":29}},"10":{"start":{"line":97,"column":12},"end":{"line":97,"column":38}},"11":{"start":{"line":98,"column":12},"end":{"line":98,"column":51}},"12":{"start":{"line":137,"column":9},"end":{"line":137,"column":null}},"13":{"start":{"line":137,"column":25},"end":{"line":137,"column":36}},"14":{"start":{"line":138,"column":9},"end":{"line":138,"column":null}},"15":{"start":{"line":138,"column":28},"end":{"line":138,"column":42}},"16":{"start":{"line":139,"column":9},"end":{"line":139,"column":null}},"17":{"start":{"line":139,"column":28},"end":{"line":139,"column":39}},"18":{"start":{"line":140,"column":9},"end":{"line":140,"column":null}},"19":{"start":{"line":140,"column":31},"end":{"line":140,"column":45}},"20":{"start":{"line":102,"column":4},"end":{"line":102,"column":19}},"21":{"start":{"line":106,"column":4},"end":{"line":106,"column":26}},"22":{"start":{"line":114,"column":4},"end":{"line":114,"column":24}},"23":{"start":{"line":118,"column":4},"end":{"line":118,"column":21}},"24":{"start":{"line":122,"column":4},"end":{"line":122,"column":24}},"25":{"start":{"line":130,"column":4},"end":{"line":130,"column":34}},"26":{"start":{"line":134,"column":4},"end":{"line":134,"column":28}},"27":{"start":{"line":143,"column":4},"end":{"line":151,"column":6}},"28":{"start":{"line":88,"column":0},"end":{"line":88,"column":13}}},"fnMap":{"0":{"name":"(anonymous_0)","decl":{"start":{"line":3,"column":0},"end":{"line":3,"column":12}},"loc":{"start":{"line":3,"column":27},"end":{"line":6,"column":1}}},"1":{"name":"(anonymous_1)","decl":{"start":{"line":89,"column":2},"end":{"line":89,"column":null}},"loc":{"start":{"line":98,"column":51},"end":{"line":99,"column":6}}},"2":{"name":"(anonymous_2)","decl":{"start":{"line":137,"column":19},"end":{"line":137,"column":22}},"loc":{"start":{"line":137,"column":25},"end":{"line":137,"column":36}}},"3":{"name":"(anonymous_3)","decl":{"start":{"line":138,"column":22},"end":{"line":138,"column":25}},"loc":{"start":{"line":138,"column":28},"end":{"line":138,"column":42}}},"4":{"name":"(anonymous_4)","decl":{"start":{"line":139,"column":22},"end":{"line":139,"column":25}},"loc":{"start":{"line":139,"column":28},"end":{"line":139,"column":39}}},"5":{"name":"(anonymous_5)","decl":{"start":{"line":140,"column":25},"end":{"line":140,"column":28}},"loc":{"start":{"line":140,"column":31},"end":{"line":140,"column":45}}},"6":{"name":"(anonymous_6)","decl":{"start":{"line":101,"column":2},"end":{"line":101,"column":7}},"loc":{"start":{"line":101,"column":7},"end":{"line":103,"column":3}}},"7":{"name":"(anonymous_7)","decl":{"start":{"line":105,"column":2},"end":{"line":105,"column":14}},"loc":{"start":{"line":105,"column":14},"end":{"line":107,"column":3}}},"8":{"name":"(anonymous_8)","decl":{"start":{"line":113,"column":2},"end":{"line":113,"column":12}},"loc":{"start":{"line":113,"column":12},"end":{"line":115,"column":3}}},"9":{"name":"(anonymous_9)","decl":{"start":{"line":117,"column":2},"end":{"line":117,"column":9}},"loc":{"start":{"line":117,"column":9},"end":{"line":119,"column":3}}},"10":{"name":"(anonymous_10)","decl":{"start":{"line":121,"column":2},"end":{"line":121,"column":12}},"loc":{"start":{"line":121,"column":12},"end":{"line":123,"column":3}}},"11":{"name":"(anonymous_11)","decl":{"start":{"line":129,"column":2},"end":{"line":129,"column":22}},"loc":{"start":{"line":129,"column":22},"end":{"line":131,"column":3}}},"12":{"name":"(anonymous_12)","decl":{"start":{"line":133,"column":2},"end":{"line":133,"column":16}},"loc":{"start":{"line":133,"column":16},"end":{"line":135,"column":3}}},"13":{"name":"(anonymous_13)","decl":{"start":{"line":142,"column":9},"end":{"line":142,"column":23}},"loc":{"start":{"line":142,"column":23},"end":{"line":152,"column":3}}}},"branchMap":{"0":{"loc":{"start":{"line":3,"column":12},"end":{"line":3,"column":null}},"type":"binary-expr","locations":[{"start":{"line":3,"column":12},"end":{"line":3,"column":27}},{"start":{"line":3,"column":27},"end":{"line":3,"column":null}}]}},"s":{"0":3,"1":3,"2":3,"3":9,"4":9,"5":9,"6":9,"7":9,"8":9,"9":9,"10":9,"11":9,"12":9,"13":2,"14":9,"15":2,"16":9,"17":2,"18":9,"19":2,"20":3,"21":1,"22":1,"23":1,"24":1,"25":1,"26":12,"27":7,"28":3},"f":{"0":3,"1":9,"2":2,"3":2,"4":2,"5":2,"6":3,"7":1,"8":1,"9":1,"10":1,"11":1,"12":12,"13":7},"b":{"0":[3,3]}}
,"C:\\Users\\Rebec\\Desktop\\Labeddit-backend\\src\\models\\Posts.ts": {"path":"C:\\Users\\Rebec\\Desktop\\Labeddit-backend\\src\\models\\Posts.ts","statementMap":{"0":{"start":{"line":1,"column":0},"end":{"line":1,"column":null}},"1":{"start":{"line":2,"column":2},"end":{"line":2,"column":null}},"2":{"start":{"line":3,"column":2},"end":{"line":3,"column":null}},"3":{"start":{"line":48,"column":12},"end":{"line":48,"column":22}},"4":{"start":{"line":49,"column":12},"end":{"line":49,"column":29}},"5":{"start":{"line":50,"column":12},"end":{"line":50,"column":27}},"6":{"start":{"line":51,"column":12},"end":{"line":51,"column":24}},"7":{"start":{"line":52,"column":12},"end":{"line":52,"column":27}},"8":{"start":{"line":53,"column":12},"end":{"line":53,"column":28}},"9":{"start":{"line":54,"column":12},"end":{"line":54,"column":29}},"10":{"start":{"line":55,"column":12},"end":{"line":55,"column":29}},"11":{"start":{"line":56,"column":12},"end":{"line":56,"column":24}},"12":{"start":{"line":83,"column":9},"end":{"line":83,"column":null}},"13":{"start":{"line":83,"column":25},"end":{"line":83,"column":36}},"14":{"start":{"line":84,"column":9},"end":{"line":84,"column":null}},"15":{"start":{"line":84,"column":28},"end":{"line":84,"column":42}},"16":{"start":{"line":85,"column":9},"end":{"line":85,"column":null}},"17":{"start":{"line":85,"column":28},"end":{"line":85,"column":39}},"18":{"start":{"line":86,"column":9},"end":{"line":86,"column":null}},"19":{"start":{"line":86,"column":31},"end":{"line":86,"column":45}},"20":{"start":{"line":60,"column":4},"end":{"line":69,"column":6}},"21":{"start":{"line":73,"column":4},"end":{"line":80,"column":6}},"22":{"start":{"line":46,"column":0},"end":{"line":46,"column":13}}},"fnMap":{"0":{"name":"(anonymous_0)","decl":{"start":{"line":1,"column":0},"end":{"line":1,"column":12}},"loc":{"start":{"line":1,"column":21},"end":{"line":4,"column":1}}},"1":{"name":"(anonymous_1)","decl":{"start":{"line":47,"column":2},"end":{"line":47,"column":null}},"loc":{"start":{"line":56,"column":24},"end":{"line":57,"column":6}}},"2":{"name":"(anonymous_2)","decl":{"start":{"line":83,"column":19},"end":{"line":83,"column":22}},"loc":{"start":{"line":83,"column":25},"end":{"line":83,"column":36}}},"3":{"name":"(anonymous_3)","decl":{"start":{"line":84,"column":22},"end":{"line":84,"column":25}},"loc":{"start":{"line":84,"column":28},"end":{"line":84,"column":42}}},"4":{"name":"(anonymous_4)","decl":{"start":{"line":85,"column":22},"end":{"line":85,"column":25}},"loc":{"start":{"line":85,"column":28},"end":{"line":85,"column":39}}},"5":{"name":"(anonymous_5)","decl":{"start":{"line":86,"column":25},"end":{"line":86,"column":28}},"loc":{"start":{"line":86,"column":31},"end":{"line":86,"column":45}}},"6":{"name":"(anonymous_6)","decl":{"start":{"line":59,"column":9},"end":{"line":59,"column":18}},"loc":{"start":{"line":59,"column":18},"end":{"line":70,"column":3}}},"7":{"name":"(anonymous_7)","decl":{"start":{"line":72,"column":9},"end":{"line":72,"column":34}},"loc":{"start":{"line":72,"column":34},"end":{"line":81,"column":3}}}},"branchMap":{"0":{"loc":{"start":{"line":1,"column":12},"end":{"line":1,"column":null}},"type":"binary-expr","locations":[{"start":{"line":1,"column":12},"end":{"line":1,"column":21}},{"start":{"line":1,"column":21},"end":{"line":1,"column":null}}]}},"s":{"0":3,"1":3,"2":3,"3":10,"4":10,"5":10,"6":10,"7":10,"8":10,"9":10,"10":10,"11":10,"12":10,"13":2,"14":10,"15":2,"16":10,"17":2,"18":10,"19":2,"20":8,"21":2,"22":3},"f":{"0":3,"1":10,"2":2,"3":2,"4":2,"5":2,"6":8,"7":2},"b":{"0":[3,3]}}
,"C:\\Users\\Rebec\\Desktop\\Labeddit-backend\\src\\models\\User.ts": {"path":"C:\\Users\\Rebec\\Desktop\\Labeddit-backend\\src\\models\\User.ts","statementMap":{"0":{"start":{"line":1,"column":0},"end":{"line":1,"column":null}},"1":{"start":{"line":2,"column":4},"end":{"line":2,"column":null}},"2":{"start":{"line":3,"column":4},"end":{"line":3,"column":null}},"3":{"start":{"line":31,"column":16},"end":{"line":31,"column":26}},"4":{"start":{"line":32,"column":16},"end":{"line":32,"column":28}},"5":{"start":{"line":33,"column":16},"end":{"line":33,"column":29}},"6":{"start":{"line":34,"column":16},"end":{"line":34,"column":32}},"7":{"start":{"line":35,"column":16},"end":{"line":35,"column":32}},"8":{"start":{"line":36,"column":16},"end":{"line":36,"column":33}},"9":{"start":{"line":50,"column":11},"end":{"line":50,"column":null}},"10":{"start":{"line":50,"column":33},"end":{"line":50,"column":40}},"11":{"start":{"line":52,"column":11},"end":{"line":52,"column":null}},"12":{"start":{"line":52,"column":35},"end":{"line":52,"column":44}},"13":{"start":{"line":54,"column":11},"end":{"line":54,"column":null}},"14":{"start":{"line":54,"column":39},"end":{"line":54,"column":48}},"15":{"start":{"line":56,"column":11},"end":{"line":56,"column":null}},"16":{"start":{"line":56,"column":39},"end":{"line":56,"column":52}},"17":{"start":{"line":40,"column":8},"end":{"line":47,"column":null}},"18":{"start":{"line":29,"column":0},"end":{"line":29,"column":13}}},"fnMap":{"0":{"name":"(anonymous_0)","decl":{"start":{"line":1,"column":0},"end":{"line":1,"column":12}},"loc":{"start":{"line":1,"column":22},"end":{"line":4,"column":1}}},"1":{"name":"(anonymous_1)","decl":{"start":{"line":30,"column":4},"end":{"line":30,"column":null}},"loc":{"start":{"line":36,"column":33},"end":{"line":37,"column":8}}},"2":{"name":"(anonymous_2)","decl":{"start":{"line":50,"column":19},"end":{"line":50,"column":30}},"loc":{"start":{"line":50,"column":33},"end":{"line":50,"column":40}}},"3":{"name":"(anonymous_3)","decl":{"start":{"line":52,"column":21},"end":{"line":52,"column":32}},"loc":{"start":{"line":52,"column":35},"end":{"line":52,"column":44}}},"4":{"name":"(anonymous_4)","decl":{"start":{"line":54,"column":21},"end":{"line":54,"column":36}},"loc":{"start":{"line":54,"column":39},"end":{"line":54,"column":48}}},"5":{"name":"(anonymous_5)","decl":{"start":{"line":56,"column":25},"end":{"line":56,"column":36}},"loc":{"start":{"line":56,"column":39},"end":{"line":56,"column":52}}},"6":{"name":"(anonymous_6)","decl":{"start":{"line":39,"column":11},"end":{"line":39,"column":24}},"loc":{"start":{"line":39,"column":24},"end":{"line":48,"column":5}}}},"branchMap":{"0":{"loc":{"start":{"line":1,"column":12},"end":{"line":1,"column":null}},"type":"binary-expr","locations":[{"start":{"line":1,"column":12},"end":{"line":1,"column":22}},{"start":{"line":1,"column":22},"end":{"line":1,"column":null}}]}},"s":{"0":8,"1":8,"2":8,"3":5,"4":5,"5":5,"6":5,"7":5,"8":5,"9":5,"10":3,"11":5,"12":3,"13":5,"14":3,"15":5,"16":3,"17":2,"18":8},"f":{"0":8,"1":5,"2":3,"3":3,"4":3,"5":3,"6":2},"b":{"0":[8,8]}}
,"C:\\Users\\Rebec\\Desktop\\Labeddit-backend\\tests\\mocks\\CommentaryDatabaseMock.ts": {"path":"C:\\Users\\Rebec\\Desktop\\Labeddit-backend\\tests\\mocks\\CommentaryDatabaseMock.ts","statementMap":{"0":{"start":{"line":1,"column":0},"end":{"line":1,"column":null}},"1":{"start":{"line":9,"column":0},"end":{"line":9,"column":63}},"2":{"start":{"line":10,"column":0},"end":{"line":10,"column":59}},"3":{"start":{"line":12,"column":28},"end":{"line":29,"column":2}},"4":{"start":{"line":31,"column":29},"end":{"line":62,"column":2}},"5":{"start":{"line":64,"column":39},"end":{"line":91,"column":2}},"6":{"start":{"line":93,"column":61},"end":{"line":104,"column":null}},"7":{"start":{"line":112,"column":9},"end":{"line":116,"column":4}},"8":{"start":{"line":112,"column":75},"end":{"line":116,"column":4}},"9":{"start":{"line":113,"column":21},"end":{"line":113,"column":63}},"10":{"start":{"line":113,"column":48},"end":{"line":113,"column":62}},"11":{"start":{"line":115,"column":4},"end":{"line":115,"column":18}},"12":{"start":{"line":118,"column":9},"end":{"line":120,"column":25}},"13":{"start":{"line":120,"column":21},"end":{"line":120,"column":25}},"14":{"start":{"line":122,"column":9},"end":{"line":162,"column":4}},"15":{"start":{"line":124,"column":49},"end":{"line":162,"column":4}},"16":{"start":{"line":126,"column":28},"end":{"line":157,"column":6}},"17":{"start":{"line":127,"column":22},"end":{"line":127,"column":77}},"18":{"start":{"line":127,"column":49},"end":{"line":127,"column":76}},"19":{"start":{"line":128,"column":29},"end":{"line":129,"column":null}},"20":{"start":{"line":129,"column":24},"end":{"line":129,"column":54}},"21":{"start":{"line":132,"column":6},"end":{"line":141,"column":null}},"22":{"start":{"line":133,"column":8},"end":{"line":140,"column":10}},"23":{"start":{"line":143,"column":6},"end":{"line":156,"column":8}},"24":{"start":{"line":159,"column":19},"end":{"line":159,"column":67}},"25":{"start":{"line":159,"column":52},"end":{"line":159,"column":66}},"26":{"start":{"line":161,"column":4},"end":{"line":161,"column":18}},"27":{"start":{"line":164,"column":9},"end":{"line":186,"column":4}},"28":{"start":{"line":166,"column":41},"end":{"line":186,"column":4}},"29":{"start":{"line":168,"column":35},"end":{"line":181,"column":6}},"30":{"start":{"line":169,"column":21},"end":{"line":169,"column":80}},"31":{"start":{"line":169,"column":46},"end":{"line":169,"column":79}},"32":{"start":{"line":171,"column":6},"end":{"line":180,"column":null}},"33":{"start":{"line":183,"column":21},"end":{"line":183,"column":74}},"34":{"start":{"line":183,"column":59},"end":{"line":183,"column":73}},"35":{"start":{"line":185,"column":4},"end":{"line":185,"column":18}},"36":{"start":{"line":188,"column":9},"end":{"line":204,"column":4}},"37":{"start":{"line":190,"column":44},"end":{"line":204,"column":4}},"38":{"start":{"line":192,"column":19},"end":{"line":194,"column":null}},"39":{"start":{"line":193,"column":6},"end":{"line":194,"column":66}},"40":{"start":{"line":197,"column":3},"end":{"line":203,"column":null}},"41":{"start":{"line":198,"column":6},"end":{"line":198,"column":23}},"42":{"start":{"line":199,"column":11},"end":{"line":203,"column":null}},"43":{"start":{"line":200,"column":6},"end":{"line":200,"column":43}},"44":{"start":{"line":202,"column":6},"end":{"line":202,"column":46}},"45":{"start":{"line":206,"column":9},"end":{"line":208,"column":25}},"46":{"start":{"line":208,"column":21},"end":{"line":208,"column":25}},"47":{"start":{"line":210,"column":9},"end":{"line":212,"column":25}},"48":{"start":{"line":212,"column":21},"end":{"line":212,"column":25}},"49":{"start":{"line":214,"column":9},"end":{"line":216,"column":25}},"50":{"start":{"line":216,"column":21},"end":{"line":216,"column":25}},"51":{"start":{"line":218,"column":9},"end":{"line":220,"column":25}},"52":{"start":{"line":220,"column":21},"end":{"line":220,"column":25}},"53":{"start":{"line":222,"column":9},"end":{"line":222,"column":75}},"54":{"start":{"line":222,"column":71},"end":{"line":222,"column":75}},"55":{"start":{"line":106,"column":0},"end":{"line":106,"column":13}},"56":{"start":{"line":107,"column":9},"end":{"line":107,"column":23}},"57":{"start":{"line":108,"column":9},"end":{"line":108,"column":23}},"58":{"start":{"line":109,"column":9},"end":{"line":109,"column":28}},"59":{"start":{"line":110,"column":9},"end":{"line":110,"column":32}}},"fnMap":{"0":{"name":"(anonymous_7)","decl":{"start":{"line":106,"column":0},"end":{"line":106,"column":13}},"loc":{"start":{"line":106,"column":0},"end":{"line":223,"column":1}}},"1":{"name":"(anonymous_8)","decl":{"start":{"line":112,"column":24},"end":{"line":112,"column":31}},"loc":{"start":{"line":112,"column":75},"end":{"line":116,"column":4}}},"2":{"name":"(anonymous_9)","decl":{"start":{"line":112,"column":75},"end":{"line":112,"column":null}},"loc":{"start":{"line":112,"column":75},"end":{"line":116,"column":3}}},"3":{"name":"(anonymous_10)","decl":{"start":{"line":113,"column":38},"end":{"line":113,"column":39}},"loc":{"start":{"line":113,"column":48},"end":{"line":113,"column":62}}},"4":{"name":"(anonymous_11)","decl":{"start":{"line":118,"column":28},"end":{"line":118,"column":null}},"loc":{"start":{"line":120,"column":21},"end":{"line":120,"column":25}}},"5":{"name":"(anonymous_12)","decl":{"start":{"line":120,"column":21},"end":{"line":120,"column":23}},"loc":{"start":{"line":120,"column":21},"end":{"line":120,"column":24}}},"6":{"name":"(anonymous_13)","decl":{"start":{"line":122,"column":37},"end":{"line":122,"column":null}},"loc":{"start":{"line":124,"column":49},"end":{"line":162,"column":4}}},"7":{"name":"(anonymous_14)","decl":{"start":{"line":124,"column":49},"end":{"line":124,"column":null}},"loc":{"start":{"line":124,"column":49},"end":{"line":162,"column":3}}},"8":{"name":"(anonymous_15)","decl":{"start":{"line":126,"column":42},"end":{"line":126,"column":43}},"loc":{"start":{"line":126,"column":51},"end":{"line":157,"column":5}}},"9":{"name":"(anonymous_16)","decl":{"start":{"line":127,"column":39},"end":{"line":127,"column":40}},"loc":{"start":{"line":127,"column":49},"end":{"line":127,"column":76}}},"10":{"name":"(anonymous_17)","decl":{"start":{"line":129,"column":8},"end":{"line":129,"column":9}},"loc":{"start":{"line":129,"column":24},"end":{"line":129,"column":54}}},"11":{"name":"(anonymous_18)","decl":{"start":{"line":159,"column":42},"end":{"line":159,"column":43}},"loc":{"start":{"line":159,"column":52},"end":{"line":159,"column":66}}},"12":{"name":"(anonymous_19)","decl":{"start":{"line":164,"column":44},"end":{"line":164,"column":null}},"loc":{"start":{"line":166,"column":41},"end":{"line":186,"column":4}}},"13":{"name":"(anonymous_20)","decl":{"start":{"line":166,"column":41},"end":{"line":166,"column":null}},"loc":{"start":{"line":166,"column":41},"end":{"line":186,"column":3}}},"14":{"name":"(anonymous_21)","decl":{"start":{"line":168,"column":54},"end":{"line":168,"column":64}},"loc":{"start":{"line":168,"column":67},"end":{"line":181,"column":5}}},"15":{"name":"(anonymous_22)","decl":{"start":{"line":169,"column":38},"end":{"line":169,"column":42}},"loc":{"start":{"line":169,"column":46},"end":{"line":169,"column":79}}},"16":{"name":"(anonymous_23)","decl":{"start":{"line":183,"column":51},"end":{"line":183,"column":55}},"loc":{"start":{"line":183,"column":59},"end":{"line":183,"column":73}}},"17":{"name":"(anonymous_24)","decl":{"start":{"line":188,"column":27},"end":{"line":188,"column":null}},"loc":{"start":{"line":190,"column":44},"end":{"line":204,"column":4}}},"18":{"name":"(anonymous_25)","decl":{"start":{"line":190,"column":44},"end":{"line":190,"column":null}},"loc":{"start":{"line":190,"column":44},"end":{"line":204,"column":3}}},"19":{"name":"(anonymous_26)","decl":{"start":{"line":192,"column":50},"end":{"line":192,"column":54}},"loc":{"start":{"line":193,"column":6},"end":{"line":194,"column":66}}},"20":{"name":"(anonymous_27)","decl":{"start":{"line":206,"column":29},"end":{"line":206,"column":null}},"loc":{"start":{"line":208,"column":21},"end":{"line":208,"column":25}}},"21":{"name":"(anonymous_28)","decl":{"start":{"line":208,"column":21},"end":{"line":208,"column":23}},"loc":{"start":{"line":208,"column":21},"end":{"line":208,"column":24}}},"22":{"name":"(anonymous_29)","decl":{"start":{"line":210,"column":29},"end":{"line":210,"column":null}},"loc":{"start":{"line":212,"column":21},"end":{"line":212,"column":25}}},"23":{"name":"(anonymous_30)","decl":{"start":{"line":212,"column":21},"end":{"line":212,"column":23}},"loc":{"start":{"line":212,"column":21},"end":{"line":212,"column":24}}},"24":{"name":"(anonymous_31)","decl":{"start":{"line":214,"column":29},"end":{"line":214,"column":null}},"loc":{"start":{"line":216,"column":21},"end":{"line":216,"column":25}}},"25":{"name":"(anonymous_32)","decl":{"start":{"line":216,"column":21},"end":{"line":216,"column":23}},"loc":{"start":{"line":216,"column":21},"end":{"line":216,"column":24}}},"26":{"name":"(anonymous_33)","decl":{"start":{"line":218,"column":28},"end":{"line":218,"column":null}},"loc":{"start":{"line":220,"column":21},"end":{"line":220,"column":25}}},"27":{"name":"(anonymous_34)","decl":{"start":{"line":220,"column":21},"end":{"line":220,"column":23}},"loc":{"start":{"line":220,"column":21},"end":{"line":220,"column":24}}},"28":{"name":"(anonymous_35)","decl":{"start":{"line":222,"column":35},"end":{"line":222,"column":42}},"loc":{"start":{"line":222,"column":71},"end":{"line":222,"column":75}}},"29":{"name":"(anonymous_36)","decl":{"start":{"line":222,"column":71},"end":{"line":222,"column":73}},"loc":{"start":{"line":222,"column":71},"end":{"line":222,"column":74}}}},"branchMap":{"0":{"loc":{"start":{"line":132,"column":6},"end":{"line":141,"column":null}},"type":"if","locations":[{"start":{"line":132,"column":6},"end":{"line":141,"column":null}}]},"1":{"loc":{"start":{"line":193,"column":6},"end":{"line":194,"column":66}},"type":"binary-expr","locations":[{"start":{"line":193,"column":6},"end":{"line":193,"column":54}},{"start":{"line":194,"column":6},"end":{"line":194,"column":66}}]},"2":{"loc":{"start":{"line":197,"column":3},"end":{"line":203,"column":null}},"type":"if","locations":[{"start":{"line":197,"column":3},"end":{"line":203,"column":null}},{"start":{"line":199,"column":11},"end":{"line":203,"column":null}}]},"3":{"loc":{"start":{"line":199,"column":11},"end":{"line":203,"column":null}},"type":"if","locations":[{"start":{"line":199,"column":11},"end":{"line":203,"column":null}},{"start":{"line":201,"column":11},"end":{"line":203,"column":null}}]}},"s":{"0":3,"1":3,"2":3,"3":3,"4":3,"5":3,"6":3,"7":3,"8":2,"9":2,"10":6,"11":2,"12":3,"13":1,"14":3,"15":2,"16":2,"17":6,"18":12,"19":6,"20":18,"21":6,"22":2,"23":4,"24":2,"25":6,"26":2,"27":3,"28":7,"29":7,"30":21,"31":42,"32":21,"33":7,"34":21,"35":7,"36":3,"37":6,"38":6,"39":10,"40":6,"41":2,"42":4,"43":2,"44":2,"45":3,"46":2,"47":3,"48":2,"49":3,"50":2,"51":3,"52":6,"53":3,"54":1,"55":3,"56":3,"57":3,"58":3,"59":3},"f":{"0":3,"1":2,"2":2,"3":6,"4":1,"5":1,"6":2,"7":2,"8":6,"9":12,"10":18,"11":6,"12":7,"13":7,"14":21,"15":42,"16":21,"17":6,"18":6,"19":10,"20":2,"21":2,"22":2,"23":2,"24":2,"25":2,"26":6,"27":6,"28":1,"29":1},"b":{"0":[2],"1":[10,10],"2":[2,4],"3":[2,2]}}
,"C:\\Users\\Rebec\\Desktop\\Labeddit-backend\\tests\\mocks\\HashManagerMock.ts": {"path":"C:\\Users\\Rebec\\Desktop\\Labeddit-backend\\tests\\mocks\\HashManagerMock.ts","statementMap":{"0":{"start":{"line":2,"column":11},"end":{"line":4,"column":null}},"1":{"start":{"line":2,"column":63},"end":{"line":4,"column":null}},"2":{"start":{"line":3,"column":8},"end":{"line":3,"column":null}},"3":{"start":{"line":6,"column":11},"end":{"line":15,"column":null}},"4":{"start":{"line":6,"column":81},"end":{"line":15,"column":null}},"5":{"start":{"line":7,"column":8},"end":{"line":14,"column":null}},"6":{"start":{"line":9,"column":16},"end":{"line":9,"column":null}},"7":{"start":{"line":11,"column":16},"end":{"line":11,"column":null}},"8":{"start":{"line":13,"column":16},"end":{"line":13,"column":null}},"9":{"start":{"line":1,"column":0},"end":{"line":1,"column":13}}},"fnMap":{"0":{"name":"(anonymous_7)","decl":{"start":{"line":1,"column":0},"end":{"line":1,"column":13}},"loc":{"start":{"line":1,"column":0},"end":{"line":16,"column":1}}},"1":{"name":"(anonymous_8)","decl":{"start":{"line":2,"column":18},"end":{"line":2,"column":25}},"loc":{"start":{"line":2,"column":63},"end":{"line":4,"column":null}}},"2":{"name":"(anonymous_9)","decl":{"start":{"line":2,"column":63},"end":{"line":2,"column":null}},"loc":{"start":{"line":2,"column":63},"end":{"line":4,"column":5}}},"3":{"name":"(anonymous_10)","decl":{"start":{"line":6,"column":21},"end":{"line":6,"column":28}},"loc":{"start":{"line":6,"column":81},"end":{"line":15,"column":null}}},"4":{"name":"(anonymous_11)","decl":{"start":{"line":6,"column":81},"end":{"line":6,"column":null}},"loc":{"start":{"line":6,"column":81},"end":{"line":15,"column":5}}}},"branchMap":{"0":{"loc":{"start":{"line":7,"column":8},"end":{"line":14,"column":null}},"type":"switch","locations":[{"start":{"line":8,"column":12},"end":{"line":9,"column":null}},{"start":{"line":10,"column":12},"end":{"line":11,"column":null}},{"start":{"line":12,"column":12},"end":{"line":13,"column":null}}]}},"s":{"0":2,"1":2,"2":2,"3":2,"4":3,"5":3,"6":1,"7":1,"8":1,"9":2},"f":{"0":2,"1":2,"2":2,"3":3,"4":3},"b":{"0":[1,1,1]}}
,"C:\\Users\\Rebec\\Desktop\\Labeddit-backend\\tests\\mocks\\IdGeneratorMock.ts": {"path":"C:\\Users\\Rebec\\Desktop\\Labeddit-backend\\tests\\mocks\\IdGeneratorMock.ts","statementMap":{"0":{"start":{"line":2,"column":11},"end":{"line":4,"column":null}},"1":{"start":{"line":3,"column":8},"end":{"line":3,"column":null}},"2":{"start":{"line":1,"column":0},"end":{"line":1,"column":13}}},"fnMap":{"0":{"name":"(anonymous_0)","decl":{"start":{"line":1,"column":0},"end":{"line":1,"column":13}},"loc":{"start":{"line":1,"column":0},"end":{"line":5,"column":1}}},"1":{"name":"(anonymous_1)","decl":{"start":{"line":2,"column":22},"end":{"line":2,"column":33}},"loc":{"start":{"line":2,"column":35},"end":{"line":4,"column":5}}}},"branchMap":{},"s":{"0":8,"1":5,"2":8},"f":{"0":8,"1":5},"b":{}}
,"C:\\Users\\Rebec\\Desktop\\Labeddit-backend\\tests\\mocks\\PostsDatabaseMock.ts": {"path":"C:\\Users\\Rebec\\Desktop\\Labeddit-backend\\tests\\mocks\\PostsDatabaseMock.ts","statementMap":{"0":{"start":{"line":1,"column":0},"end":{"line":1,"column":null}},"1":{"start":{"line":7,"column":0},"end":{"line":7,"column":63}},"2":{"start":{"line":8,"column":0},"end":{"line":8,"column":59}},"3":{"start":{"line":10,"column":29},"end":{"line":31,"column":2}},"4":{"start":{"line":33,"column":28},"end":{"line":50,"column":2}},"5":{"start":{"line":52,"column":49},"end":{"line":63,"column":2}},"6":{"start":{"line":70,"column":9},"end":{"line":70,"column":67}},"7":{"start":{"line":70,"column":63},"end":{"line":70,"column":67}},"8":{"start":{"line":72,"column":9},"end":{"line":78,"column":4}},"9":{"start":{"line":74,"column":38},"end":{"line":78,"column":4}},"10":{"start":{"line":75,"column":19},"end":{"line":75,"column":76}},"11":{"start":{"line":75,"column":46},"end":{"line":75,"column":75}},"12":{"start":{"line":77,"column":4},"end":{"line":77,"column":18}},"13":{"start":{"line":80,"column":9},"end":{"line":98,"column":4}},"14":{"start":{"line":82,"column":6},"end":{"line":98,"column":4}},"15":{"start":{"line":83,"column":19},"end":{"line":95,"column":6}},"16":{"start":{"line":84,"column":26},"end":{"line":85,"column":null}},"17":{"start":{"line":85,"column":18},"end":{"line":85,"column":45}},"18":{"start":{"line":88,"column":6},"end":{"line":93,"column":null}},"19":{"start":{"line":97,"column":4},"end":{"line":97,"column":18}},"20":{"start":{"line":100,"column":9},"end":{"line":117,"column":4}},"21":{"start":{"line":102,"column":51},"end":{"line":117,"column":4}},"22":{"start":{"line":103,"column":32},"end":{"line":113,"column":6}},"23":{"start":{"line":104,"column":26},"end":{"line":104,"column":79}},"24":{"start":{"line":104,"column":51},"end":{"line":104,"column":78}},"25":{"start":{"line":106,"column":6},"end":{"line":111,"column":null}},"26":{"start":{"line":114,"column":19},"end":{"line":114,"column":74}},"27":{"start":{"line":114,"column":56},"end":{"line":114,"column":70}},"28":{"start":{"line":116,"column":4},"end":{"line":116,"column":18}},"29":{"start":{"line":119,"column":9},"end":{"line":119,"column":67}},"30":{"start":{"line":119,"column":63},"end":{"line":119,"column":67}},"31":{"start":{"line":121,"column":9},"end":{"line":137,"column":4}},"32":{"start":{"line":123,"column":38},"end":{"line":137,"column":4}},"33":{"start":{"line":124,"column":21},"end":{"line":127,"column":null}},"34":{"start":{"line":126,"column":8},"end":{"line":127,"column":46}},"35":{"start":{"line":130,"column":4},"end":{"line":136,"column":null}},"36":{"start":{"line":131,"column":6},"end":{"line":131,"column":23}},"37":{"start":{"line":132,"column":11},"end":{"line":136,"column":null}},"38":{"start":{"line":133,"column":6},"end":{"line":133,"column":37}},"39":{"start":{"line":135,"column":6},"end":{"line":135,"column":40}},"40":{"start":{"line":139,"column":9},"end":{"line":141,"column":25}},"41":{"start":{"line":141,"column":21},"end":{"line":141,"column":25}},"42":{"start":{"line":143,"column":9},"end":{"line":145,"column":25}},"43":{"start":{"line":145,"column":21},"end":{"line":145,"column":25}},"44":{"start":{"line":147,"column":9},"end":{"line":149,"column":25}},"45":{"start":{"line":149,"column":21},"end":{"line":149,"column":25}},"46":{"start":{"line":65,"column":0},"end":{"line":65,"column":13}},"47":{"start":{"line":66,"column":16},"end":{"line":66,"column":29}},"48":{"start":{"line":67,"column":16},"end":{"line":67,"column":29}},"49":{"start":{"line":68,"column":16},"end":{"line":68,"column":37}}},"fnMap":{"0":{"name":"(anonymous_7)","decl":{"start":{"line":65,"column":0},"end":{"line":65,"column":13}},"loc":{"start":{"line":65,"column":0},"end":{"line":150,"column":1}}},"1":{"name":"(anonymous_8)","decl":{"start":{"line":70,"column":22},"end":{"line":70,"column":29}},"loc":{"start":{"line":70,"column":63},"end":{"line":70,"column":67}}},"2":{"name":"(anonymous_9)","decl":{"start":{"line":70,"column":63},"end":{"line":70,"column":65}},"loc":{"start":{"line":70,"column":63},"end":{"line":70,"column":66}}},"3":{"name":"(anonymous_10)","decl":{"start":{"line":72,"column":31},"end":{"line":72,"column":null}},"loc":{"start":{"line":74,"column":38},"end":{"line":78,"column":4}}},"4":{"name":"(anonymous_11)","decl":{"start":{"line":74,"column":38},"end":{"line":74,"column":null}},"loc":{"start":{"line":74,"column":38},"end":{"line":78,"column":3}}},"5":{"name":"(anonymous_12)","decl":{"start":{"line":75,"column":36},"end":{"line":75,"column":37}},"loc":{"start":{"line":75,"column":46},"end":{"line":75,"column":75}}},"6":{"name":"(anonymous_13)","decl":{"start":{"line":80,"column":35},"end":{"line":80,"column":null}},"loc":{"start":{"line":82,"column":6},"end":{"line":98,"column":4}}},"7":{"name":"(anonymous_14)","decl":{"start":{"line":82,"column":6},"end":{"line":82,"column":null}},"loc":{"start":{"line":82,"column":6},"end":{"line":98,"column":3}}},"8":{"name":"(anonymous_15)","decl":{"start":{"line":83,"column":33},"end":{"line":83,"column":34}},"loc":{"start":{"line":83,"column":42},"end":{"line":95,"column":5}}},"9":{"name":"(anonymous_16)","decl":{"start":{"line":85,"column":8},"end":{"line":85,"column":9}},"loc":{"start":{"line":85,"column":18},"end":{"line":85,"column":45}}},"10":{"name":"(anonymous_17)","decl":{"start":{"line":100,"column":38},"end":{"line":100,"column":null}},"loc":{"start":{"line":102,"column":51},"end":{"line":117,"column":4}}},"11":{"name":"(anonymous_18)","decl":{"start":{"line":102,"column":51},"end":{"line":102,"column":null}},"loc":{"start":{"line":102,"column":51},"end":{"line":117,"column":3}}},"12":{"name":"(anonymous_19)","decl":{"start":{"line":103,"column":46},"end":{"line":103,"column":47}},"loc":{"start":{"line":103,"column":55},"end":{"line":113,"column":5}}},"13":{"name":"(anonymous_20)","decl":{"start":{"line":104,"column":41},"end":{"line":104,"column":42}},"loc":{"start":{"line":104,"column":51},"end":{"line":104,"column":78}}},"14":{"name":"(anonymous_21)","decl":{"start":{"line":114,"column":46},"end":{"line":114,"column":47}},"loc":{"start":{"line":114,"column":56},"end":{"line":114,"column":70}}},"15":{"name":"(anonymous_22)","decl":{"start":{"line":119,"column":22},"end":{"line":119,"column":29}},"loc":{"start":{"line":119,"column":63},"end":{"line":119,"column":67}}},"16":{"name":"(anonymous_23)","decl":{"start":{"line":119,"column":63},"end":{"line":119,"column":65}},"loc":{"start":{"line":119,"column":63},"end":{"line":119,"column":66}}},"17":{"name":"(anonymous_24)","decl":{"start":{"line":121,"column":27},"end":{"line":121,"column":null}},"loc":{"start":{"line":123,"column":38},"end":{"line":137,"column":4}}},"18":{"name":"(anonymous_25)","decl":{"start":{"line":123,"column":38},"end":{"line":123,"column":null}},"loc":{"start":{"line":123,"column":38},"end":{"line":137,"column":3}}},"19":{"name":"(anonymous_26)","decl":{"start":{"line":125,"column":6},"end":{"line":125,"column":7}},"loc":{"start":{"line":126,"column":8},"end":{"line":127,"column":46}}},"20":{"name":"(anonymous_27)","decl":{"start":{"line":139,"column":33},"end":{"line":139,"column":null}},"loc":{"start":{"line":141,"column":21},"end":{"line":141,"column":25}}},"21":{"name":"(anonymous_28)","decl":{"start":{"line":141,"column":21},"end":{"line":141,"column":23}},"loc":{"start":{"line":141,"column":21},"end":{"line":141,"column":24}}},"22":{"name":"(anonymous_29)","decl":{"start":{"line":143,"column":33},"end":{"line":143,"column":null}},"loc":{"start":{"line":145,"column":21},"end":{"line":145,"column":25}}},"23":{"name":"(anonymous_30)","decl":{"start":{"line":145,"column":21},"end":{"line":145,"column":23}},"loc":{"start":{"line":145,"column":21},"end":{"line":145,"column":24}}},"24":{"name":"(anonymous_31)","decl":{"start":{"line":147,"column":33},"end":{"line":147,"column":null}},"loc":{"start":{"line":149,"column":21},"end":{"line":149,"column":25}}},"25":{"name":"(anonymous_32)","decl":{"start":{"line":149,"column":21},"end":{"line":149,"column":23}},"loc":{"start":{"line":149,"column":21},"end":{"line":149,"column":24}}}},"branchMap":{"0":{"loc":{"start":{"line":90,"column":14},"end":{"line":90,"column":37}},"type":"binary-expr","locations":[{"start":{"line":90,"column":14},"end":{"line":90,"column":31}},{"start":{"line":90,"column":35},"end":{"line":90,"column":37}}]},"1":{"loc":{"start":{"line":90,"column":14},"end":{"line":90,"column":31}},"type":"cond-expr","locations":[{"start":{"line":90,"column":25},"end":{"line":90,"column":27}},{"start":{"line":90,"column":14},"end":{"line":90,"column":31}}]},"2":{"loc":{"start":{"line":90,"column":14},"end":{"line":90,"column":27}},"type":"binary-expr","locations":[{"start":{"line":90,"column":14},"end":{"line":90,"column":27}},{"start":{"line":90,"column":14},"end":{"line":90,"column":27}}]},"3":{"loc":{"start":{"line":91,"column":15},"end":{"line":91,"column":39}},"type":"binary-expr","locations":[{"start":{"line":91,"column":15},"end":{"line":91,"column":33}},{"start":{"line":91,"column":37},"end":{"line":91,"column":39}}]},"4":{"loc":{"start":{"line":91,"column":15},"end":{"line":91,"column":33}},"type":"cond-expr","locations":[{"start":{"line":91,"column":26},"end":{"line":91,"column":28}},{"start":{"line":91,"column":15},"end":{"line":91,"column":33}}]},"5":{"loc":{"start":{"line":91,"column":15},"end":{"line":91,"column":28}},"type":"binary-expr","locations":[{"start":{"line":91,"column":15},"end":{"line":91,"column":28}},{"start":{"line":91,"column":15},"end":{"line":91,"column":28}}]},"6":{"loc":{"start":{"line":92,"column":18},"end":{"line":92,"column":45}},"type":"binary-expr","locations":[{"start":{"line":92,"column":18},"end":{"line":92,"column":39}},{"start":{"line":92,"column":43},"end":{"line":92,"column":45}}]},"7":{"loc":{"start":{"line":92,"column":18},"end":{"line":92,"column":39}},"type":"cond-expr","locations":[{"start":{"line":92,"column":29},"end":{"line":92,"column":31}},{"start":{"line":92,"column":18},"end":{"line":92,"column":39}}]},"8":{"loc":{"start":{"line":92,"column":18},"end":{"line":92,"column":31}},"type":"binary-expr","locations":[{"start":{"line":92,"column":18},"end":{"line":92,"column":31}},{"start":{"line":92,"column":18},"end":{"line":92,"column":31}}]},"9":{"loc":{"start":{"line":93,"column":14},"end":{"line":93,"column":37}},"type":"binary-expr","locations":[{"start":{"line":93,"column":14},"end":{"line":93,"column":31}},{"start":{"line":93,"column":35},"end":{"line":93,"column":37}}]},"10":{"loc":{"start":{"line":93,"column":14},"end":{"line":93,"column":31}},"type":"cond-expr","locations":[{"start":{"line":93,"column":25},"end":{"line":93,"column":27}},{"start":{"line":93,"column":14},"end":{"line":93,"column":31}}]},"11":{"loc":{"start":{"line":93,"column":14},"end":{"line":93,"column":27}},"type":"binary-expr","locations":[{"start":{"line":93,"column":14},"end":{"line":93,"column":27}},{"start":{"line":93,"column":14},"end":{"line":93,"column":27}}]},"12":{"loc":{"start":{"line":108,"column":14},"end":{"line":108,"column":37}},"type":"binary-expr","locations":[{"start":{"line":108,"column":14},"end":{"line":108,"column":31}},{"start":{"line":108,"column":35},"end":{"line":108,"column":37}}]},"13":{"loc":{"start":{"line":108,"column":14},"end":{"line":108,"column":31}},"type":"cond-expr","locations":[{"start":{"line":108,"column":25},"end":{"line":108,"column":27}},{"start":{"line":108,"column":14},"end":{"line":108,"column":31}}]},"14":{"loc":{"start":{"line":108,"column":14},"end":{"line":108,"column":27}},"type":"binary-expr","locations":[{"start":{"line":108,"column":14},"end":{"line":108,"column":27}},{"start":{"line":108,"column":14},"end":{"line":108,"column":27}}]},"15":{"loc":{"start":{"line":109,"column":15},"end":{"line":109,"column":39}},"type":"binary-expr","locations":[{"start":{"line":109,"column":15},"end":{"line":109,"column":33}},{"start":{"line":109,"column":37},"end":{"line":109,"column":39}}]},"16":{"loc":{"start":{"line":109,"column":15},"end":{"line":109,"column":33}},"type":"cond-expr","locations":[{"start":{"line":109,"column":26},"end":{"line":109,"column":28}},{"start":{"line":109,"column":15},"end":{"line":109,"column":33}}]},"17":{"loc":{"start":{"line":109,"column":15},"end":{"line":109,"column":28}},"type":"binary-expr","locations":[{"start":{"line":109,"column":15},"end":{"line":109,"column":28}},{"start":{"line":109,"column":15},"end":{"line":109,"column":28}}]},"18":{"loc":{"start":{"line":110,"column":18},"end":{"line":110,"column":45}},"type":"binary-expr","locations":[{"start":{"line":110,"column":18},"end":{"line":110,"column":39}},{"start":{"line":110,"column":43},"end":{"line":110,"column":45}}]},"19":{"loc":{"start":{"line":110,"column":18},"end":{"line":110,"column":39}},"type":"cond-expr","locations":[{"start":{"line":110,"column":29},"end":{"line":110,"column":31}},{"start":{"line":110,"column":18},"end":{"line":110,"column":39}}]},"20":{"loc":{"start":{"line":110,"column":18},"end":{"line":110,"column":31}},"type":"binary-expr","locations":[{"start":{"line":110,"column":18},"end":{"line":110,"column":31}},{"start":{"line":110,"column":18},"end":{"line":110,"column":31}}]},"21":{"loc":{"start":{"line":111,"column":14},"end":{"line":111,"column":37}},"type":"binary-expr","locations":[{"start":{"line":111,"column":14},"end":{"line":111,"column":31}},{"start":{"line":111,"column":35},"end":{"line":111,"column":37}}]},"22":{"loc":{"start":{"line":111,"column":14},"end":{"line":111,"column":31}},"type":"cond-expr","locations":[{"start":{"line":111,"column":25},"end":{"line":111,"column":27}},{"start":{"line":111,"column":14},"end":{"line":111,"column":31}}]},"23":{"loc":{"start":{"line":111,"column":14},"end":{"line":111,"column":27}},"type":"binary-expr","locations":[{"start":{"line":111,"column":14},"end":{"line":111,"column":27}},{"start":{"line":111,"column":14},"end":{"line":111,"column":27}}]},"24":{"loc":{"start":{"line":126,"column":8},"end":{"line":127,"column":46}},"type":"binary-expr","locations":[{"start":{"line":126,"column":8},"end":{"line":126,"column":46}},{"start":{"line":127,"column":8},"end":{"line":127,"column":46}}]},"25":{"loc":{"start":{"line":130,"column":4},"end":{"line":136,"column":null}},"type":"if","locations":[{"start":{"line":130,"column":4},"end":{"line":136,"column":null}},{"start":{"line":132,"column":11},"end":{"line":136,"column":null}}]},"26":{"loc":{"start":{"line":132,"column":11},"end":{"line":136,"column":null}},"type":"if","locations":[{"start":{"line":132,"column":11},"end":{"line":136,"column":null}},{"start":{"line":134,"column":11},"end":{"line":136,"column":null}}]}},"s":{"0":3,"1":3,"2":3,"3":3,"4":3,"5":3,"6":3,"7":1,"8":3,"9":2,"10":2,"11":4,"12":2,"13":3,"14":1,"15":1,"16":2,"17":3,"18":2,"19":1,"20":3,"21":7,"22":7,"23":14,"24":21,"25":14,"26":7,"27":14,"28":7,"29":3,"30":6,"31":3,"32":6,"33":6,"34":12,"35":6,"36":2,"37":4,"38":2,"39":2,"40":3,"41":2,"42":3,"43":2,"44":3,"45":2,"46":3,"47":3,"48":3,"49":3},"f":{"0":3,"1":1,"2":1,"3":2,"4":2,"5":4,"6":1,"7":1,"8":2,"9":3,"10":7,"11":7,"12":14,"13":21,"14":14,"15":6,"16":6,"17":6,"18":6,"19":12,"20":2,"21":2,"22":2,"23":2,"24":2,"25":2},"b":{"0":[2,0],"1":[0,2],"2":[2,2],"3":[2,0],"4":[0,2],"5":[2,2],"6":[2,0],"7":[0,2],"8":[2,2],"9":[2,0],"10":[0,2],"11":[2,2],"12":[14,0],"13":[0,14],"14":[14,14],"15":[14,0],"16":[0,14],"17":[14,14],"18":[14,0],"19":[0,14],"20":[14,14],"21":[14,0],"22":[0,14],"23":[14,14],"24":[12,6],"25":[2,4],"26":[2,2]}}
,"C:\\Users\\Rebec\\Desktop\\Labeddit-backend\\tests\\mocks\\TokenManagerMock.ts": {"path":"C:\\Users\\Rebec\\Desktop\\Labeddit-backend\\tests\\mocks\\TokenManagerMock.ts","statementMap":{"0":{"start":{"line":1,"column":0},"end":{"line":1,"column":64}},"1":{"start":{"line":4,"column":11},"end":{"line":12,"column":null}},"2":{"start":{"line":5,"column":8},"end":{"line":11,"column":null}},"3":{"start":{"line":6,"column":12},"end":{"line":6,"column":null}},"4":{"start":{"line":7,"column":15},"end":{"line":11,"column":null}},"5":{"start":{"line":8,"column":12},"end":{"line":8,"column":null}},"6":{"start":{"line":10,"column":12},"end":{"line":10,"column":null}},"7":{"start":{"line":14,"column":11},"end":{"line":30,"column":null}},"8":{"start":{"line":15,"column":8},"end":{"line":29,"column":null}},"9":{"start":{"line":16,"column":12},"end":{"line":20,"column":null}},"10":{"start":{"line":21,"column":15},"end":{"line":29,"column":null}},"11":{"start":{"line":22,"column":12},"end":{"line":26,"column":null}},"12":{"start":{"line":28,"column":12},"end":{"line":28,"column":null}},"13":{"start":{"line":3,"column":0},"end":{"line":3,"column":13}}},"fnMap":{"0":{"name":"(anonymous_0)","decl":{"start":{"line":3,"column":0},"end":{"line":3,"column":13}},"loc":{"start":{"line":3,"column":0},"end":{"line":31,"column":1}}},"1":{"name":"(anonymous_1)","decl":{"start":{"line":4,"column":25},"end":{"line":4,"column":26}},"loc":{"start":{"line":4,"column":59},"end":{"line":12,"column":5}}},"2":{"name":"(anonymous_2)","decl":{"start":{"line":14,"column":24},"end":{"line":14,"column":25}},"loc":{"start":{"line":14,"column":63},"end":{"line":30,"column":5}}}},"branchMap":{"0":{"loc":{"start":{"line":5,"column":8},"end":{"line":11,"column":null}},"type":"if","locations":[{"start":{"line":5,"column":8},"end":{"line":11,"column":null}},{"start":{"line":7,"column":15},"end":{"line":11,"column":null}}]},"1":{"loc":{"start":{"line":7,"column":15},"end":{"line":11,"column":null}},"type":"if","locations":[{"start":{"line":7,"column":15},"end":{"line":11,"column":null}},{"start":{"line":9,"column":15},"end":{"line":11,"column":null}}]},"2":{"loc":{"start":{"line":15,"column":8},"end":{"line":29,"column":null}},"type":"if","locations":[{"start":{"line":15,"column":8},"end":{"line":29,"column":null}},{"start":{"line":21,"column":15},"end":{"line":29,"column":null}}]},"3":{"loc":{"start":{"line":21,"column":15},"end":{"line":29,"column":null}},"type":"if","locations":[{"start":{"line":21,"column":15},"end":{"line":29,"column":null}},{"start":{"line":27,"column":15},"end":{"line":29,"column":null}}]}},"s":{"0":8,"1":8,"2":3,"3":1,"4":2,"5":1,"6":1,"7":8,"8":27,"9":19,"10":8,"11":2,"12":6,"13":8},"f":{"0":8,"1":3,"2":27},"b":{"0":[1,2],"1":[1,1],"2":[19,8],"3":[2,6]}}
,"C:\\Users\\Rebec\\Desktop\\Labeddit-backend\\tests\\mocks\\UserDatabaseMock.ts": {"path":"C:\\Users\\Rebec\\Desktop\\Labeddit-backend\\tests\\mocks\\UserDatabaseMock.ts","statementMap":{"0":{"start":{"line":1,"column":0},"end":{"line":1,"column":59}},"1":{"start":{"line":2,"column":0},"end":{"line":2,"column":63}},"2":{"start":{"line":4,"column":28},"end":{"line":21,"column":2}},"3":{"start":{"line":26,"column":9},"end":{"line":28,"column":4}},"4":{"start":{"line":26,"column":62},"end":{"line":28,"column":4}},"5":{"start":{"line":30,"column":9},"end":{"line":34,"column":null}},"6":{"start":{"line":30,"column":80},"end":{"line":34,"column":null}},"7":{"start":{"line":31,"column":19},"end":{"line":31,"column":68}},"8":{"start":{"line":31,"column":44},"end":{"line":31,"column":64}},"9":{"start":{"line":33,"column":4},"end":{"line":33,"column":null}},"10":{"start":{"line":23,"column":0},"end":{"line":23,"column":13}},"11":{"start":{"line":24,"column":16},"end":{"line":24,"column":29}}},"fnMap":{"0":{"name":"(anonymous_7)","decl":{"start":{"line":23,"column":0},"end":{"line":23,"column":13}},"loc":{"start":{"line":23,"column":0},"end":{"line":35,"column":1}}},"1":{"name":"(anonymous_8)","decl":{"start":{"line":26,"column":22},"end":{"line":26,"column":29}},"loc":{"start":{"line":26,"column":62},"end":{"line":28,"column":4}}},"2":{"name":"(anonymous_9)","decl":{"start":{"line":26,"column":62},"end":{"line":26,"column":null}},"loc":{"start":{"line":26,"column":62},"end":{"line":28,"column":3}}},"3":{"name":"(anonymous_10)","decl":{"start":{"line":30,"column":27},"end":{"line":30,"column":34}},"loc":{"start":{"line":30,"column":80},"end":{"line":34,"column":null}}},"4":{"name":"(anonymous_11)","decl":{"start":{"line":30,"column":80},"end":{"line":30,"column":null}},"loc":{"start":{"line":30,"column":80},"end":{"line":34,"column":3}}},"5":{"name":"(anonymous_12)","decl":{"start":{"line":31,"column":36},"end":{"line":31,"column":40}},"loc":{"start":{"line":31,"column":44},"end":{"line":31,"column":64}}}},"branchMap":{},"s":{"0":2,"1":2,"2":2,"3":2,"4":1,"5":2,"6":6,"7":6,"8":12,"9":6,"10":2,"11":2},"f":{"0":2,"1":1,"2":1,"3":6,"4":6,"5":12},"b":{}}
}
