{"C:\\Users\\Rebec\\Desktop\\Labeddit-backend\\src\\business\\CommentaryBusiness.ts": {"path":"C:\\Users\\Rebec\\Desktop\\Labeddit-backend\\src\\business\\CommentaryBusiness.ts","statementMap":{"0":{"start":{"line":15,"column":0},"end":{"line":15,"column":60}},"1":{"start":{"line":16,"column":0},"end":{"line":16,"column":56}},"2":{"start":{"line":17,"column":0},"end":{"line":17,"column":64}},"3":{"start":{"line":18,"column":0},"end":{"line":18,"column":null}},"4":{"start":{"line":30,"column":12},"end":{"line":30,"column":50}},"5":{"start":{"line":31,"column":12},"end":{"line":31,"column":36}},"6":{"start":{"line":32,"column":12},"end":{"line":32,"column":38}},"7":{"start":{"line":35,"column":9},"end":{"line":70,"column":4}},"8":{"start":{"line":37,"column":46},"end":{"line":70,"column":4}},"9":{"start":{"line":38,"column":35},"end":{"line":38,"column":40}},"10":{"start":{"line":40,"column":20},"end":{"line":40,"column":55}},"11":{"start":{"line":42,"column":4},"end":{"line":44,"column":null}},"12":{"start":{"line":43,"column":6},"end":{"line":43,"column":36}},"13":{"start":{"line":46,"column":22},"end":{"line":46,"column":68}},"14":{"start":{"line":48,"column":4},"end":{"line":50,"column":null}},"15":{"start":{"line":49,"column":6},"end":{"line":49,"column":34}},"16":{"start":{"line":52,"column":25},"end":{"line":52,"column":52}},"17":{"start":{"line":54,"column":39},"end":{"line":62,"column":22}},"18":{"start":{"line":64,"column":4},"end":{"line":64,"column":65}},"19":{"start":{"line":65,"column":4},"end":{"line":65,"column":72}},"20":{"start":{"line":67,"column":30},"end":{"line":67,"column":39}},"21":{"start":{"line":69,"column":4},"end":{"line":69,"column":18}},"22":{"start":{"line":72,"column":9},"end":{"line":140,"column":4}},"23":{"start":{"line":74,"column":43},"end":{"line":140,"column":4}},"24":{"start":{"line":75,"column":26},"end":{"line":75,"column":31}},"25":{"start":{"line":77,"column":20},"end":{"line":77,"column":55}},"26":{"start":{"line":79,"column":4},"end":{"line":81,"column":null}},"27":{"start":{"line":80,"column":6},"end":{"line":80,"column":36}},"28":{"start":{"line":84,"column":6},"end":{"line":84,"column":65}},"29":{"start":{"line":86,"column":40},"end":{"line":109,"column":6}},"30":{"start":{"line":87,"column":53},"end":{"line":94,"column":8}},"31":{"start":{"line":96,"column":40},"end":{"line":105,"column":null}},"32":{"start":{"line":108,"column":6},"end":{"line":108,"column":39}},"33":{"start":{"line":112,"column":6},"end":{"line":137,"column":12}},"34":{"start":{"line":129,"column":75},"end":{"line":136,"column":14}},"35":{"start":{"line":139,"column":4},"end":{"line":139,"column":18}},"36":{"start":{"line":142,"column":9},"end":{"line":222,"column":4}},"37":{"start":{"line":144,"column":47},"end":{"line":222,"column":4}},"38":{"start":{"line":145,"column":64},"end":{"line":145,"column":69}},"39":{"start":{"line":147,"column":20},"end":{"line":147,"column":55}},"40":{"start":{"line":149,"column":4},"end":{"line":151,"column":null}},"41":{"start":{"line":150,"column":6},"end":{"line":150,"column":36}},"42":{"start":{"line":154,"column":6},"end":{"line":155,"column":null}},"43":{"start":{"line":158,"column":4},"end":{"line":160,"column":null}},"44":{"start":{"line":159,"column":6},"end":{"line":159,"column":55}},"45":{"start":{"line":162,"column":23},"end":{"line":170,"column":null}},"46":{"start":{"line":173,"column":17},"end":{"line":173,"column":38}},"47":{"start":{"line":175,"column":61},"end":{"line":179,"column":6}},"48":{"start":{"line":181,"column":29},"end":{"line":182,"column":null}},"49":{"start":{"line":185,"column":4},"end":{"line":214,"column":null}},"50":{"start":{"line":186,"column":6},"end":{"line":197,"column":null}},"51":{"start":{"line":187,"column":8},"end":{"line":189,"column":10}},"52":{"start":{"line":190,"column":8},"end":{"line":190,"column":32}},"53":{"start":{"line":192,"column":8},"end":{"line":194,"column":10}},"54":{"start":{"line":195,"column":8},"end":{"line":195,"column":32}},"55":{"start":{"line":196,"column":8},"end":{"line":196,"column":32}},"56":{"start":{"line":198,"column":11},"end":{"line":214,"column":null}},"57":{"start":{"line":199,"column":6},"end":{"line":210,"column":null}},"58":{"start":{"line":200,"column":8},"end":{"line":202,"column":10}},"59":{"start":{"line":203,"column":8},"end":{"line":203,"column":35}},"60":{"start":{"line":205,"column":8},"end":{"line":207,"column":10}},"61":{"start":{"line":208,"column":8},"end":{"line":208,"column":35}},"62":{"start":{"line":209,"column":8},"end":{"line":209,"column":29}},"63":{"start":{"line":212,"column":6},"end":{"line":212,"column":79}},"64":{"start":{"line":213,"column":6},"end":{"line":213,"column":69}},"65":{"start":{"line":216,"column":32},"end":{"line":216,"column":59}},"66":{"start":{"line":217,"column":4},"end":{"line":217,"column":72}},"67":{"start":{"line":219,"column":19},"end":{"line":219,"column":28}},"68":{"start":{"line":221,"column":4},"end":{"line":221,"column":18}},"69":{"start":{"line":224,"column":9},"end":{"line":245,"column":null}},"70":{"start":{"line":224,"column":104},"end":{"line":245,"column":null}},"71":{"start":{"line":226,"column":26},"end":{"line":226,"column":31}},"72":{"start":{"line":228,"column":20},"end":{"line":228,"column":55}},"73":{"start":{"line":230,"column":4},"end":{"line":232,"column":null}},"74":{"start":{"line":231,"column":6},"end":{"line":231,"column":null}},"75":{"start":{"line":234,"column":28},"end":{"line":234,"column":80}},"76":{"start":{"line":236,"column":4},"end":{"line":238,"column":null}},"77":{"start":{"line":237,"column":6},"end":{"line":237,"column":55}},"78":{"start":{"line":240,"column":4},"end":{"line":240,"column":null}},"79":{"start":{"line":242,"column":19},"end":{"line":242,"column":28}},"80":{"start":{"line":244,"column":4},"end":{"line":244,"column":null}},"81":{"start":{"line":28,"column":0},"end":{"line":28,"column":13}}},"fnMap":{"0":{"name":"(anonymous_7)","decl":{"start":{"line":29,"column":2},"end":{"line":29,"column":null}},"loc":{"start":{"line":32,"column":38},"end":{"line":33,"column":6}}},"1":{"name":"(anonymous_8)","decl":{"start":{"line":35,"column":28},"end":{"line":35,"column":null}},"loc":{"start":{"line":37,"column":46},"end":{"line":70,"column":4}}},"2":{"name":"(anonymous_9)","decl":{"start":{"line":37,"column":46},"end":{"line":37,"column":null}},"loc":{"start":{"line":37,"column":46},"end":{"line":70,"column":3}}},"3":{"name":"(anonymous_10)","decl":{"start":{"line":72,"column":29},"end":{"line":72,"column":null}},"loc":{"start":{"line":74,"column":43},"end":{"line":140,"column":4}}},"4":{"name":"(anonymous_11)","decl":{"start":{"line":74,"column":43},"end":{"line":74,"column":null}},"loc":{"start":{"line":74,"column":43},"end":{"line":140,"column":3}}},"5":{"name":"(anonymous_12)","decl":{"start":{"line":86,"column":66},"end":{"line":86,"column":67}},"loc":{"start":{"line":86,"column":75},"end":{"line":109,"column":5}}},"6":{"name":"(anonymous_13)","decl":{"start":{"line":129,"column":58},"end":{"line":129,"column":59}},"loc":{"start":{"line":129,"column":75},"end":{"line":136,"column":14}}},"7":{"name":"(anonymous_14)","decl":{"start":{"line":142,"column":33},"end":{"line":142,"column":null}},"loc":{"start":{"line":144,"column":47},"end":{"line":222,"column":4}}},"8":{"name":"(anonymous_15)","decl":{"start":{"line":144,"column":47},"end":{"line":144,"column":null}},"loc":{"start":{"line":144,"column":47},"end":{"line":222,"column":3}}},"9":{"name":"(anonymous_16)","decl":{"start":{"line":224,"column":32},"end":{"line":224,"column":39}},"loc":{"start":{"line":224,"column":104},"end":{"line":245,"column":null}}},"10":{"name":"(anonymous_17)","decl":{"start":{"line":224,"column":104},"end":{"line":224,"column":null}},"loc":{"start":{"line":224,"column":104},"end":{"line":245,"column":3}}}},"branchMap":{"0":{"loc":{"start":{"line":42,"column":4},"end":{"line":44,"column":null}},"type":"if","locations":[{"start":{"line":42,"column":4},"end":{"line":44,"column":null}}]},"1":{"loc":{"start":{"line":48,"column":4},"end":{"line":50,"column":null}},"type":"if","locations":[{"start":{"line":48,"column":4},"end":{"line":50,"column":null}}]},"2":{"loc":{"start":{"line":79,"column":4},"end":{"line":81,"column":null}},"type":"if","locations":[{"start":{"line":79,"column":4},"end":{"line":81,"column":null}}]},"3":{"loc":{"start":{"line":112,"column":6},"end":{"line":137,"column":12}},"type":"cond-expr","locations":[{"start":{"line":113,"column":10},"end":{"line":121,"column":null}},{"start":{"line":122,"column":10},"end":{"line":137,"column":12}}]},"4":{"loc":{"start":{"line":114,"column":16},"end":{"line":114,"column":67}},"type":"cond-expr","locations":[{"start":{"line":114,"column":63},"end":{"line":114,"column":65}},{"start":{"line":114,"column":63},"end":{"line":114,"column":67}}]},"5":{"loc":{"start":{"line":114,"column":16},"end":{"line":114,"column":65}},"type":"binary-expr","locations":[{"start":{"line":114,"column":16},"end":{"line":114,"column":65}},{"start":{"line":114,"column":63},"end":{"line":114,"column":65}}]},"6":{"loc":{"start":{"line":115,"column":25},"end":{"line":115,"column":78}},"type":"cond-expr","locations":[{"start":{"line":115,"column":72},"end":{"line":115,"column":74}},{"start":{"line":115,"column":72},"end":{"line":115,"column":78}}]},"7":{"loc":{"start":{"line":115,"column":25},"end":{"line":115,"column":74}},"type":"binary-expr","locations":[{"start":{"line":115,"column":25},"end":{"line":115,"column":74}},{"start":{"line":115,"column":72},"end":{"line":115,"column":74}}]},"8":{"loc":{"start":{"line":116,"column":21},"end":{"line":116,"column":77}},"type":"cond-expr","locations":[{"start":{"line":116,"column":68},"end":{"line":116,"column":70}},{"start":{"line":116,"column":68},"end":{"line":116,"column":77}}]},"9":{"loc":{"start":{"line":116,"column":21},"end":{"line":116,"column":70}},"type":"binary-expr","locations":[{"start":{"line":116,"column":21},"end":{"line":116,"column":70}},{"start":{"line":116,"column":68},"end":{"line":116,"column":70}}]},"10":{"loc":{"start":{"line":117,"column":18},"end":{"line":117,"column":71}},"type":"cond-expr","locations":[{"start":{"line":117,"column":65},"end":{"line":117,"column":67}},{"start":{"line":117,"column":65},"end":{"line":117,"column":71}}]},"11":{"loc":{"start":{"line":117,"column":18},"end":{"line":117,"column":67}},"type":"binary-expr","locations":[{"start":{"line":117,"column":18},"end":{"line":117,"column":67}},{"start":{"line":117,"column":65},"end":{"line":117,"column":67}}]},"12":{"loc":{"start":{"line":118,"column":21},"end":{"line":118,"column":77}},"type":"cond-expr","locations":[{"start":{"line":118,"column":68},"end":{"line":118,"column":70}},{"start":{"line":118,"column":68},"end":{"line":118,"column":77}}]},"13":{"loc":{"start":{"line":118,"column":21},"end":{"line":118,"column":70}},"type":"binary-expr","locations":[{"start":{"line":118,"column":21},"end":{"line":118,"column":70}},{"start":{"line":118,"column":68},"end":{"line":118,"column":70}}]},"14":{"loc":{"start":{"line":119,"column":22},"end":{"line":119,"column":79}},"type":"cond-expr","locations":[{"start":{"line":119,"column":69},"end":{"line":119,"column":71}},{"start":{"line":119,"column":69},"end":{"line":119,"column":79}}]},"15":{"loc":{"start":{"line":119,"column":22},"end":{"line":119,"column":71}},"type":"binary-expr","locations":[{"start":{"line":119,"column":22},"end":{"line":119,"column":71}},{"start":{"line":119,"column":69},"end":{"line":119,"column":71}}]},"16":{"loc":{"start":{"line":123,"column":16},"end":{"line":123,"column":67}},"type":"cond-expr","locations":[{"start":{"line":123,"column":63},"end":{"line":123,"column":65}},{"start":{"line":123,"column":63},"end":{"line":123,"column":67}}]},"17":{"loc":{"start":{"line":123,"column":16},"end":{"line":123,"column":65}},"type":"binary-expr","locations":[{"start":{"line":123,"column":16},"end":{"line":123,"column":65}},{"start":{"line":123,"column":63},"end":{"line":123,"column":65}}]},"18":{"loc":{"start":{"line":124,"column":25},"end":{"line":124,"column":78}},"type":"cond-expr","locations":[{"start":{"line":124,"column":72},"end":{"line":124,"column":74}},{"start":{"line":124,"column":72},"end":{"line":124,"column":78}}]},"19":{"loc":{"start":{"line":124,"column":25},"end":{"line":124,"column":74}},"type":"binary-expr","locations":[{"start":{"line":124,"column":25},"end":{"line":124,"column":74}},{"start":{"line":124,"column":72},"end":{"line":124,"column":74}}]},"20":{"loc":{"start":{"line":125,"column":21},"end":{"line":125,"column":77}},"type":"cond-expr","locations":[{"start":{"line":125,"column":68},"end":{"line":125,"column":70}},{"start":{"line":125,"column":68},"end":{"line":125,"column":77}}]},"21":{"loc":{"start":{"line":125,"column":21},"end":{"line":125,"column":70}},"type":"binary-expr","locations":[{"start":{"line":125,"column":21},"end":{"line":125,"column":70}},{"start":{"line":125,"column":68},"end":{"line":125,"column":70}}]},"22":{"loc":{"start":{"line":126,"column":18},"end":{"line":126,"column":71}},"type":"cond-expr","locations":[{"start":{"line":126,"column":65},"end":{"line":126,"column":67}},{"start":{"line":126,"column":65},"end":{"line":126,"column":71}}]},"23":{"loc":{"start":{"line":126,"column":18},"end":{"line":126,"column":67}},"type":"binary-expr","locations":[{"start":{"line":126,"column":18},"end":{"line":126,"column":67}},{"start":{"line":126,"column":65},"end":{"line":126,"column":67}}]},"24":{"loc":{"start":{"line":127,"column":21},"end":{"line":127,"column":77}},"type":"cond-expr","locations":[{"start":{"line":127,"column":68},"end":{"line":127,"column":70}},{"start":{"line":127,"column":68},"end":{"line":127,"column":77}}]},"25":{"loc":{"start":{"line":127,"column":21},"end":{"line":127,"column":70}},"type":"binary-expr","locations":[{"start":{"line":127,"column":21},"end":{"line":127,"column":70}},{"start":{"line":127,"column":68},"end":{"line":127,"column":70}}]},"26":{"loc":{"start":{"line":128,"column":22},"end":{"line":128,"column":79}},"type":"cond-expr","locations":[{"start":{"line":128,"column":69},"end":{"line":128,"column":71}},{"start":{"line":128,"column":69},"end":{"line":128,"column":79}}]},"27":{"loc":{"start":{"line":128,"column":22},"end":{"line":128,"column":71}},"type":"binary-expr","locations":[{"start":{"line":128,"column":22},"end":{"line":128,"column":71}},{"start":{"line":128,"column":69},"end":{"line":128,"column":71}}]},"28":{"loc":{"start":{"line":149,"column":4},"end":{"line":151,"column":null}},"type":"if","locations":[{"start":{"line":149,"column":4},"end":{"line":151,"column":null}}]},"29":{"loc":{"start":{"line":158,"column":4},"end":{"line":160,"column":null}},"type":"if","locations":[{"start":{"line":158,"column":4},"end":{"line":160,"column":null}}]},"30":{"loc":{"start":{"line":173,"column":17},"end":{"line":173,"column":38}},"type":"cond-expr","locations":[{"start":{"line":173,"column":33},"end":{"line":173,"column":34}},{"start":{"line":173,"column":37},"end":{"line":173,"column":38}}]},"31":{"loc":{"start":{"line":185,"column":4},"end":{"line":214,"column":null}},"type":"if","locations":[{"start":{"line":185,"column":4},"end":{"line":214,"column":null}},{"start":{"line":198,"column":11},"end":{"line":214,"column":null}}]},"32":{"loc":{"start":{"line":186,"column":6},"end":{"line":197,"column":null}},"type":"if","locations":[{"start":{"line":186,"column":6},"end":{"line":197,"column":null}},{"start":{"line":191,"column":13},"end":{"line":197,"column":null}}]},"33":{"loc":{"start":{"line":198,"column":11},"end":{"line":214,"column":null}},"type":"if","locations":[{"start":{"line":198,"column":11},"end":{"line":214,"column":null}},{"start":{"line":211,"column":11},"end":{"line":214,"column":null}}]},"34":{"loc":{"start":{"line":199,"column":6},"end":{"line":210,"column":null}},"type":"if","locations":[{"start":{"line":199,"column":6},"end":{"line":210,"column":null}},{"start":{"line":204,"column":13},"end":{"line":210,"column":null}}]},"35":{"loc":{"start":{"line":213,"column":6},"end":{"line":213,"column":68}},"type":"cond-expr","locations":[{"start":{"line":213,"column":22},"end":{"line":213,"column":42}},{"start":{"line":213,"column":45},"end":{"line":213,"column":68}}]},"36":{"loc":{"start":{"line":230,"column":4},"end":{"line":232,"column":null}},"type":"if","locations":[{"start":{"line":230,"column":4},"end":{"line":232,"column":null}}]},"37":{"loc":{"start":{"line":236,"column":4},"end":{"line":238,"column":null}},"type":"if","locations":[{"start":{"line":236,"column":4},"end":{"line":238,"column":null}}]}},"s":{"0":4,"1":4,"2":4,"3":4,"4":4,"5":4,"6":4,"7":4,"8":3,"9":3,"10":3,"11":3,"12":1,"13":2,"14":2,"15":1,"16":1,"17":1,"18":1,"19":1,"20":1,"21":1,"22":4,"23":3,"24":3,"25":3,"26":3,"27":1,"28":2,"29":2,"30":2,"31":2,"32":2,"33":2,"34":1,"35":2,"36":4,"37":8,"38":8,"39":8,"40":8,"41":1,"42":7,"43":7,"44":1,"45":6,"46":6,"47":6,"48":6,"49":6,"50":2,"51":1,"52":1,"53":1,"54":1,"55":1,"56":4,"57":2,"58":1,"59":1,"60":1,"61":1,"62":1,"63":2,"64":2,"65":6,"66":6,"67":6,"68":6,"69":4,"70":3,"71":3,"72":3,"73":3,"74":1,"75":2,"76":2,"77":1,"78":1,"79":1,"80":1,"81":4},"f":{"0":4,"1":3,"2":3,"3":3,"4":3,"5":2,"6":1,"7":8,"8":8,"9":3,"10":3},"b":{"0":[1],"1":[1],"2":[1],"3":[1,1],"4":[0,1],"5":[1,1],"6":[0,1],"7":[1,1],"8":[0,1],"9":[1,1],"10":[0,1],"11":[1,1],"12":[0,1],"13":[1,1],"14":[0,1],"15":[1,1],"16":[0,1],"17":[1,1],"18":[0,1],"19":[1,1],"20":[0,1],"21":[1,1],"22":[0,1],"23":[1,1],"24":[0,1],"25":[1,1],"26":[0,1],"27":[1,1],"28":[1],"29":[1],"30":[3,3],"31":[2,4],"32":[1,1],"33":[2,2],"34":[1,1],"35":[1,1],"36":[1],"37":[1]}}
,"C:\\Users\\Rebec\\Desktop\\Labeddit-backend\\src\\business\\PostsBusiness.ts": {"path":"C:\\Users\\Rebec\\Desktop\\Labeddit-backend\\src\\business\\PostsBusiness.ts","statementMap":{"0":{"start":{"line":18,"column":0},"end":{"line":18,"column":60}},"1":{"start":{"line":19,"column":0},"end":{"line":19,"column":56}},"2":{"start":{"line":20,"column":0},"end":{"line":20,"column":57}},"3":{"start":{"line":21,"column":0},"end":{"line":21,"column":56}},"4":{"start":{"line":22,"column":0},"end":{"line":22,"column":64}},"5":{"start":{"line":23,"column":0},"end":{"line":23,"column":70}},"6":{"start":{"line":24,"column":0},"end":{"line":24,"column":44}},"7":{"start":{"line":30,"column":12},"end":{"line":30,"column":40}},"8":{"start":{"line":31,"column":12},"end":{"line":31,"column":36}},"9":{"start":{"line":32,"column":12},"end":{"line":32,"column":38}},"10":{"start":{"line":35,"column":9},"end":{"line":80,"column":4}},"11":{"start":{"line":37,"column":36},"end":{"line":80,"column":4}},"12":{"start":{"line":38,"column":31},"end":{"line":38,"column":36}},"13":{"start":{"line":40,"column":20},"end":{"line":40,"column":55}},"14":{"start":{"line":42,"column":4},"end":{"line":44,"column":null}},"15":{"start":{"line":43,"column":6},"end":{"line":43,"column":52}},"16":{"start":{"line":46,"column":15},"end":{"line":46,"column":42}},"17":{"start":{"line":48,"column":19},"end":{"line":57,"column":null}},"18":{"start":{"line":60,"column":25},"end":{"line":60,"column":43}},"19":{"start":{"line":62,"column":24},"end":{"line":63,"column":null}},"20":{"start":{"line":66,"column":4},"end":{"line":73,"column":null}},"21":{"start":{"line":67,"column":6},"end":{"line":72,"column":null}},"22":{"start":{"line":68,"column":37},"end":{"line":68,"column":74}},"23":{"start":{"line":71,"column":8},"end":{"line":71,"column":76}},"24":{"start":{"line":75,"column":4},"end":{"line":75,"column":54}},"25":{"start":{"line":77,"column":40},"end":{"line":77,"column":49}},"26":{"start":{"line":79,"column":4},"end":{"line":79,"column":18}},"27":{"start":{"line":82,"column":9},"end":{"line":112,"column":4}},"28":{"start":{"line":84,"column":36},"end":{"line":112,"column":4}},"29":{"start":{"line":85,"column":22},"end":{"line":85,"column":27}},"30":{"start":{"line":87,"column":20},"end":{"line":87,"column":55}},"31":{"start":{"line":89,"column":4},"end":{"line":91,"column":null}},"32":{"start":{"line":90,"column":6},"end":{"line":90,"column":52}},"33":{"start":{"line":93,"column":20},"end":{"line":93,"column":70}},"34":{"start":{"line":95,"column":22},"end":{"line":107,"column":6}},"35":{"start":{"line":96,"column":6},"end":{"line":106,"column":36}},"36":{"start":{"line":109,"column":40},"end":{"line":109,"column":49}},"37":{"start":{"line":111,"column":4},"end":{"line":111,"column":18}},"38":{"start":{"line":114,"column":9},"end":{"line":186,"column":4}},"39":{"start":{"line":116,"column":41},"end":{"line":186,"column":4}},"40":{"start":{"line":117,"column":49},"end":{"line":117,"column":54}},"41":{"start":{"line":119,"column":20},"end":{"line":119,"column":55}},"42":{"start":{"line":121,"column":4},"end":{"line":123,"column":null}},"43":{"start":{"line":122,"column":6},"end":{"line":122,"column":52}},"44":{"start":{"line":125,"column":19},"end":{"line":126,"column":null}},"45":{"start":{"line":129,"column":4},"end":{"line":131,"column":null}},"46":{"start":{"line":130,"column":6},"end":{"line":130,"column":51}},"47":{"start":{"line":133,"column":17},"end":{"line":142,"column":null}},"48":{"start":{"line":145,"column":28},"end":{"line":145,"column":40}},"49":{"start":{"line":147,"column":45},"end":{"line":151,"column":6}},"50":{"start":{"line":153,"column":28},"end":{"line":154,"column":null}},"51":{"start":{"line":157,"column":4},"end":{"line":178,"column":null}},"52":{"start":{"line":158,"column":6},"end":{"line":165,"column":null}},"53":{"start":{"line":159,"column":8},"end":{"line":159,"column":70}},"54":{"start":{"line":160,"column":8},"end":{"line":160,"column":26}},"55":{"start":{"line":162,"column":8},"end":{"line":162,"column":70}},"56":{"start":{"line":163,"column":8},"end":{"line":163,"column":26}},"57":{"start":{"line":164,"column":8},"end":{"line":164,"column":26}},"58":{"start":{"line":166,"column":11},"end":{"line":178,"column":null}},"59":{"start":{"line":167,"column":6},"end":{"line":174,"column":null}},"60":{"start":{"line":168,"column":8},"end":{"line":168,"column":70}},"61":{"start":{"line":169,"column":8},"end":{"line":169,"column":29}},"62":{"start":{"line":171,"column":8},"end":{"line":171,"column":70}},"63":{"start":{"line":172,"column":8},"end":{"line":172,"column":29}},"64":{"start":{"line":173,"column":8},"end":{"line":173,"column":23}},"65":{"start":{"line":176,"column":6},"end":{"line":176,"column":68}},"66":{"start":{"line":177,"column":6},"end":{"line":177,"column":59}},"67":{"start":{"line":180,"column":26},"end":{"line":180,"column":42}},"68":{"start":{"line":181,"column":4},"end":{"line":181,"column":55}},"69":{"start":{"line":183,"column":45},"end":{"line":183,"column":54}},"70":{"start":{"line":185,"column":4},"end":{"line":185,"column":18}},"71":{"start":{"line":188,"column":9},"end":{"line":216,"column":4}},"72":{"start":{"line":190,"column":33},"end":{"line":216,"column":4}},"73":{"start":{"line":191,"column":26},"end":{"line":191,"column":31}},"74":{"start":{"line":193,"column":20},"end":{"line":193,"column":55}},"75":{"start":{"line":195,"column":4},"end":{"line":197,"column":null}},"76":{"start":{"line":196,"column":6},"end":{"line":196,"column":52}},"77":{"start":{"line":199,"column":22},"end":{"line":199,"column":77}},"78":{"start":{"line":201,"column":4},"end":{"line":203,"column":null}},"79":{"start":{"line":202,"column":6},"end":{"line":202,"column":32}},"80":{"start":{"line":205,"column":4},"end":{"line":209,"column":null}},"81":{"start":{"line":206,"column":6},"end":{"line":208,"column":null}},"82":{"start":{"line":207,"column":8},"end":{"line":207,"column":35}},"83":{"start":{"line":211,"column":4},"end":{"line":211,"column":null}},"84":{"start":{"line":213,"column":19},"end":{"line":213,"column":28}},"85":{"start":{"line":215,"column":4},"end":{"line":215,"column":18}},"86":{"start":{"line":28,"column":0},"end":{"line":28,"column":13}}},"fnMap":{"0":{"name":"(anonymous_7)","decl":{"start":{"line":29,"column":2},"end":{"line":29,"column":null}},"loc":{"start":{"line":32,"column":38},"end":{"line":33,"column":6}}},"1":{"name":"(anonymous_8)","decl":{"start":{"line":35,"column":22},"end":{"line":35,"column":null}},"loc":{"start":{"line":37,"column":36},"end":{"line":80,"column":4}}},"2":{"name":"(anonymous_9)","decl":{"start":{"line":37,"column":36},"end":{"line":37,"column":null}},"loc":{"start":{"line":37,"column":36},"end":{"line":80,"column":3}}},"3":{"name":"(anonymous_10)","decl":{"start":{"line":68,"column":27},"end":{"line":68,"column":28}},"loc":{"start":{"line":68,"column":37},"end":{"line":68,"column":74}}},"4":{"name":"(anonymous_11)","decl":{"start":{"line":82,"column":20},"end":{"line":82,"column":null}},"loc":{"start":{"line":84,"column":36},"end":{"line":112,"column":4}}},"5":{"name":"(anonymous_12)","decl":{"start":{"line":84,"column":36},"end":{"line":84,"column":null}},"loc":{"start":{"line":84,"column":36},"end":{"line":112,"column":3}}},"6":{"name":"(anonymous_13)","decl":{"start":{"line":95,"column":34},"end":{"line":95,"column":35}},"loc":{"start":{"line":95,"column":43},"end":{"line":107,"column":5}}},"7":{"name":"(anonymous_14)","decl":{"start":{"line":114,"column":27},"end":{"line":114,"column":null}},"loc":{"start":{"line":116,"column":41},"end":{"line":186,"column":4}}},"8":{"name":"(anonymous_15)","decl":{"start":{"line":116,"column":41},"end":{"line":116,"column":null}},"loc":{"start":{"line":116,"column":41},"end":{"line":186,"column":3}}},"9":{"name":"(anonymous_16)","decl":{"start":{"line":188,"column":22},"end":{"line":188,"column":null}},"loc":{"start":{"line":190,"column":33},"end":{"line":216,"column":4}}},"10":{"name":"(anonymous_17)","decl":{"start":{"line":190,"column":33},"end":{"line":190,"column":null}},"loc":{"start":{"line":190,"column":33},"end":{"line":216,"column":3}}}},"branchMap":{"0":{"loc":{"start":{"line":42,"column":4},"end":{"line":44,"column":null}},"type":"if","locations":[{"start":{"line":42,"column":4},"end":{"line":44,"column":null}}]},"1":{"loc":{"start":{"line":66,"column":4},"end":{"line":73,"column":null}},"type":"if","locations":[{"start":{"line":66,"column":4},"end":{"line":73,"column":null}}]},"2":{"loc":{"start":{"line":67,"column":6},"end":{"line":72,"column":null}},"type":"if","locations":[{"start":{"line":67,"column":6},"end":{"line":72,"column":null}}]},"3":{"loc":{"start":{"line":89,"column":4},"end":{"line":91,"column":null}},"type":"if","locations":[{"start":{"line":89,"column":4},"end":{"line":91,"column":null}}]},"4":{"loc":{"start":{"line":121,"column":4},"end":{"line":123,"column":null}},"type":"if","locations":[{"start":{"line":121,"column":4},"end":{"line":123,"column":null}}]},"5":{"loc":{"start":{"line":129,"column":4},"end":{"line":131,"column":null}},"type":"if","locations":[{"start":{"line":129,"column":4},"end":{"line":131,"column":null}}]},"6":{"loc":{"start":{"line":145,"column":28},"end":{"line":145,"column":40}},"type":"cond-expr","locations":[{"start":{"line":145,"column":35},"end":{"line":145,"column":36}},{"start":{"line":145,"column":39},"end":{"line":145,"column":40}}]},"7":{"loc":{"start":{"line":157,"column":4},"end":{"line":178,"column":null}},"type":"if","locations":[{"start":{"line":157,"column":4},"end":{"line":178,"column":null}},{"start":{"line":166,"column":11},"end":{"line":178,"column":null}}]},"8":{"loc":{"start":{"line":158,"column":6},"end":{"line":165,"column":null}},"type":"if","locations":[{"start":{"line":158,"column":6},"end":{"line":165,"column":null}},{"start":{"line":161,"column":13},"end":{"line":165,"column":null}}]},"9":{"loc":{"start":{"line":166,"column":11},"end":{"line":178,"column":null}},"type":"if","locations":[{"start":{"line":166,"column":11},"end":{"line":178,"column":null}},{"start":{"line":175,"column":11},"end":{"line":178,"column":null}}]},"10":{"loc":{"start":{"line":167,"column":6},"end":{"line":174,"column":null}},"type":"if","locations":[{"start":{"line":167,"column":6},"end":{"line":174,"column":null}},{"start":{"line":170,"column":13},"end":{"line":174,"column":null}}]},"11":{"loc":{"start":{"line":177,"column":6},"end":{"line":177,"column":58}},"type":"cond-expr","locations":[{"start":{"line":177,"column":24},"end":{"line":177,"column":38}},{"start":{"line":177,"column":41},"end":{"line":177,"column":58}}]},"12":{"loc":{"start":{"line":195,"column":4},"end":{"line":197,"column":null}},"type":"if","locations":[{"start":{"line":195,"column":4},"end":{"line":197,"column":null}}]},"13":{"loc":{"start":{"line":201,"column":4},"end":{"line":203,"column":null}},"type":"if","locations":[{"start":{"line":201,"column":4},"end":{"line":203,"column":null}}]},"14":{"loc":{"start":{"line":205,"column":4},"end":{"line":209,"column":null}},"type":"if","locations":[{"start":{"line":205,"column":4},"end":{"line":209,"column":null}}]},"15":{"loc":{"start":{"line":206,"column":6},"end":{"line":208,"column":null}},"type":"if","locations":[{"start":{"line":206,"column":6},"end":{"line":208,"column":null}}]}},"s":{"0":4,"1":4,"2":4,"3":4,"4":4,"5":4,"6":4,"7":4,"8":4,"9":4,"10":4,"11":3,"12":3,"13":3,"14":3,"15":1,"16":2,"17":2,"18":2,"19":2,"20":2,"21":2,"22":2,"23":1,"24":1,"25":1,"26":1,"27":4,"28":2,"29":2,"30":2,"31":2,"32":1,"33":1,"34":1,"35":2,"36":1,"37":1,"38":4,"39":8,"40":8,"41":8,"42":8,"43":1,"44":7,"45":7,"46":1,"47":6,"48":6,"49":6,"50":6,"51":6,"52":2,"53":1,"54":1,"55":1,"56":1,"57":1,"58":4,"59":2,"60":1,"61":1,"62":1,"63":1,"64":1,"65":2,"66":2,"67":6,"68":6,"69":6,"70":6,"71":4,"72":4,"73":4,"74":4,"75":4,"76":1,"77":3,"78":3,"79":1,"80":2,"81":2,"82":1,"83":1,"84":1,"85":1,"86":4},"f":{"0":4,"1":3,"2":3,"3":2,"4":2,"5":2,"6":2,"7":8,"8":8,"9":4,"10":4},"b":{"0":[1],"1":[2],"2":[1],"3":[1],"4":[1],"5":[1],"6":[3,3],"7":[2,4],"8":[1,1],"9":[2,2],"10":[1,1],"11":[1,1],"12":[1],"13":[1],"14":[2],"15":[1]}}
,"C:\\Users\\Rebec\\Desktop\\Labeddit-backend\\src\\business\\UserBusiness.ts": {"path":"C:\\Users\\Rebec\\Desktop\\Labeddit-backend\\src\\business\\UserBusiness.ts","statementMap":{"0":{"start":{"line":4,"column":0},"end":{"line":4,"column":60}},"1":{"start":{"line":5,"column":0},"end":{"line":5,"column":64}},"2":{"start":{"line":12,"column":16},"end":{"line":12,"column":42}},"3":{"start":{"line":13,"column":16},"end":{"line":13,"column":40}},"4":{"start":{"line":14,"column":16},"end":{"line":14,"column":42}},"5":{"start":{"line":15,"column":16},"end":{"line":15,"column":40}},"6":{"start":{"line":18,"column":15},"end":{"line":57,"column":null}},"7":{"start":{"line":18,"column":82},"end":{"line":57,"column":null}},"8":{"start":{"line":19,"column":46},"end":{"line":19,"column":51}},"9":{"start":{"line":21,"column":23},"end":{"line":21,"column":50}},"10":{"start":{"line":23,"column":35},"end":{"line":23,"column":72}},"11":{"start":{"line":25,"column":25},"end":{"line":31,"column":null}},"12":{"start":{"line":34,"column":27},"end":{"line":34,"column":47}},"13":{"start":{"line":36,"column":32},"end":{"line":36,"column":78}},"14":{"start":{"line":38,"column":12},"end":{"line":40,"column":null}},"15":{"start":{"line":39,"column":16},"end":{"line":39,"column":null}},"16":{"start":{"line":42,"column":12},"end":{"line":42,"column":null}},"17":{"start":{"line":44,"column":42},"end":{"line":48,"column":null}},"18":{"start":{"line":50,"column":26},"end":{"line":50,"column":64}},"19":{"start":{"line":52,"column":44},"end":{"line":54,"column":null}},"20":{"start":{"line":56,"column":12},"end":{"line":56,"column":null}},"21":{"start":{"line":59,"column":15},"end":{"line":98,"column":null}},"22":{"start":{"line":59,"column":79},"end":{"line":98,"column":null}},"23":{"start":{"line":60,"column":40},"end":{"line":60,"column":45}},"24":{"start":{"line":62,"column":32},"end":{"line":62,"column":78}},"25":{"start":{"line":64,"column":12},"end":{"line":66,"column":null}},"26":{"start":{"line":65,"column":16},"end":{"line":65,"column":null}},"27":{"start":{"line":68,"column":27},"end":{"line":74,"column":null}},"28":{"start":{"line":77,"column":35},"end":{"line":77,"column":55}},"29":{"start":{"line":79,"column":40},"end":{"line":79,"column":96}},"30":{"start":{"line":81,"column":12},"end":{"line":83,"column":null}},"31":{"start":{"line":82,"column":16},"end":{"line":82,"column":null}},"32":{"start":{"line":85,"column":42},"end":{"line":89,"column":null}},"33":{"start":{"line":91,"column":26},"end":{"line":91,"column":64}},"34":{"start":{"line":93,"column":43},"end":{"line":95,"column":null}},"35":{"start":{"line":97,"column":12},"end":{"line":97,"column":null}},"36":{"start":{"line":10,"column":0},"end":{"line":10,"column":13}}},"fnMap":{"0":{"name":"(anonymous_7)","decl":{"start":{"line":11,"column":4},"end":{"line":11,"column":null}},"loc":{"start":{"line":15,"column":40},"end":{"line":16,"column":11}}},"1":{"name":"(anonymous_8)","decl":{"start":{"line":18,"column":24},"end":{"line":18,"column":31}},"loc":{"start":{"line":18,"column":82},"end":{"line":57,"column":null}}},"2":{"name":"(anonymous_9)","decl":{"start":{"line":18,"column":82},"end":{"line":18,"column":null}},"loc":{"start":{"line":18,"column":82},"end":{"line":57,"column":9}}},"3":{"name":"(anonymous_10)","decl":{"start":{"line":59,"column":23},"end":{"line":59,"column":30}},"loc":{"start":{"line":59,"column":79},"end":{"line":98,"column":null}}},"4":{"name":"(anonymous_11)","decl":{"start":{"line":59,"column":79},"end":{"line":59,"column":null}},"loc":{"start":{"line":59,"column":79},"end":{"line":98,"column":9}}}},"branchMap":{"0":{"loc":{"start":{"line":38,"column":12},"end":{"line":40,"column":null}},"type":"if","locations":[{"start":{"line":38,"column":12},"end":{"line":40,"column":null}}]},"1":{"loc":{"start":{"line":38,"column":15},"end":{"line":38,"column":71}},"type":"binary-expr","locations":[{"start":{"line":38,"column":15},"end":{"line":38,"column":40}},{"start":{"line":38,"column":44},"end":{"line":38,"column":71}}]},"2":{"loc":{"start":{"line":64,"column":12},"end":{"line":66,"column":null}},"type":"if","locations":[{"start":{"line":64,"column":12},"end":{"line":66,"column":null}}]},"3":{"loc":{"start":{"line":81,"column":12},"end":{"line":83,"column":null}},"type":"if","locations":[{"start":{"line":81,"column":12},"end":{"line":83,"column":null}}]}},"s":{"0":2,"1":2,"2":2,"3":2,"4":2,"5":2,"6":2,"7":2,"8":2,"9":2,"10":2,"11":2,"12":2,"13":2,"14":2,"15":1,"16":1,"17":1,"18":1,"19":1,"20":1,"21":2,"22":4,"23":4,"24":4,"25":4,"26":1,"27":3,"28":3,"29":3,"30":3,"31":1,"32":2,"33":2,"34":2,"35":2,"36":2},"f":{"0":2,"1":2,"2":2,"3":4,"4":4},"b":{"0":[1],"1":[2,1],"2":[1],"3":[1]}}
,"C:\\Users\\Rebec\\Desktop\\Labeddit-backend\\src\\database\\BaseDatabase.ts": {"path":"C:\\Users\\Rebec\\Desktop\\Labeddit-backend\\src\\database\\BaseDatabase.ts","statementMap":{"0":{"start":{"line":1,"column":0},"end":{"line":1,"column":27}},"1":{"start":{"line":2,"column":0},"end":{"line":2,"column":27}},"2":{"start":{"line":4,"column":0},"end":{"line":4,"column":null}},"3":{"start":{"line":6,"column":0},"end":{"line":6,"column":22}},"4":{"start":{"line":7,"column":21},"end":{"line":20,"column":null}},"5":{"start":{"line":17,"column":16},"end":{"line":17,"column":null}}},"fnMap":{"0":{"name":"(anonymous_1)","decl":{"start":{"line":16,"column":25},"end":{"line":16,"column":26}},"loc":{"start":{"line":16,"column":48},"end":{"line":18,"column":13}}}},"branchMap":{},"s":{"0":10,"1":10,"2":10,"3":10,"4":10,"5":0},"f":{"0":0},"b":{}}
,"C:\\Users\\Rebec\\Desktop\\Labeddit-backend\\src\\dtos\\commentary\\createCommentary.dto.ts": {"path":"C:\\Users\\Rebec\\Desktop\\Labeddit-backend\\src\\dtos\\commentary\\createCommentary.dto.ts","statementMap":{"0":{"start":{"line":1,"column":0},"end":{"line":1,"column":20}},"1":{"start":{"line":11,"column":13},"end":{"line":27,"column":61}},"2":{"start":{"line":27,"column":23},"end":{"line":27,"column":59}}},"fnMap":{"0":{"name":"(anonymous_1)","decl":{"start":{"line":27,"column":13},"end":{"line":27,"column":14}},"loc":{"start":{"line":27,"column":23},"end":{"line":27,"column":59}}}},"branchMap":{},"s":{"0":1,"1":1,"2":3},"f":{"0":3},"b":{}}
,"C:\\Users\\Rebec\\Desktop\\Labeddit-backend\\src\\dtos\\commentary\\deleteCommentary.dto.ts": {"path":"C:\\Users\\Rebec\\Desktop\\Labeddit-backend\\src\\dtos\\commentary\\deleteCommentary.dto.ts","statementMap":{"0":{"start":{"line":1,"column":0},"end":{"line":1,"column":19}},"1":{"start":{"line":10,"column":13},"end":{"line":18,"column":null}},"2":{"start":{"line":18,"column":21},"end":{"line":18,"column":50}}},"fnMap":{"0":{"name":"(anonymous_1)","decl":{"start":{"line":18,"column":13},"end":{"line":18,"column":17}},"loc":{"start":{"line":18,"column":21},"end":{"line":18,"column":50}}}},"branchMap":{},"s":{"0":1,"1":1,"2":3},"f":{"0":3},"b":{}}
,"C:\\Users\\Rebec\\Desktop\\Labeddit-backend\\src\\dtos\\commentary\\getCommentaryById.dto.ts": {"path":"C:\\Users\\Rebec\\Desktop\\Labeddit-backend\\src\\dtos\\commentary\\getCommentaryById.dto.ts","statementMap":{"0":{"start":{"line":1,"column":0},"end":{"line":1,"column":20}},"1":{"start":{"line":26,"column":13},"end":{"line":36,"column":58}},"2":{"start":{"line":36,"column":23},"end":{"line":36,"column":56}}},"fnMap":{"0":{"name":"(anonymous_1)","decl":{"start":{"line":36,"column":13},"end":{"line":36,"column":14}},"loc":{"start":{"line":36,"column":23},"end":{"line":36,"column":56}}}},"branchMap":{},"s":{"0":1,"1":1,"2":3},"f":{"0":3},"b":{}}
,"C:\\Users\\Rebec\\Desktop\\Labeddit-backend\\src\\dtos\\commentary\\likeDislikeCommentary.dto.ts": {"path":"C:\\Users\\Rebec\\Desktop\\Labeddit-backend\\src\\dtos\\commentary\\likeDislikeCommentary.dto.ts","statementMap":{"0":{"start":{"line":1,"column":0},"end":{"line":1,"column":20}},"1":{"start":{"line":11,"column":13},"end":{"line":20,"column":3}}},"fnMap":{},"branchMap":{},"s":{"0":1,"1":1},"f":{},"b":{}}
,"C:\\Users\\Rebec\\Desktop\\Labeddit-backend\\src\\dtos\\posts\\createPost.dto.ts": {"path":"C:\\Users\\Rebec\\Desktop\\Labeddit-backend\\src\\dtos\\posts\\createPost.dto.ts","statementMap":{"0":{"start":{"line":1,"column":0},"end":{"line":1,"column":20}},"1":{"start":{"line":10,"column":13},"end":{"line":20,"column":51}},"2":{"start":{"line":20,"column":23},"end":{"line":20,"column":49}}},"fnMap":{"0":{"name":"(anonymous_1)","decl":{"start":{"line":20,"column":13},"end":{"line":20,"column":14}},"loc":{"start":{"line":20,"column":23},"end":{"line":20,"column":49}}}},"branchMap":{},"s":{"0":1,"1":1,"2":3},"f":{"0":3},"b":{}}
,"C:\\Users\\Rebec\\Desktop\\Labeddit-backend\\src\\dtos\\posts\\deletePost.dto.ts": {"path":"C:\\Users\\Rebec\\Desktop\\Labeddit-backend\\src\\dtos\\posts\\deletePost.dto.ts","statementMap":{"0":{"start":{"line":1,"column":0},"end":{"line":1,"column":20}},"1":{"start":{"line":10,"column":13},"end":{"line":18,"column":3}}},"fnMap":{},"branchMap":{},"s":{"0":1,"1":1},"f":{},"b":{}}
,"C:\\Users\\Rebec\\Desktop\\Labeddit-backend\\src\\dtos\\posts\\getPosts.dto.ts": {"path":"C:\\Users\\Rebec\\Desktop\\Labeddit-backend\\src\\dtos\\posts\\getPosts.dto.ts","statementMap":{"0":{"start":{"line":1,"column":0},"end":{"line":1,"column":20}},"1":{"start":{"line":16,"column":13},"end":{"line":20,"column":49}},"2":{"start":{"line":20,"column":23},"end":{"line":20,"column":47}}},"fnMap":{"0":{"name":"(anonymous_1)","decl":{"start":{"line":20,"column":13},"end":{"line":20,"column":14}},"loc":{"start":{"line":20,"column":23},"end":{"line":20,"column":47}}}},"branchMap":{},"s":{"0":1,"1":1,"2":2},"f":{"0":2},"b":{}}
,"C:\\Users\\Rebec\\Desktop\\Labeddit-backend\\src\\dtos\\posts\\likeDislike.dto.ts": {"path":"C:\\Users\\Rebec\\Desktop\\Labeddit-backend\\src\\dtos\\posts\\likeDislike.dto.ts","statementMap":{"0":{"start":{"line":1,"column":0},"end":{"line":1,"column":19}},"1":{"start":{"line":11,"column":13},"end":{"line":16,"column":null}}},"fnMap":{},"branchMap":{},"s":{"0":1,"1":1},"f":{},"b":{}}
,"C:\\Users\\Rebec\\Desktop\\Labeddit-backend\\src\\dtos\\user\\login.dto.ts": {"path":"C:\\Users\\Rebec\\Desktop\\Labeddit-backend\\src\\dtos\\user\\login.dto.ts","statementMap":{"0":{"start":{"line":1,"column":0},"end":{"line":1,"column":20}},"1":{"start":{"line":12,"column":13},"end":{"line":27,"column":46}},"2":{"start":{"line":27,"column":23},"end":{"line":27,"column":44}}},"fnMap":{"0":{"name":"(anonymous_1)","decl":{"start":{"line":27,"column":13},"end":{"line":27,"column":14}},"loc":{"start":{"line":27,"column":23},"end":{"line":27,"column":44}}}},"branchMap":{},"s":{"0":1,"1":1,"2":4},"f":{"0":4},"b":{}}
,"C:\\Users\\Rebec\\Desktop\\Labeddit-backend\\src\\dtos\\user\\signup.dto.ts": {"path":"C:\\Users\\Rebec\\Desktop\\Labeddit-backend\\src\\dtos\\user\\signup.dto.ts","statementMap":{"0":{"start":{"line":1,"column":0},"end":{"line":1,"column":20}},"1":{"start":{"line":13,"column":13},"end":{"line":34,"column":47}},"2":{"start":{"line":34,"column":23},"end":{"line":34,"column":45}}},"fnMap":{"0":{"name":"(anonymous_1)","decl":{"start":{"line":34,"column":13},"end":{"line":34,"column":14}},"loc":{"start":{"line":34,"column":23},"end":{"line":34,"column":45}}}},"branchMap":{},"s":{"0":1,"1":1,"2":2},"f":{"0":2},"b":{}}
,"C:\\Users\\Rebec\\Desktop\\Labeddit-backend\\src\\errors\\BadRequestError.ts": {"path":"C:\\Users\\Rebec\\Desktop\\Labeddit-backend\\src\\errors\\BadRequestError.ts","statementMap":{"0":{"start":{"line":1,"column":0},"end":{"line":1,"column":40}},"1":{"start":{"line":7,"column":8},"end":{"line":7,"column":null}},"2":{"start":{"line":3,"column":0},"end":{"line":3,"column":13}}},"fnMap":{"0":{"name":"(anonymous_0)","decl":{"start":{"line":4,"column":4},"end":{"line":4,"column":null}},"loc":{"start":{"line":5,"column":47},"end":{"line":8,"column":5}}}},"branchMap":{"0":{"loc":{"start":{"line":5,"column":8},"end":{"line":5,"column":47}},"type":"default-arg","locations":[{"start":{"line":5,"column":26},"end":{"line":5,"column":47}}]}},"s":{"0":10,"1":5,"2":10},"f":{"0":5},"b":{"0":[1]}}
,"C:\\Users\\Rebec\\Desktop\\Labeddit-backend\\src\\errors\\BaseError.ts": {"path":"C:\\Users\\Rebec\\Desktop\\Labeddit-backend\\src\\errors\\BaseError.ts","statementMap":{"0":{"start":{"line":6,"column":8},"end":{"line":6,"column":null}},"1":{"start":{"line":3,"column":15},"end":{"line":3,"column":33}},"2":{"start":{"line":1,"column":0},"end":{"line":1,"column":22}}},"fnMap":{"0":{"name":"(anonymous_0)","decl":{"start":{"line":2,"column":4},"end":{"line":2,"column":null}},"loc":{"start":{"line":4,"column":23},"end":{"line":7,"column":5}}}},"branchMap":{},"s":{"0":18,"1":18,"2":10},"f":{"0":18},"b":{}}
,"C:\\Users\\Rebec\\Desktop\\Labeddit-backend\\src\\errors\\ConflictError.ts": {"path":"C:\\Users\\Rebec\\Desktop\\Labeddit-backend\\src\\errors\\ConflictError.ts","statementMap":{"0":{"start":{"line":1,"column":0},"end":{"line":1,"column":40}},"1":{"start":{"line":7,"column":8},"end":{"line":7,"column":null}},"2":{"start":{"line":3,"column":0},"end":{"line":3,"column":13}}},"fnMap":{"0":{"name":"(anonymous_0)","decl":{"start":{"line":4,"column":4},"end":{"line":4,"column":null}},"loc":{"start":{"line":5,"column":71},"end":{"line":8,"column":5}}}},"branchMap":{"0":{"loc":{"start":{"line":5,"column":8},"end":{"line":5,"column":71}},"type":"default-arg","locations":[{"start":{"line":5,"column":26},"end":{"line":5,"column":71}}]}},"s":{"0":4,"1":1,"2":4},"f":{"0":1},"b":{"0":[0]}}
,"C:\\Users\\Rebec\\Desktop\\Labeddit-backend\\src\\errors\\ForbidenError.ts": {"path":"C:\\Users\\Rebec\\Desktop\\Labeddit-backend\\src\\errors\\ForbidenError.ts","statementMap":{"0":{"start":{"line":1,"column":0},"end":{"line":1,"column":40}},"1":{"start":{"line":7,"column":8},"end":{"line":7,"column":null}},"2":{"start":{"line":3,"column":0},"end":{"line":3,"column":13}}},"fnMap":{"0":{"name":"(anonymous_0)","decl":{"start":{"line":4,"column":4},"end":{"line":4,"column":null}},"loc":{"start":{"line":5,"column":72},"end":{"line":8,"column":5}}}},"branchMap":{"0":{"loc":{"start":{"line":5,"column":8},"end":{"line":5,"column":72}},"type":"default-arg","locations":[{"start":{"line":5,"column":26},"end":{"line":5,"column":72}}]}},"s":{"0":4,"1":1,"2":4},"f":{"0":1},"b":{"0":[1]}}
,"C:\\Users\\Rebec\\Desktop\\Labeddit-backend\\src\\errors\\NotFoundError.ts": {"path":"C:\\Users\\Rebec\\Desktop\\Labeddit-backend\\src\\errors\\NotFoundError.ts","statementMap":{"0":{"start":{"line":1,"column":0},"end":{"line":1,"column":40}},"1":{"start":{"line":7,"column":8},"end":{"line":7,"column":null}},"2":{"start":{"line":3,"column":0},"end":{"line":3,"column":13}}},"fnMap":{"0":{"name":"(anonymous_0)","decl":{"start":{"line":4,"column":4},"end":{"line":4,"column":null}},"loc":{"start":{"line":5,"column":50},"end":{"line":8,"column":5}}}},"branchMap":{"0":{"loc":{"start":{"line":5,"column":8},"end":{"line":5,"column":50}},"type":"default-arg","locations":[{"start":{"line":5,"column":26},"end":{"line":5,"column":50}}]}},"s":{"0":8,"1":3,"2":8},"f":{"0":3},"b":{"0":[1]}}
,"C:\\Users\\Rebec\\Desktop\\Labeddit-backend\\src\\errors\\UnauthorizedError.ts": {"path":"C:\\Users\\Rebec\\Desktop\\Labeddit-backend\\src\\errors\\UnauthorizedError.ts","statementMap":{"0":{"start":{"line":1,"column":0},"end":{"line":1,"column":40}},"1":{"start":{"line":7,"column":8},"end":{"line":7,"column":null}},"2":{"start":{"line":3,"column":0},"end":{"line":3,"column":13}}},"fnMap":{"0":{"name":"(anonymous_0)","decl":{"start":{"line":4,"column":4},"end":{"line":4,"column":null}},"loc":{"start":{"line":5,"column":42},"end":{"line":8,"column":5}}}},"branchMap":{"0":{"loc":{"start":{"line":5,"column":8},"end":{"line":5,"column":42}},"type":"default-arg","locations":[{"start":{"line":5,"column":26},"end":{"line":5,"column":42}}]}},"s":{"0":8,"1":8,"2":8},"f":{"0":8},"b":{"0":[4]}}
,"C:\\Users\\Rebec\\Desktop\\Labeddit-backend\\src\\models\\Commentary.ts": {"path":"C:\\Users\\Rebec\\Desktop\\Labeddit-backend\\src\\models\\Commentary.ts","statementMap":{"0":{"start":{"line":3,"column":0},"end":{"line":3,"column":null}},"1":{"start":{"line":4,"column":2},"end":{"line":4,"column":null}},"2":{"start":{"line":5,"column":2},"end":{"line":5,"column":null}},"3":{"start":{"line":90,"column":12},"end":{"line":90,"column":22}},"4":{"start":{"line":91,"column":12},"end":{"line":91,"column":29}},"5":{"start":{"line":92,"column":12},"end":{"line":92,"column":26}},"6":{"start":{"line":93,"column":12},"end":{"line":93,"column":27}},"7":{"start":{"line":94,"column":12},"end":{"line":94,"column":24}},"8":{"start":{"line":95,"column":12},"end":{"line":95,"column":27}},"9":{"start":{"line":96,"column":12},"end":{"line":96,"column":29}},"10":{"start":{"line":97,"column":12},"end":{"line":97,"column":38}},"11":{"start":{"line":98,"column":12},"end":{"line":98,"column":51}},"12":{"start":{"line":137,"column":9},"end":{"line":137,"column":null}},"13":{"start":{"line":137,"column":25},"end":{"line":137,"column":36}},"14":{"start":{"line":138,"column":9},"end":{"line":138,"column":null}},"15":{"start":{"line":138,"column":28},"end":{"line":138,"column":42}},"16":{"start":{"line":139,"column":9},"end":{"line":139,"column":null}},"17":{"start":{"line":139,"column":28},"end":{"line":139,"column":39}},"18":{"start":{"line":140,"column":9},"end":{"line":140,"column":null}},"19":{"start":{"line":140,"column":31},"end":{"line":140,"column":45}},"20":{"start":{"line":102,"column":4},"end":{"line":102,"column":19}},"21":{"start":{"line":106,"column":4},"end":{"line":106,"column":26}},"22":{"start":{"line":114,"column":4},"end":{"line":114,"column":24}},"23":{"start":{"line":118,"column":4},"end":{"line":118,"column":21}},"24":{"start":{"line":122,"column":4},"end":{"line":122,"column":24}},"25":{"start":{"line":130,"column":4},"end":{"line":130,"column":34}},"26":{"start":{"line":134,"column":4},"end":{"line":134,"column":28}},"27":{"start":{"line":143,"column":4},"end":{"line":151,"column":6}},"28":{"start":{"line":88,"column":0},"end":{"line":88,"column":13}}},"fnMap":{"0":{"name":"(anonymous_0)","decl":{"start":{"line":3,"column":0},"end":{"line":3,"column":12}},"loc":{"start":{"line":3,"column":27},"end":{"line":6,"column":1}}},"1":{"name":"(anonymous_1)","decl":{"start":{"line":89,"column":2},"end":{"line":89,"column":null}},"loc":{"start":{"line":98,"column":51},"end":{"line":99,"column":6}}},"2":{"name":"(anonymous_2)","decl":{"start":{"line":137,"column":19},"end":{"line":137,"column":22}},"loc":{"start":{"line":137,"column":25},"end":{"line":137,"column":36}}},"3":{"name":"(anonymous_3)","decl":{"start":{"line":138,"column":22},"end":{"line":138,"column":25}},"loc":{"start":{"line":138,"column":28},"end":{"line":138,"column":42}}},"4":{"name":"(anonymous_4)","decl":{"start":{"line":139,"column":22},"end":{"line":139,"column":25}},"loc":{"start":{"line":139,"column":28},"end":{"line":139,"column":39}}},"5":{"name":"(anonymous_5)","decl":{"start":{"line":140,"column":25},"end":{"line":140,"column":28}},"loc":{"start":{"line":140,"column":31},"end":{"line":140,"column":45}}},"6":{"name":"(anonymous_6)","decl":{"start":{"line":101,"column":2},"end":{"line":101,"column":7}},"loc":{"start":{"line":101,"column":7},"end":{"line":103,"column":3}}},"7":{"name":"(anonymous_7)","decl":{"start":{"line":105,"column":2},"end":{"line":105,"column":14}},"loc":{"start":{"line":105,"column":14},"end":{"line":107,"column":3}}},"8":{"name":"(anonymous_8)","decl":{"start":{"line":113,"column":2},"end":{"line":113,"column":12}},"loc":{"start":{"line":113,"column":12},"end":{"line":115,"column":3}}},"9":{"name":"(anonymous_9)","decl":{"start":{"line":117,"column":2},"end":{"line":117,"column":9}},"loc":{"start":{"line":117,"column":9},"end":{"line":119,"column":3}}},"10":{"name":"(anonymous_10)","decl":{"start":{"line":121,"column":2},"end":{"line":121,"column":12}},"loc":{"start":{"line":121,"column":12},"end":{"line":123,"column":3}}},"11":{"name":"(anonymous_11)","decl":{"start":{"line":129,"column":2},"end":{"line":129,"column":22}},"loc":{"start":{"line":129,"column":22},"end":{"line":131,"column":3}}},"12":{"name":"(anonymous_12)","decl":{"start":{"line":133,"column":2},"end":{"line":133,"column":16}},"loc":{"start":{"line":133,"column":16},"end":{"line":135,"column":3}}},"13":{"name":"(anonymous_13)","decl":{"start":{"line":142,"column":9},"end":{"line":142,"column":23}},"loc":{"start":{"line":142,"column":23},"end":{"line":152,"column":3}}}},"branchMap":{"0":{"loc":{"start":{"line":3,"column":12},"end":{"line":3,"column":null}},"type":"binary-expr","locations":[{"start":{"line":3,"column":12},"end":{"line":3,"column":27}},{"start":{"line":3,"column":27},"end":{"line":3,"column":null}}]}},"s":{"0":4,"1":4,"2":4,"3":9,"4":9,"5":9,"6":9,"7":9,"8":9,"9":9,"10":9,"11":9,"12":9,"13":2,"14":9,"15":2,"16":9,"17":2,"18":9,"19":2,"20":3,"21":1,"22":1,"23":1,"24":1,"25":1,"26":12,"27":7,"28":4},"f":{"0":4,"1":9,"2":2,"3":2,"4":2,"5":2,"6":3,"7":1,"8":1,"9":1,"10":1,"11":1,"12":12,"13":7},"b":{"0":[4,4]}}
,"C:\\Users\\Rebec\\Desktop\\Labeddit-backend\\src\\models\\Posts.ts": {"path":"C:\\Users\\Rebec\\Desktop\\Labeddit-backend\\src\\models\\Posts.ts","statementMap":{"0":{"start":{"line":1,"column":0},"end":{"line":1,"column":null}},"1":{"start":{"line":2,"column":2},"end":{"line":2,"column":null}},"2":{"start":{"line":3,"column":2},"end":{"line":3,"column":null}},"3":{"start":{"line":48,"column":12},"end":{"line":48,"column":22}},"4":{"start":{"line":49,"column":12},"end":{"line":49,"column":29}},"5":{"start":{"line":50,"column":12},"end":{"line":50,"column":27}},"6":{"start":{"line":51,"column":12},"end":{"line":51,"column":24}},"7":{"start":{"line":52,"column":12},"end":{"line":52,"column":27}},"8":{"start":{"line":53,"column":12},"end":{"line":53,"column":28}},"9":{"start":{"line":54,"column":12},"end":{"line":54,"column":29}},"10":{"start":{"line":55,"column":12},"end":{"line":55,"column":29}},"11":{"start":{"line":56,"column":12},"end":{"line":56,"column":24}},"12":{"start":{"line":83,"column":9},"end":{"line":83,"column":null}},"13":{"start":{"line":83,"column":25},"end":{"line":83,"column":36}},"14":{"start":{"line":84,"column":9},"end":{"line":84,"column":null}},"15":{"start":{"line":84,"column":28},"end":{"line":84,"column":42}},"16":{"start":{"line":85,"column":9},"end":{"line":85,"column":null}},"17":{"start":{"line":85,"column":28},"end":{"line":85,"column":39}},"18":{"start":{"line":86,"column":9},"end":{"line":86,"column":null}},"19":{"start":{"line":86,"column":31},"end":{"line":86,"column":45}},"20":{"start":{"line":60,"column":4},"end":{"line":69,"column":6}},"21":{"start":{"line":73,"column":4},"end":{"line":80,"column":6}},"22":{"start":{"line":46,"column":0},"end":{"line":46,"column":13}}},"fnMap":{"0":{"name":"(anonymous_0)","decl":{"start":{"line":1,"column":0},"end":{"line":1,"column":12}},"loc":{"start":{"line":1,"column":21},"end":{"line":4,"column":1}}},"1":{"name":"(anonymous_1)","decl":{"start":{"line":47,"column":2},"end":{"line":47,"column":null}},"loc":{"start":{"line":56,"column":24},"end":{"line":57,"column":6}}},"2":{"name":"(anonymous_2)","decl":{"start":{"line":83,"column":19},"end":{"line":83,"column":22}},"loc":{"start":{"line":83,"column":25},"end":{"line":83,"column":36}}},"3":{"name":"(anonymous_3)","decl":{"start":{"line":84,"column":22},"end":{"line":84,"column":25}},"loc":{"start":{"line":84,"column":28},"end":{"line":84,"column":42}}},"4":{"name":"(anonymous_4)","decl":{"start":{"line":85,"column":22},"end":{"line":85,"column":25}},"loc":{"start":{"line":85,"column":28},"end":{"line":85,"column":39}}},"5":{"name":"(anonymous_5)","decl":{"start":{"line":86,"column":25},"end":{"line":86,"column":28}},"loc":{"start":{"line":86,"column":31},"end":{"line":86,"column":45}}},"6":{"name":"(anonymous_6)","decl":{"start":{"line":59,"column":9},"end":{"line":59,"column":18}},"loc":{"start":{"line":59,"column":18},"end":{"line":70,"column":3}}},"7":{"name":"(anonymous_7)","decl":{"start":{"line":72,"column":9},"end":{"line":72,"column":34}},"loc":{"start":{"line":72,"column":34},"end":{"line":81,"column":3}}}},"branchMap":{"0":{"loc":{"start":{"line":1,"column":12},"end":{"line":1,"column":null}},"type":"binary-expr","locations":[{"start":{"line":1,"column":12},"end":{"line":1,"column":21}},{"start":{"line":1,"column":21},"end":{"line":1,"column":null}}]}},"s":{"0":4,"1":4,"2":4,"3":10,"4":10,"5":10,"6":10,"7":10,"8":10,"9":10,"10":10,"11":10,"12":10,"13":2,"14":10,"15":2,"16":10,"17":2,"18":10,"19":2,"20":8,"21":2,"22":4},"f":{"0":4,"1":10,"2":2,"3":2,"4":2,"5":2,"6":8,"7":2},"b":{"0":[4,4]}}
,"C:\\Users\\Rebec\\Desktop\\Labeddit-backend\\src\\models\\User.ts": {"path":"C:\\Users\\Rebec\\Desktop\\Labeddit-backend\\src\\models\\User.ts","statementMap":{"0":{"start":{"line":1,"column":0},"end":{"line":1,"column":null}},"1":{"start":{"line":2,"column":4},"end":{"line":2,"column":null}},"2":{"start":{"line":3,"column":4},"end":{"line":3,"column":null}},"3":{"start":{"line":31,"column":16},"end":{"line":31,"column":26}},"4":{"start":{"line":32,"column":16},"end":{"line":32,"column":28}},"5":{"start":{"line":33,"column":16},"end":{"line":33,"column":29}},"6":{"start":{"line":34,"column":16},"end":{"line":34,"column":32}},"7":{"start":{"line":35,"column":16},"end":{"line":35,"column":32}},"8":{"start":{"line":36,"column":16},"end":{"line":36,"column":33}},"9":{"start":{"line":50,"column":11},"end":{"line":50,"column":null}},"10":{"start":{"line":50,"column":33},"end":{"line":50,"column":40}},"11":{"start":{"line":52,"column":11},"end":{"line":52,"column":null}},"12":{"start":{"line":52,"column":35},"end":{"line":52,"column":44}},"13":{"start":{"line":54,"column":11},"end":{"line":54,"column":null}},"14":{"start":{"line":54,"column":39},"end":{"line":54,"column":48}},"15":{"start":{"line":56,"column":11},"end":{"line":56,"column":null}},"16":{"start":{"line":56,"column":39},"end":{"line":56,"column":52}},"17":{"start":{"line":40,"column":8},"end":{"line":47,"column":null}},"18":{"start":{"line":29,"column":0},"end":{"line":29,"column":13}}},"fnMap":{"0":{"name":"(anonymous_0)","decl":{"start":{"line":1,"column":0},"end":{"line":1,"column":12}},"loc":{"start":{"line":1,"column":22},"end":{"line":4,"column":1}}},"1":{"name":"(anonymous_1)","decl":{"start":{"line":30,"column":4},"end":{"line":30,"column":null}},"loc":{"start":{"line":36,"column":33},"end":{"line":37,"column":8}}},"2":{"name":"(anonymous_2)","decl":{"start":{"line":50,"column":19},"end":{"line":50,"column":30}},"loc":{"start":{"line":50,"column":33},"end":{"line":50,"column":40}}},"3":{"name":"(anonymous_3)","decl":{"start":{"line":52,"column":21},"end":{"line":52,"column":32}},"loc":{"start":{"line":52,"column":35},"end":{"line":52,"column":44}}},"4":{"name":"(anonymous_4)","decl":{"start":{"line":54,"column":21},"end":{"line":54,"column":36}},"loc":{"start":{"line":54,"column":39},"end":{"line":54,"column":48}}},"5":{"name":"(anonymous_5)","decl":{"start":{"line":56,"column":25},"end":{"line":56,"column":36}},"loc":{"start":{"line":56,"column":39},"end":{"line":56,"column":52}}},"6":{"name":"(anonymous_6)","decl":{"start":{"line":39,"column":11},"end":{"line":39,"column":24}},"loc":{"start":{"line":39,"column":24},"end":{"line":48,"column":5}}}},"branchMap":{"0":{"loc":{"start":{"line":1,"column":12},"end":{"line":1,"column":null}},"type":"binary-expr","locations":[{"start":{"line":1,"column":12},"end":{"line":1,"column":22}},{"start":{"line":1,"column":22},"end":{"line":1,"column":null}}]}},"s":{"0":10,"1":10,"2":10,"3":5,"4":5,"5":5,"6":5,"7":5,"8":5,"9":5,"10":3,"11":5,"12":3,"13":5,"14":3,"15":5,"16":3,"17":2,"18":10},"f":{"0":10,"1":5,"2":3,"3":3,"4":3,"5":3,"6":2},"b":{"0":[10,10]}}
,"C:\\Users\\Rebec\\Desktop\\Labeddit-backend\\tests\\mocks\\CommentaryDatabaseMock.ts": {"path":"C:\\Users\\Rebec\\Desktop\\Labeddit-backend\\tests\\mocks\\CommentaryDatabaseMock.ts","statementMap":{"0":{"start":{"line":1,"column":0},"end":{"line":1,"column":null}},"1":{"start":{"line":9,"column":0},"end":{"line":9,"column":63}},"2":{"start":{"line":10,"column":0},"end":{"line":10,"column":59}},"3":{"start":{"line":12,"column":28},"end":{"line":29,"column":2}},"4":{"start":{"line":31,"column":29},"end":{"line":62,"column":2}},"5":{"start":{"line":64,"column":39},"end":{"line":92,"column":2}},"6":{"start":{"line":94,"column":61},"end":{"line":105,"column":2}},"7":{"start":{"line":113,"column":9},"end":{"line":117,"column":4}},"8":{"start":{"line":113,"column":63},"end":{"line":117,"column":4}},"9":{"start":{"line":114,"column":21},"end":{"line":114,"column":63}},"10":{"start":{"line":114,"column":48},"end":{"line":114,"column":62}},"11":{"start":{"line":116,"column":4},"end":{"line":116,"column":18}},"12":{"start":{"line":119,"column":9},"end":{"line":121,"column":25}},"13":{"start":{"line":121,"column":21},"end":{"line":121,"column":25}},"14":{"start":{"line":123,"column":9},"end":{"line":162,"column":4}},"15":{"start":{"line":125,"column":49},"end":{"line":162,"column":4}},"16":{"start":{"line":126,"column":28},"end":{"line":157,"column":6}},"17":{"start":{"line":127,"column":22},"end":{"line":127,"column":77}},"18":{"start":{"line":127,"column":49},"end":{"line":127,"column":76}},"19":{"start":{"line":128,"column":29},"end":{"line":129,"column":null}},"20":{"start":{"line":129,"column":24},"end":{"line":129,"column":54}},"21":{"start":{"line":132,"column":6},"end":{"line":141,"column":null}},"22":{"start":{"line":133,"column":8},"end":{"line":140,"column":10}},"23":{"start":{"line":143,"column":6},"end":{"line":156,"column":8}},"24":{"start":{"line":159,"column":19},"end":{"line":159,"column":67}},"25":{"start":{"line":159,"column":52},"end":{"line":159,"column":66}},"26":{"start":{"line":161,"column":4},"end":{"line":161,"column":18}},"27":{"start":{"line":164,"column":9},"end":{"line":187,"column":4}},"28":{"start":{"line":166,"column":41},"end":{"line":187,"column":4}},"29":{"start":{"line":167,"column":35},"end":{"line":182,"column":6}},"30":{"start":{"line":168,"column":21},"end":{"line":169,"column":null}},"31":{"start":{"line":169,"column":18},"end":{"line":169,"column":51}},"32":{"start":{"line":172,"column":6},"end":{"line":181,"column":8}},"33":{"start":{"line":184,"column":21},"end":{"line":184,"column":76}},"34":{"start":{"line":184,"column":61},"end":{"line":184,"column":75}},"35":{"start":{"line":186,"column":4},"end":{"line":186,"column":18}},"36":{"start":{"line":189,"column":9},"end":{"line":205,"column":4}},"37":{"start":{"line":191,"column":44},"end":{"line":205,"column":4}},"38":{"start":{"line":192,"column":19},"end":{"line":195,"column":null}},"39":{"start":{"line":194,"column":8},"end":{"line":195,"column":68}},"40":{"start":{"line":198,"column":4},"end":{"line":204,"column":null}},"41":{"start":{"line":199,"column":6},"end":{"line":199,"column":23}},"42":{"start":{"line":200,"column":11},"end":{"line":204,"column":null}},"43":{"start":{"line":201,"column":6},"end":{"line":201,"column":43}},"44":{"start":{"line":203,"column":6},"end":{"line":203,"column":46}},"45":{"start":{"line":207,"column":9},"end":{"line":209,"column":25}},"46":{"start":{"line":209,"column":21},"end":{"line":209,"column":25}},"47":{"start":{"line":211,"column":9},"end":{"line":213,"column":25}},"48":{"start":{"line":213,"column":21},"end":{"line":213,"column":25}},"49":{"start":{"line":215,"column":9},"end":{"line":217,"column":25}},"50":{"start":{"line":217,"column":21},"end":{"line":217,"column":25}},"51":{"start":{"line":219,"column":9},"end":{"line":221,"column":25}},"52":{"start":{"line":221,"column":21},"end":{"line":221,"column":25}},"53":{"start":{"line":223,"column":9},"end":{"line":223,"column":75}},"54":{"start":{"line":223,"column":71},"end":{"line":223,"column":75}},"55":{"start":{"line":225,"column":9},"end":{"line":229,"column":4}},"56":{"start":{"line":225,"column":74},"end":{"line":229,"column":4}},"57":{"start":{"line":226,"column":21},"end":{"line":226,"column":66}},"58":{"start":{"line":226,"column":51},"end":{"line":226,"column":65}},"59":{"start":{"line":228,"column":4},"end":{"line":228,"column":18}},"60":{"start":{"line":231,"column":9},"end":{"line":234,"column":4}},"61":{"start":{"line":233,"column":21},"end":{"line":234,"column":4}},"62":{"start":{"line":107,"column":0},"end":{"line":107,"column":13}},"63":{"start":{"line":108,"column":9},"end":{"line":108,"column":23}},"64":{"start":{"line":109,"column":9},"end":{"line":109,"column":23}},"65":{"start":{"line":110,"column":9},"end":{"line":110,"column":28}},"66":{"start":{"line":111,"column":9},"end":{"line":111,"column":32}}},"fnMap":{"0":{"name":"(anonymous_7)","decl":{"start":{"line":107,"column":0},"end":{"line":107,"column":13}},"loc":{"start":{"line":107,"column":0},"end":{"line":235,"column":1}}},"1":{"name":"(anonymous_8)","decl":{"start":{"line":113,"column":24},"end":{"line":113,"column":31}},"loc":{"start":{"line":113,"column":63},"end":{"line":117,"column":4}}},"2":{"name":"(anonymous_9)","decl":{"start":{"line":113,"column":63},"end":{"line":113,"column":null}},"loc":{"start":{"line":113,"column":63},"end":{"line":117,"column":3}}},"3":{"name":"(anonymous_10)","decl":{"start":{"line":114,"column":38},"end":{"line":114,"column":39}},"loc":{"start":{"line":114,"column":48},"end":{"line":114,"column":62}}},"4":{"name":"(anonymous_11)","decl":{"start":{"line":119,"column":28},"end":{"line":119,"column":null}},"loc":{"start":{"line":121,"column":21},"end":{"line":121,"column":25}}},"5":{"name":"(anonymous_12)","decl":{"start":{"line":121,"column":21},"end":{"line":121,"column":23}},"loc":{"start":{"line":121,"column":21},"end":{"line":121,"column":24}}},"6":{"name":"(anonymous_13)","decl":{"start":{"line":123,"column":37},"end":{"line":123,"column":null}},"loc":{"start":{"line":125,"column":49},"end":{"line":162,"column":4}}},"7":{"name":"(anonymous_14)","decl":{"start":{"line":125,"column":49},"end":{"line":125,"column":null}},"loc":{"start":{"line":125,"column":49},"end":{"line":162,"column":3}}},"8":{"name":"(anonymous_15)","decl":{"start":{"line":126,"column":42},"end":{"line":126,"column":43}},"loc":{"start":{"line":126,"column":51},"end":{"line":157,"column":5}}},"9":{"name":"(anonymous_16)","decl":{"start":{"line":127,"column":39},"end":{"line":127,"column":40}},"loc":{"start":{"line":127,"column":49},"end":{"line":127,"column":76}}},"10":{"name":"(anonymous_17)","decl":{"start":{"line":129,"column":8},"end":{"line":129,"column":9}},"loc":{"start":{"line":129,"column":24},"end":{"line":129,"column":54}}},"11":{"name":"(anonymous_18)","decl":{"start":{"line":159,"column":42},"end":{"line":159,"column":43}},"loc":{"start":{"line":159,"column":52},"end":{"line":159,"column":66}}},"12":{"name":"(anonymous_19)","decl":{"start":{"line":164,"column":44},"end":{"line":164,"column":null}},"loc":{"start":{"line":166,"column":41},"end":{"line":187,"column":4}}},"13":{"name":"(anonymous_20)","decl":{"start":{"line":166,"column":41},"end":{"line":166,"column":null}},"loc":{"start":{"line":166,"column":41},"end":{"line":187,"column":3}}},"14":{"name":"(anonymous_21)","decl":{"start":{"line":167,"column":54},"end":{"line":167,"column":55}},"loc":{"start":{"line":167,"column":69},"end":{"line":182,"column":5}}},"15":{"name":"(anonymous_22)","decl":{"start":{"line":169,"column":8},"end":{"line":169,"column":9}},"loc":{"start":{"line":169,"column":18},"end":{"line":169,"column":51}}},"16":{"name":"(anonymous_23)","decl":{"start":{"line":184,"column":51},"end":{"line":184,"column":52}},"loc":{"start":{"line":184,"column":61},"end":{"line":184,"column":75}}},"17":{"name":"(anonymous_24)","decl":{"start":{"line":189,"column":27},"end":{"line":189,"column":null}},"loc":{"start":{"line":191,"column":44},"end":{"line":205,"column":4}}},"18":{"name":"(anonymous_25)","decl":{"start":{"line":191,"column":44},"end":{"line":191,"column":null}},"loc":{"start":{"line":191,"column":44},"end":{"line":205,"column":3}}},"19":{"name":"(anonymous_26)","decl":{"start":{"line":193,"column":6},"end":{"line":193,"column":7}},"loc":{"start":{"line":194,"column":8},"end":{"line":195,"column":68}}},"20":{"name":"(anonymous_27)","decl":{"start":{"line":207,"column":29},"end":{"line":207,"column":null}},"loc":{"start":{"line":209,"column":21},"end":{"line":209,"column":25}}},"21":{"name":"(anonymous_28)","decl":{"start":{"line":209,"column":21},"end":{"line":209,"column":23}},"loc":{"start":{"line":209,"column":21},"end":{"line":209,"column":24}}},"22":{"name":"(anonymous_29)","decl":{"start":{"line":211,"column":29},"end":{"line":211,"column":null}},"loc":{"start":{"line":213,"column":21},"end":{"line":213,"column":25}}},"23":{"name":"(anonymous_30)","decl":{"start":{"line":213,"column":21},"end":{"line":213,"column":23}},"loc":{"start":{"line":213,"column":21},"end":{"line":213,"column":24}}},"24":{"name":"(anonymous_31)","decl":{"start":{"line":215,"column":29},"end":{"line":215,"column":null}},"loc":{"start":{"line":217,"column":21},"end":{"line":217,"column":25}}},"25":{"name":"(anonymous_32)","decl":{"start":{"line":217,"column":21},"end":{"line":217,"column":23}},"loc":{"start":{"line":217,"column":21},"end":{"line":217,"column":24}}},"26":{"name":"(anonymous_33)","decl":{"start":{"line":219,"column":28},"end":{"line":219,"column":null}},"loc":{"start":{"line":221,"column":21},"end":{"line":221,"column":25}}},"27":{"name":"(anonymous_34)","decl":{"start":{"line":221,"column":21},"end":{"line":221,"column":23}},"loc":{"start":{"line":221,"column":21},"end":{"line":221,"column":24}}},"28":{"name":"(anonymous_35)","decl":{"start":{"line":223,"column":35},"end":{"line":223,"column":42}},"loc":{"start":{"line":223,"column":71},"end":{"line":223,"column":75}}},"29":{"name":"(anonymous_36)","decl":{"start":{"line":223,"column":71},"end":{"line":223,"column":73}},"loc":{"start":{"line":223,"column":71},"end":{"line":223,"column":74}}},"30":{"name":"(anonymous_37)","decl":{"start":{"line":225,"column":30},"end":{"line":225,"column":37}},"loc":{"start":{"line":225,"column":74},"end":{"line":229,"column":4}}},"31":{"name":"(anonymous_38)","decl":{"start":{"line":225,"column":74},"end":{"line":225,"column":null}},"loc":{"start":{"line":225,"column":74},"end":{"line":229,"column":3}}},"32":{"name":"(anonymous_39)","decl":{"start":{"line":226,"column":43},"end":{"line":226,"column":47}},"loc":{"start":{"line":226,"column":51},"end":{"line":226,"column":65}}},"33":{"name":"(anonymous_40)","decl":{"start":{"line":231,"column":28},"end":{"line":231,"column":null}},"loc":{"start":{"line":233,"column":21},"end":{"line":234,"column":4}}},"34":{"name":"(anonymous_41)","decl":{"start":{"line":233,"column":21},"end":{"line":233,"column":null}},"loc":{"start":{"line":233,"column":21},"end":{"line":234,"column":3}}}},"branchMap":{"0":{"loc":{"start":{"line":132,"column":6},"end":{"line":141,"column":null}},"type":"if","locations":[{"start":{"line":132,"column":6},"end":{"line":141,"column":null}}]},"1":{"loc":{"start":{"line":194,"column":8},"end":{"line":195,"column":68}},"type":"binary-expr","locations":[{"start":{"line":194,"column":8},"end":{"line":194,"column":56}},{"start":{"line":195,"column":8},"end":{"line":195,"column":68}}]},"2":{"loc":{"start":{"line":198,"column":4},"end":{"line":204,"column":null}},"type":"if","locations":[{"start":{"line":198,"column":4},"end":{"line":204,"column":null}},{"start":{"line":200,"column":11},"end":{"line":204,"column":null}}]},"3":{"loc":{"start":{"line":200,"column":11},"end":{"line":204,"column":null}},"type":"if","locations":[{"start":{"line":200,"column":11},"end":{"line":204,"column":null}},{"start":{"line":202,"column":11},"end":{"line":204,"column":null}}]}},"s":{"0":4,"1":4,"2":4,"3":4,"4":4,"5":4,"6":4,"7":4,"8":2,"9":2,"10":6,"11":2,"12":4,"13":1,"14":4,"15":2,"16":2,"17":6,"18":12,"19":6,"20":18,"21":6,"22":2,"23":4,"24":2,"25":6,"26":2,"27":4,"28":7,"29":7,"30":21,"31":42,"32":21,"33":7,"34":21,"35":7,"36":4,"37":6,"38":6,"39":10,"40":6,"41":2,"42":4,"43":2,"44":2,"45":4,"46":2,"47":4,"48":2,"49":4,"50":2,"51":4,"52":6,"53":4,"54":1,"55":4,"56":2,"57":2,"58":6,"59":2,"60":4,"61":1,"62":4,"63":4,"64":4,"65":4,"66":4},"f":{"0":4,"1":2,"2":2,"3":6,"4":1,"5":1,"6":2,"7":2,"8":6,"9":12,"10":18,"11":6,"12":7,"13":7,"14":21,"15":42,"16":21,"17":6,"18":6,"19":10,"20":2,"21":2,"22":2,"23":2,"24":2,"25":2,"26":6,"27":6,"28":1,"29":1,"30":2,"31":2,"32":6,"33":1,"34":1},"b":{"0":[2],"1":[10,10],"2":[2,4],"3":[2,2]}}
,"C:\\Users\\Rebec\\Desktop\\Labeddit-backend\\tests\\mocks\\HashManagerMock.ts": {"path":"C:\\Users\\Rebec\\Desktop\\Labeddit-backend\\tests\\mocks\\HashManagerMock.ts","statementMap":{"0":{"start":{"line":2,"column":11},"end":{"line":4,"column":null}},"1":{"start":{"line":2,"column":63},"end":{"line":4,"column":null}},"2":{"start":{"line":3,"column":8},"end":{"line":3,"column":null}},"3":{"start":{"line":6,"column":11},"end":{"line":15,"column":null}},"4":{"start":{"line":6,"column":81},"end":{"line":15,"column":null}},"5":{"start":{"line":7,"column":8},"end":{"line":14,"column":null}},"6":{"start":{"line":9,"column":16},"end":{"line":9,"column":null}},"7":{"start":{"line":11,"column":16},"end":{"line":11,"column":null}},"8":{"start":{"line":13,"column":16},"end":{"line":13,"column":null}},"9":{"start":{"line":1,"column":0},"end":{"line":1,"column":13}}},"fnMap":{"0":{"name":"(anonymous_7)","decl":{"start":{"line":1,"column":0},"end":{"line":1,"column":13}},"loc":{"start":{"line":1,"column":0},"end":{"line":16,"column":1}}},"1":{"name":"(anonymous_8)","decl":{"start":{"line":2,"column":18},"end":{"line":2,"column":25}},"loc":{"start":{"line":2,"column":63},"end":{"line":4,"column":null}}},"2":{"name":"(anonymous_9)","decl":{"start":{"line":2,"column":63},"end":{"line":2,"column":null}},"loc":{"start":{"line":2,"column":63},"end":{"line":4,"column":5}}},"3":{"name":"(anonymous_10)","decl":{"start":{"line":6,"column":21},"end":{"line":6,"column":28}},"loc":{"start":{"line":6,"column":81},"end":{"line":15,"column":null}}},"4":{"name":"(anonymous_11)","decl":{"start":{"line":6,"column":81},"end":{"line":6,"column":null}},"loc":{"start":{"line":6,"column":81},"end":{"line":15,"column":5}}}},"branchMap":{"0":{"loc":{"start":{"line":7,"column":8},"end":{"line":14,"column":null}},"type":"switch","locations":[{"start":{"line":8,"column":12},"end":{"line":9,"column":null}},{"start":{"line":10,"column":12},"end":{"line":11,"column":null}},{"start":{"line":12,"column":12},"end":{"line":13,"column":null}}]}},"s":{"0":2,"1":2,"2":2,"3":2,"4":3,"5":3,"6":1,"7":1,"8":1,"9":2},"f":{"0":2,"1":2,"2":2,"3":3,"4":3},"b":{"0":[1,1,1]}}
,"C:\\Users\\Rebec\\Desktop\\Labeddit-backend\\tests\\mocks\\IdGeneratorMock.ts": {"path":"C:\\Users\\Rebec\\Desktop\\Labeddit-backend\\tests\\mocks\\IdGeneratorMock.ts","statementMap":{"0":{"start":{"line":2,"column":11},"end":{"line":4,"column":null}},"1":{"start":{"line":3,"column":8},"end":{"line":3,"column":null}},"2":{"start":{"line":1,"column":0},"end":{"line":1,"column":13}}},"fnMap":{"0":{"name":"(anonymous_0)","decl":{"start":{"line":1,"column":0},"end":{"line":1,"column":13}},"loc":{"start":{"line":1,"column":0},"end":{"line":5,"column":1}}},"1":{"name":"(anonymous_1)","decl":{"start":{"line":2,"column":22},"end":{"line":2,"column":33}},"loc":{"start":{"line":2,"column":35},"end":{"line":4,"column":5}}}},"branchMap":{},"s":{"0":10,"1":5,"2":10},"f":{"0":10,"1":5},"b":{}}
,"C:\\Users\\Rebec\\Desktop\\Labeddit-backend\\tests\\mocks\\PostsDatabaseMock.ts": {"path":"C:\\Users\\Rebec\\Desktop\\Labeddit-backend\\tests\\mocks\\PostsDatabaseMock.ts","statementMap":{"0":{"start":{"line":1,"column":0},"end":{"line":1,"column":null}},"1":{"start":{"line":7,"column":0},"end":{"line":7,"column":63}},"2":{"start":{"line":8,"column":0},"end":{"line":8,"column":59}},"3":{"start":{"line":10,"column":29},"end":{"line":31,"column":2}},"4":{"start":{"line":33,"column":28},"end":{"line":50,"column":2}},"5":{"start":{"line":52,"column":49},"end":{"line":63,"column":2}},"6":{"start":{"line":70,"column":9},"end":{"line":70,"column":67}},"7":{"start":{"line":70,"column":63},"end":{"line":70,"column":67}},"8":{"start":{"line":72,"column":9},"end":{"line":78,"column":4}},"9":{"start":{"line":74,"column":38},"end":{"line":78,"column":4}},"10":{"start":{"line":75,"column":19},"end":{"line":75,"column":76}},"11":{"start":{"line":75,"column":46},"end":{"line":75,"column":75}},"12":{"start":{"line":77,"column":4},"end":{"line":77,"column":18}},"13":{"start":{"line":80,"column":9},"end":{"line":96,"column":4}},"14":{"start":{"line":82,"column":6},"end":{"line":96,"column":4}},"15":{"start":{"line":83,"column":19},"end":{"line":93,"column":6}},"16":{"start":{"line":84,"column":26},"end":{"line":84,"column":79}},"17":{"start":{"line":84,"column":51},"end":{"line":84,"column":78}},"18":{"start":{"line":86,"column":6},"end":{"line":91,"column":null}},"19":{"start":{"line":95,"column":4},"end":{"line":95,"column":18}},"20":{"start":{"line":98,"column":9},"end":{"line":115,"column":4}},"21":{"start":{"line":100,"column":51},"end":{"line":115,"column":4}},"22":{"start":{"line":101,"column":32},"end":{"line":111,"column":6}},"23":{"start":{"line":102,"column":26},"end":{"line":102,"column":79}},"24":{"start":{"line":102,"column":51},"end":{"line":102,"column":78}},"25":{"start":{"line":104,"column":6},"end":{"line":109,"column":null}},"26":{"start":{"line":112,"column":19},"end":{"line":112,"column":74}},"27":{"start":{"line":112,"column":56},"end":{"line":112,"column":70}},"28":{"start":{"line":114,"column":4},"end":{"line":114,"column":18}},"29":{"start":{"line":117,"column":9},"end":{"line":117,"column":67}},"30":{"start":{"line":117,"column":63},"end":{"line":117,"column":67}},"31":{"start":{"line":119,"column":9},"end":{"line":135,"column":4}},"32":{"start":{"line":121,"column":38},"end":{"line":135,"column":4}},"33":{"start":{"line":122,"column":21},"end":{"line":125,"column":null}},"34":{"start":{"line":124,"column":8},"end":{"line":125,"column":46}},"35":{"start":{"line":128,"column":4},"end":{"line":134,"column":null}},"36":{"start":{"line":129,"column":6},"end":{"line":129,"column":23}},"37":{"start":{"line":130,"column":11},"end":{"line":134,"column":null}},"38":{"start":{"line":131,"column":6},"end":{"line":131,"column":37}},"39":{"start":{"line":133,"column":6},"end":{"line":133,"column":40}},"40":{"start":{"line":137,"column":9},"end":{"line":139,"column":25}},"41":{"start":{"line":139,"column":21},"end":{"line":139,"column":25}},"42":{"start":{"line":141,"column":9},"end":{"line":143,"column":25}},"43":{"start":{"line":143,"column":21},"end":{"line":143,"column":25}},"44":{"start":{"line":145,"column":9},"end":{"line":147,"column":25}},"45":{"start":{"line":147,"column":21},"end":{"line":147,"column":25}},"46":{"start":{"line":149,"column":9},"end":{"line":149,"column":66}},"47":{"start":{"line":149,"column":62},"end":{"line":149,"column":66}},"48":{"start":{"line":65,"column":0},"end":{"line":65,"column":13}},"49":{"start":{"line":66,"column":16},"end":{"line":66,"column":29}},"50":{"start":{"line":67,"column":16},"end":{"line":67,"column":29}},"51":{"start":{"line":68,"column":16},"end":{"line":68,"column":37}}},"fnMap":{"0":{"name":"(anonymous_7)","decl":{"start":{"line":65,"column":0},"end":{"line":65,"column":13}},"loc":{"start":{"line":65,"column":0},"end":{"line":150,"column":1}}},"1":{"name":"(anonymous_8)","decl":{"start":{"line":70,"column":22},"end":{"line":70,"column":29}},"loc":{"start":{"line":70,"column":63},"end":{"line":70,"column":67}}},"2":{"name":"(anonymous_9)","decl":{"start":{"line":70,"column":63},"end":{"line":70,"column":65}},"loc":{"start":{"line":70,"column":63},"end":{"line":70,"column":66}}},"3":{"name":"(anonymous_10)","decl":{"start":{"line":72,"column":31},"end":{"line":72,"column":null}},"loc":{"start":{"line":74,"column":38},"end":{"line":78,"column":4}}},"4":{"name":"(anonymous_11)","decl":{"start":{"line":74,"column":38},"end":{"line":74,"column":null}},"loc":{"start":{"line":74,"column":38},"end":{"line":78,"column":3}}},"5":{"name":"(anonymous_12)","decl":{"start":{"line":75,"column":36},"end":{"line":75,"column":37}},"loc":{"start":{"line":75,"column":46},"end":{"line":75,"column":75}}},"6":{"name":"(anonymous_13)","decl":{"start":{"line":80,"column":35},"end":{"line":80,"column":null}},"loc":{"start":{"line":82,"column":6},"end":{"line":96,"column":4}}},"7":{"name":"(anonymous_14)","decl":{"start":{"line":82,"column":6},"end":{"line":82,"column":null}},"loc":{"start":{"line":82,"column":6},"end":{"line":96,"column":3}}},"8":{"name":"(anonymous_15)","decl":{"start":{"line":83,"column":33},"end":{"line":83,"column":34}},"loc":{"start":{"line":83,"column":42},"end":{"line":93,"column":5}}},"9":{"name":"(anonymous_16)","decl":{"start":{"line":84,"column":41},"end":{"line":84,"column":42}},"loc":{"start":{"line":84,"column":51},"end":{"line":84,"column":78}}},"10":{"name":"(anonymous_17)","decl":{"start":{"line":98,"column":38},"end":{"line":98,"column":null}},"loc":{"start":{"line":100,"column":51},"end":{"line":115,"column":4}}},"11":{"name":"(anonymous_18)","decl":{"start":{"line":100,"column":51},"end":{"line":100,"column":null}},"loc":{"start":{"line":100,"column":51},"end":{"line":115,"column":3}}},"12":{"name":"(anonymous_19)","decl":{"start":{"line":101,"column":46},"end":{"line":101,"column":47}},"loc":{"start":{"line":101,"column":55},"end":{"line":111,"column":5}}},"13":{"name":"(anonymous_20)","decl":{"start":{"line":102,"column":41},"end":{"line":102,"column":42}},"loc":{"start":{"line":102,"column":51},"end":{"line":102,"column":78}}},"14":{"name":"(anonymous_21)","decl":{"start":{"line":112,"column":46},"end":{"line":112,"column":47}},"loc":{"start":{"line":112,"column":56},"end":{"line":112,"column":70}}},"15":{"name":"(anonymous_22)","decl":{"start":{"line":117,"column":22},"end":{"line":117,"column":29}},"loc":{"start":{"line":117,"column":63},"end":{"line":117,"column":67}}},"16":{"name":"(anonymous_23)","decl":{"start":{"line":117,"column":63},"end":{"line":117,"column":65}},"loc":{"start":{"line":117,"column":63},"end":{"line":117,"column":66}}},"17":{"name":"(anonymous_24)","decl":{"start":{"line":119,"column":27},"end":{"line":119,"column":null}},"loc":{"start":{"line":121,"column":38},"end":{"line":135,"column":4}}},"18":{"name":"(anonymous_25)","decl":{"start":{"line":121,"column":38},"end":{"line":121,"column":null}},"loc":{"start":{"line":121,"column":38},"end":{"line":135,"column":3}}},"19":{"name":"(anonymous_26)","decl":{"start":{"line":123,"column":6},"end":{"line":123,"column":7}},"loc":{"start":{"line":124,"column":8},"end":{"line":125,"column":46}}},"20":{"name":"(anonymous_27)","decl":{"start":{"line":137,"column":33},"end":{"line":137,"column":null}},"loc":{"start":{"line":139,"column":21},"end":{"line":139,"column":25}}},"21":{"name":"(anonymous_28)","decl":{"start":{"line":139,"column":21},"end":{"line":139,"column":23}},"loc":{"start":{"line":139,"column":21},"end":{"line":139,"column":24}}},"22":{"name":"(anonymous_29)","decl":{"start":{"line":141,"column":33},"end":{"line":141,"column":null}},"loc":{"start":{"line":143,"column":21},"end":{"line":143,"column":25}}},"23":{"name":"(anonymous_30)","decl":{"start":{"line":143,"column":21},"end":{"line":143,"column":23}},"loc":{"start":{"line":143,"column":21},"end":{"line":143,"column":24}}},"24":{"name":"(anonymous_31)","decl":{"start":{"line":145,"column":33},"end":{"line":145,"column":null}},"loc":{"start":{"line":147,"column":21},"end":{"line":147,"column":25}}},"25":{"name":"(anonymous_32)","decl":{"start":{"line":147,"column":21},"end":{"line":147,"column":23}},"loc":{"start":{"line":147,"column":21},"end":{"line":147,"column":24}}},"26":{"name":"(anonymous_33)","decl":{"start":{"line":149,"column":26},"end":{"line":149,"column":33}},"loc":{"start":{"line":149,"column":62},"end":{"line":149,"column":66}}},"27":{"name":"(anonymous_34)","decl":{"start":{"line":149,"column":62},"end":{"line":149,"column":64}},"loc":{"start":{"line":149,"column":62},"end":{"line":149,"column":65}}}},"branchMap":{"0":{"loc":{"start":{"line":88,"column":14},"end":{"line":88,"column":37}},"type":"binary-expr","locations":[{"start":{"line":88,"column":14},"end":{"line":88,"column":31}},{"start":{"line":88,"column":35},"end":{"line":88,"column":37}}]},"1":{"loc":{"start":{"line":88,"column":14},"end":{"line":88,"column":31}},"type":"cond-expr","locations":[{"start":{"line":88,"column":25},"end":{"line":88,"column":27}},{"start":{"line":88,"column":14},"end":{"line":88,"column":31}}]},"2":{"loc":{"start":{"line":88,"column":14},"end":{"line":88,"column":27}},"type":"binary-expr","locations":[{"start":{"line":88,"column":14},"end":{"line":88,"column":27}},{"start":{"line":88,"column":14},"end":{"line":88,"column":27}}]},"3":{"loc":{"start":{"line":89,"column":15},"end":{"line":89,"column":39}},"type":"binary-expr","locations":[{"start":{"line":89,"column":15},"end":{"line":89,"column":33}},{"start":{"line":89,"column":37},"end":{"line":89,"column":39}}]},"4":{"loc":{"start":{"line":89,"column":15},"end":{"line":89,"column":33}},"type":"cond-expr","locations":[{"start":{"line":89,"column":26},"end":{"line":89,"column":28}},{"start":{"line":89,"column":15},"end":{"line":89,"column":33}}]},"5":{"loc":{"start":{"line":89,"column":15},"end":{"line":89,"column":28}},"type":"binary-expr","locations":[{"start":{"line":89,"column":15},"end":{"line":89,"column":28}},{"start":{"line":89,"column":15},"end":{"line":89,"column":28}}]},"6":{"loc":{"start":{"line":90,"column":18},"end":{"line":90,"column":45}},"type":"binary-expr","locations":[{"start":{"line":90,"column":18},"end":{"line":90,"column":39}},{"start":{"line":90,"column":43},"end":{"line":90,"column":45}}]},"7":{"loc":{"start":{"line":90,"column":18},"end":{"line":90,"column":39}},"type":"cond-expr","locations":[{"start":{"line":90,"column":29},"end":{"line":90,"column":31}},{"start":{"line":90,"column":18},"end":{"line":90,"column":39}}]},"8":{"loc":{"start":{"line":90,"column":18},"end":{"line":90,"column":31}},"type":"binary-expr","locations":[{"start":{"line":90,"column":18},"end":{"line":90,"column":31}},{"start":{"line":90,"column":18},"end":{"line":90,"column":31}}]},"9":{"loc":{"start":{"line":91,"column":14},"end":{"line":91,"column":37}},"type":"binary-expr","locations":[{"start":{"line":91,"column":14},"end":{"line":91,"column":31}},{"start":{"line":91,"column":35},"end":{"line":91,"column":37}}]},"10":{"loc":{"start":{"line":91,"column":14},"end":{"line":91,"column":31}},"type":"cond-expr","locations":[{"start":{"line":91,"column":25},"end":{"line":91,"column":27}},{"start":{"line":91,"column":14},"end":{"line":91,"column":31}}]},"11":{"loc":{"start":{"line":91,"column":14},"end":{"line":91,"column":27}},"type":"binary-expr","locations":[{"start":{"line":91,"column":14},"end":{"line":91,"column":27}},{"start":{"line":91,"column":14},"end":{"line":91,"column":27}}]},"12":{"loc":{"start":{"line":106,"column":14},"end":{"line":106,"column":37}},"type":"binary-expr","locations":[{"start":{"line":106,"column":14},"end":{"line":106,"column":31}},{"start":{"line":106,"column":35},"end":{"line":106,"column":37}}]},"13":{"loc":{"start":{"line":106,"column":14},"end":{"line":106,"column":31}},"type":"cond-expr","locations":[{"start":{"line":106,"column":25},"end":{"line":106,"column":27}},{"start":{"line":106,"column":14},"end":{"line":106,"column":31}}]},"14":{"loc":{"start":{"line":106,"column":14},"end":{"line":106,"column":27}},"type":"binary-expr","locations":[{"start":{"line":106,"column":14},"end":{"line":106,"column":27}},{"start":{"line":106,"column":14},"end":{"line":106,"column":27}}]},"15":{"loc":{"start":{"line":107,"column":15},"end":{"line":107,"column":39}},"type":"binary-expr","locations":[{"start":{"line":107,"column":15},"end":{"line":107,"column":33}},{"start":{"line":107,"column":37},"end":{"line":107,"column":39}}]},"16":{"loc":{"start":{"line":107,"column":15},"end":{"line":107,"column":33}},"type":"cond-expr","locations":[{"start":{"line":107,"column":26},"end":{"line":107,"column":28}},{"start":{"line":107,"column":15},"end":{"line":107,"column":33}}]},"17":{"loc":{"start":{"line":107,"column":15},"end":{"line":107,"column":28}},"type":"binary-expr","locations":[{"start":{"line":107,"column":15},"end":{"line":107,"column":28}},{"start":{"line":107,"column":15},"end":{"line":107,"column":28}}]},"18":{"loc":{"start":{"line":108,"column":18},"end":{"line":108,"column":45}},"type":"binary-expr","locations":[{"start":{"line":108,"column":18},"end":{"line":108,"column":39}},{"start":{"line":108,"column":43},"end":{"line":108,"column":45}}]},"19":{"loc":{"start":{"line":108,"column":18},"end":{"line":108,"column":39}},"type":"cond-expr","locations":[{"start":{"line":108,"column":29},"end":{"line":108,"column":31}},{"start":{"line":108,"column":18},"end":{"line":108,"column":39}}]},"20":{"loc":{"start":{"line":108,"column":18},"end":{"line":108,"column":31}},"type":"binary-expr","locations":[{"start":{"line":108,"column":18},"end":{"line":108,"column":31}},{"start":{"line":108,"column":18},"end":{"line":108,"column":31}}]},"21":{"loc":{"start":{"line":109,"column":14},"end":{"line":109,"column":37}},"type":"binary-expr","locations":[{"start":{"line":109,"column":14},"end":{"line":109,"column":31}},{"start":{"line":109,"column":35},"end":{"line":109,"column":37}}]},"22":{"loc":{"start":{"line":109,"column":14},"end":{"line":109,"column":31}},"type":"cond-expr","locations":[{"start":{"line":109,"column":25},"end":{"line":109,"column":27}},{"start":{"line":109,"column":14},"end":{"line":109,"column":31}}]},"23":{"loc":{"start":{"line":109,"column":14},"end":{"line":109,"column":27}},"type":"binary-expr","locations":[{"start":{"line":109,"column":14},"end":{"line":109,"column":27}},{"start":{"line":109,"column":14},"end":{"line":109,"column":27}}]},"24":{"loc":{"start":{"line":124,"column":8},"end":{"line":125,"column":46}},"type":"binary-expr","locations":[{"start":{"line":124,"column":8},"end":{"line":124,"column":46}},{"start":{"line":125,"column":8},"end":{"line":125,"column":46}}]},"25":{"loc":{"start":{"line":128,"column":4},"end":{"line":134,"column":null}},"type":"if","locations":[{"start":{"line":128,"column":4},"end":{"line":134,"column":null}},{"start":{"line":130,"column":11},"end":{"line":134,"column":null}}]},"26":{"loc":{"start":{"line":130,"column":11},"end":{"line":134,"column":null}},"type":"if","locations":[{"start":{"line":130,"column":11},"end":{"line":134,"column":null}},{"start":{"line":132,"column":11},"end":{"line":134,"column":null}}]}},"s":{"0":4,"1":4,"2":4,"3":4,"4":4,"5":4,"6":4,"7":1,"8":4,"9":2,"10":2,"11":4,"12":2,"13":4,"14":1,"15":1,"16":2,"17":3,"18":2,"19":1,"20":4,"21":10,"22":10,"23":20,"24":30,"25":20,"26":10,"27":20,"28":10,"29":4,"30":6,"31":4,"32":6,"33":6,"34":12,"35":6,"36":2,"37":4,"38":2,"39":2,"40":4,"41":2,"42":4,"43":2,"44":4,"45":2,"46":4,"47":1,"48":4,"49":4,"50":4,"51":4},"f":{"0":4,"1":1,"2":1,"3":2,"4":2,"5":4,"6":1,"7":1,"8":2,"9":3,"10":10,"11":10,"12":20,"13":30,"14":20,"15":6,"16":6,"17":6,"18":6,"19":12,"20":2,"21":2,"22":2,"23":2,"24":2,"25":2,"26":1,"27":1},"b":{"0":[2,0],"1":[0,2],"2":[2,2],"3":[2,0],"4":[0,2],"5":[2,2],"6":[2,0],"7":[0,2],"8":[2,2],"9":[2,0],"10":[0,2],"11":[2,2],"12":[20,0],"13":[0,20],"14":[20,20],"15":[20,0],"16":[0,20],"17":[20,20],"18":[20,0],"19":[0,20],"20":[20,20],"21":[20,0],"22":[0,20],"23":[20,20],"24":[12,6],"25":[2,4],"26":[2,2]}}
,"C:\\Users\\Rebec\\Desktop\\Labeddit-backend\\tests\\mocks\\TokenManagerMock.ts": {"path":"C:\\Users\\Rebec\\Desktop\\Labeddit-backend\\tests\\mocks\\TokenManagerMock.ts","statementMap":{"0":{"start":{"line":1,"column":0},"end":{"line":1,"column":64}},"1":{"start":{"line":4,"column":11},"end":{"line":12,"column":null}},"2":{"start":{"line":5,"column":8},"end":{"line":11,"column":null}},"3":{"start":{"line":6,"column":12},"end":{"line":6,"column":null}},"4":{"start":{"line":7,"column":15},"end":{"line":11,"column":null}},"5":{"start":{"line":8,"column":12},"end":{"line":8,"column":null}},"6":{"start":{"line":10,"column":12},"end":{"line":10,"column":null}},"7":{"start":{"line":14,"column":11},"end":{"line":30,"column":null}},"8":{"start":{"line":15,"column":8},"end":{"line":29,"column":null}},"9":{"start":{"line":16,"column":12},"end":{"line":20,"column":null}},"10":{"start":{"line":21,"column":15},"end":{"line":29,"column":null}},"11":{"start":{"line":22,"column":12},"end":{"line":26,"column":null}},"12":{"start":{"line":28,"column":12},"end":{"line":28,"column":null}},"13":{"start":{"line":3,"column":0},"end":{"line":3,"column":13}}},"fnMap":{"0":{"name":"(anonymous_0)","decl":{"start":{"line":3,"column":0},"end":{"line":3,"column":13}},"loc":{"start":{"line":3,"column":0},"end":{"line":31,"column":1}}},"1":{"name":"(anonymous_1)","decl":{"start":{"line":4,"column":25},"end":{"line":4,"column":26}},"loc":{"start":{"line":4,"column":59},"end":{"line":12,"column":5}}},"2":{"name":"(anonymous_2)","decl":{"start":{"line":14,"column":24},"end":{"line":14,"column":25}},"loc":{"start":{"line":14,"column":63},"end":{"line":30,"column":5}}}},"branchMap":{"0":{"loc":{"start":{"line":5,"column":8},"end":{"line":11,"column":null}},"type":"if","locations":[{"start":{"line":5,"column":8},"end":{"line":11,"column":null}},{"start":{"line":7,"column":15},"end":{"line":11,"column":null}}]},"1":{"loc":{"start":{"line":7,"column":15},"end":{"line":11,"column":null}},"type":"if","locations":[{"start":{"line":7,"column":15},"end":{"line":11,"column":null}},{"start":{"line":9,"column":15},"end":{"line":11,"column":null}}]},"2":{"loc":{"start":{"line":15,"column":8},"end":{"line":29,"column":null}},"type":"if","locations":[{"start":{"line":15,"column":8},"end":{"line":29,"column":null}},{"start":{"line":21,"column":15},"end":{"line":29,"column":null}}]},"3":{"loc":{"start":{"line":21,"column":15},"end":{"line":29,"column":null}},"type":"if","locations":[{"start":{"line":21,"column":15},"end":{"line":29,"column":null}},{"start":{"line":27,"column":15},"end":{"line":29,"column":null}}]}},"s":{"0":10,"1":10,"2":3,"3":1,"4":2,"5":1,"6":1,"7":10,"8":34,"9":24,"10":10,"11":2,"12":8,"13":10},"f":{"0":10,"1":3,"2":34},"b":{"0":[1,2],"1":[1,1],"2":[24,10],"3":[2,8]}}
,"C:\\Users\\Rebec\\Desktop\\Labeddit-backend\\tests\\mocks\\UserDatabaseMock.ts": {"path":"C:\\Users\\Rebec\\Desktop\\Labeddit-backend\\tests\\mocks\\UserDatabaseMock.ts","statementMap":{"0":{"start":{"line":1,"column":0},"end":{"line":1,"column":59}},"1":{"start":{"line":2,"column":0},"end":{"line":2,"column":63}},"2":{"start":{"line":4,"column":28},"end":{"line":21,"column":2}},"3":{"start":{"line":26,"column":9},"end":{"line":28,"column":4}},"4":{"start":{"line":26,"column":62},"end":{"line":28,"column":4}},"5":{"start":{"line":30,"column":9},"end":{"line":34,"column":null}},"6":{"start":{"line":30,"column":80},"end":{"line":34,"column":null}},"7":{"start":{"line":31,"column":19},"end":{"line":31,"column":68}},"8":{"start":{"line":31,"column":44},"end":{"line":31,"column":64}},"9":{"start":{"line":33,"column":4},"end":{"line":33,"column":null}},"10":{"start":{"line":23,"column":0},"end":{"line":23,"column":13}},"11":{"start":{"line":24,"column":16},"end":{"line":24,"column":29}}},"fnMap":{"0":{"name":"(anonymous_7)","decl":{"start":{"line":23,"column":0},"end":{"line":23,"column":13}},"loc":{"start":{"line":23,"column":0},"end":{"line":35,"column":1}}},"1":{"name":"(anonymous_8)","decl":{"start":{"line":26,"column":22},"end":{"line":26,"column":29}},"loc":{"start":{"line":26,"column":62},"end":{"line":28,"column":4}}},"2":{"name":"(anonymous_9)","decl":{"start":{"line":26,"column":62},"end":{"line":26,"column":null}},"loc":{"start":{"line":26,"column":62},"end":{"line":28,"column":3}}},"3":{"name":"(anonymous_10)","decl":{"start":{"line":30,"column":27},"end":{"line":30,"column":34}},"loc":{"start":{"line":30,"column":80},"end":{"line":34,"column":null}}},"4":{"name":"(anonymous_11)","decl":{"start":{"line":30,"column":80},"end":{"line":30,"column":null}},"loc":{"start":{"line":30,"column":80},"end":{"line":34,"column":3}}},"5":{"name":"(anonymous_12)","decl":{"start":{"line":31,"column":36},"end":{"line":31,"column":40}},"loc":{"start":{"line":31,"column":44},"end":{"line":31,"column":64}}}},"branchMap":{},"s":{"0":2,"1":2,"2":2,"3":2,"4":1,"5":2,"6":6,"7":6,"8":12,"9":6,"10":2,"11":2},"f":{"0":2,"1":1,"2":1,"3":6,"4":6,"5":12},"b":{}}
}
