TN:
SF:src\business\CommentaryBusiness.ts
FN:28,(anonymous_7)
FN:34,(anonymous_8)
FN:36,(anonymous_9)
FN:71,(anonymous_10)
FN:73,(anonymous_11)
FN:85,(anonymous_12)
FN:128,(anonymous_13)
FN:141,(anonymous_14)
FN:143,(anonymous_15)
FNF:9
FNH:9
FNDA:3,(anonymous_7)
FNDA:3,(anonymous_8)
FNDA:3,(anonymous_9)
FNDA:3,(anonymous_10)
FNDA:3,(anonymous_11)
FNDA:2,(anonymous_12)
FNDA:1,(anonymous_13)
FNDA:8,(anonymous_14)
FNDA:8,(anonymous_15)
DA:14,3
DA:15,3
DA:16,3
DA:17,3
DA:27,3
DA:29,3
DA:30,3
DA:31,3
DA:34,3
DA:36,3
DA:37,3
DA:39,3
DA:41,3
DA:42,1
DA:45,2
DA:47,2
DA:48,1
DA:51,1
DA:53,1
DA:63,1
DA:64,1
DA:66,1
DA:68,1
DA:71,3
DA:73,3
DA:74,3
DA:76,3
DA:78,3
DA:79,1
DA:83,2
DA:85,2
DA:86,2
DA:95,2
DA:107,2
DA:111,2
DA:128,1
DA:138,2
DA:141,3
DA:143,8
DA:144,8
DA:146,8
DA:148,8
DA:149,1
DA:153,7
DA:157,7
DA:158,1
DA:161,6
DA:172,6
DA:174,6
DA:180,6
DA:184,6
DA:185,2
DA:186,1
DA:189,1
DA:191,1
DA:194,1
DA:195,1
DA:197,4
DA:198,2
DA:199,1
DA:202,1
DA:204,1
DA:207,1
DA:208,1
DA:211,2
DA:212,2
DA:215,6
DA:216,6
DA:218,6
DA:220,6
LF:70
LH:70
BRDA:41,0,0,1
BRDA:47,1,0,1
BRDA:78,2,0,1
BRDA:111,3,0,1
BRDA:111,3,1,1
BRDA:113,4,0,0
BRDA:113,4,1,1
BRDA:113,5,0,1
BRDA:113,5,1,1
BRDA:114,6,0,0
BRDA:114,6,1,1
BRDA:114,7,0,1
BRDA:114,7,1,1
BRDA:115,8,0,0
BRDA:115,8,1,1
BRDA:115,9,0,1
BRDA:115,9,1,1
BRDA:116,10,0,0
BRDA:116,10,1,1
BRDA:116,11,0,1
BRDA:116,11,1,1
BRDA:117,12,0,0
BRDA:117,12,1,1
BRDA:117,13,0,1
BRDA:117,13,1,1
BRDA:118,14,0,0
BRDA:118,14,1,1
BRDA:118,15,0,1
BRDA:118,15,1,1
BRDA:122,16,0,0
BRDA:122,16,1,1
BRDA:122,17,0,1
BRDA:122,17,1,1
BRDA:123,18,0,0
BRDA:123,18,1,1
BRDA:123,19,0,1
BRDA:123,19,1,1
BRDA:124,20,0,0
BRDA:124,20,1,1
BRDA:124,21,0,1
BRDA:124,21,1,1
BRDA:125,22,0,0
BRDA:125,22,1,1
BRDA:125,23,0,1
BRDA:125,23,1,1
BRDA:126,24,0,0
BRDA:126,24,1,1
BRDA:126,25,0,1
BRDA:126,25,1,1
BRDA:127,26,0,0
BRDA:127,26,1,1
BRDA:127,27,0,1
BRDA:127,27,1,1
BRDA:148,28,0,1
BRDA:157,29,0,1
BRDA:172,30,0,3
BRDA:172,30,1,3
BRDA:184,31,0,2
BRDA:184,31,1,4
BRDA:185,32,0,1
BRDA:185,32,1,1
BRDA:197,33,0,2
BRDA:197,33,1,2
BRDA:198,34,0,1
BRDA:198,34,1,1
BRDA:212,35,0,1
BRDA:212,35,1,1
BRF:67
BRH:55
end_of_record
TN:
SF:src\business\PostsBusiness.ts
FN:19,(anonymous_7)
FN:25,(anonymous_8)
FN:27,(anonymous_9)
FN:58,(anonymous_10)
FN:72,(anonymous_11)
FN:72,(anonymous_12)
FN:83,(anonymous_13)
FN:102,(anonymous_14)
FN:102,(anonymous_15)
FNF:9
FNH:9
FNDA:3,(anonymous_7)
FNDA:3,(anonymous_8)
FNDA:3,(anonymous_9)
FNDA:2,(anonymous_10)
FNDA:2,(anonymous_11)
FNDA:2,(anonymous_12)
FNDA:2,(anonymous_13)
FNDA:8,(anonymous_14)
FNDA:8,(anonymous_15)
DA:11,3
DA:12,3
DA:13,3
DA:14,3
DA:18,3
DA:20,3
DA:21,3
DA:22,3
DA:25,3
DA:27,3
DA:28,3
DA:30,3
DA:32,3
DA:33,1
DA:36,2
DA:38,2
DA:50,2
DA:52,2
DA:56,2
DA:57,2
DA:58,2
DA:61,1
DA:65,1
DA:67,1
DA:69,1
DA:72,3
DA:73,2
DA:75,2
DA:77,2
DA:78,1
DA:81,1
DA:83,1
DA:84,2
DA:97,1
DA:99,1
DA:102,8
DA:103,8
DA:105,8
DA:107,8
DA:108,1
DA:111,7
DA:115,7
DA:116,1
DA:119,6
DA:131,6
DA:133,6
DA:139,6
DA:143,6
DA:144,2
DA:145,1
DA:146,1
DA:148,1
DA:149,1
DA:150,1
DA:152,4
DA:153,2
DA:154,1
DA:155,1
DA:157,1
DA:158,1
DA:159,1
DA:162,2
DA:163,2
DA:166,6
DA:167,6
DA:169,6
DA:171,6
LF:67
LH:67
BRDA:32,0,0,1
BRDA:56,1,0,2
BRDA:57,2,0,1
BRDA:77,3,0,1
BRDA:107,4,0,1
BRDA:115,5,0,1
BRDA:131,6,0,3
BRDA:131,6,1,3
BRDA:143,7,0,2
BRDA:143,7,1,4
BRDA:144,8,0,1
BRDA:144,8,1,1
BRDA:152,9,0,2
BRDA:152,9,1,2
BRDA:153,10,0,1
BRDA:153,10,1,1
BRDA:163,11,0,1
BRDA:163,11,1,1
BRF:18
BRH:18
end_of_record
TN:
SF:src\business\UserBusiness.ts
FN:11,(anonymous_7)
FN:18,(anonymous_8)
FN:18,(anonymous_9)
FN:59,(anonymous_10)
FN:59,(anonymous_11)
FNF:5
FNH:5
FNDA:2,(anonymous_7)
FNDA:2,(anonymous_8)
FNDA:2,(anonymous_9)
FNDA:4,(anonymous_10)
FNDA:4,(anonymous_11)
DA:4,2
DA:5,2
DA:10,2
DA:12,2
DA:13,2
DA:14,2
DA:15,2
DA:18,2
DA:19,2
DA:21,2
DA:23,2
DA:25,2
DA:34,2
DA:36,2
DA:38,2
DA:39,1
DA:42,1
DA:44,1
DA:50,1
DA:52,1
DA:56,1
DA:59,4
DA:60,4
DA:62,4
DA:64,4
DA:65,1
DA:68,3
DA:77,3
DA:79,3
DA:81,3
DA:82,1
DA:85,2
DA:91,2
DA:93,2
DA:97,2
LF:35
LH:35
BRDA:38,0,0,1
BRDA:38,1,0,2
BRDA:38,1,1,1
BRDA:64,2,0,1
BRDA:81,3,0,1
BRF:5
BRH:5
end_of_record
TN:
SF:src\database\BaseDatabase.ts
FN:16,(anonymous_1)
FNF:1
FNH:0
FNDA:0,(anonymous_1)
DA:1,8
DA:2,8
DA:4,8
DA:6,8
DA:7,8
DA:17,0
LF:6
LH:5
BRF:0
BRH:0
end_of_record
TN:
SF:src\dtos\commentary\createCommentary.dto.ts
FN:15,(anonymous_1)
FNF:1
FNH:1
FNDA:3,(anonymous_1)
DA:1,1
DA:11,1
DA:15,3
LF:3
LH:3
BRF:0
BRH:0
end_of_record
TN:
SF:src\dtos\commentary\getCommentaryById.dto.ts
FN:31,(anonymous_1)
FNF:1
FNH:1
FNDA:3,(anonymous_1)
DA:1,1
DA:26,1
DA:31,3
LF:3
LH:3
BRF:0
BRH:0
end_of_record
TN:
SF:src\dtos\commentary\likeDislikeCommentary.dto.ts
FNF:0
FNH:0
DA:1,1
DA:11,1
LF:2
LH:2
BRF:0
BRH:0
end_of_record
TN:
SF:src\dtos\posts\createPost.dto.ts
FN:13,(anonymous_1)
FNF:1
FNH:1
FNDA:3,(anonymous_1)
DA:1,1
DA:10,1
DA:13,3
LF:3
LH:3
BRF:0
BRH:0
end_of_record
TN:
SF:src\dtos\posts\getPosts.dto.ts
FN:20,(anonymous_1)
FNF:1
FNH:1
FNDA:2,(anonymous_1)
DA:1,1
DA:16,1
DA:20,2
LF:3
LH:3
BRF:0
BRH:0
end_of_record
TN:
SF:src\dtos\posts\likeDislike.dto.ts
FNF:0
FNH:0
DA:1,1
DA:11,1
LF:2
LH:2
BRF:0
BRH:0
end_of_record
TN:
SF:src\dtos\user\login.dto.ts
FN:15,(anonymous_1)
FNF:1
FNH:1
FNDA:4,(anonymous_1)
DA:1,1
DA:12,1
DA:15,4
LF:3
LH:3
BRF:0
BRH:0
end_of_record
TN:
SF:src\dtos\user\signup.dto.ts
FN:17,(anonymous_1)
FNF:1
FNH:1
FNDA:2,(anonymous_1)
DA:1,1
DA:13,1
DA:17,2
LF:3
LH:3
BRF:0
BRH:0
end_of_record
TN:
SF:src\errors\BadRequestError.ts
FN:4,(anonymous_0)
FNF:1
FNH:1
FNDA:5,(anonymous_0)
DA:1,8
DA:3,8
DA:7,5
LF:3
LH:3
BRDA:5,0,0,1
BRF:1
BRH:1
end_of_record
TN:
SF:src\errors\BaseError.ts
FN:2,(anonymous_0)
FNF:1
FNH:1
FNDA:13,(anonymous_0)
DA:1,8
DA:3,13
DA:6,13
LF:3
LH:3
BRF:0
BRH:0
end_of_record
TN:
SF:src\errors\ConflictError.ts
FN:4,(anonymous_0)
FNF:1
FNH:1
FNDA:1,(anonymous_0)
DA:1,3
DA:3,3
DA:7,1
LF:3
LH:3
BRDA:5,0,0,0
BRF:1
BRH:0
end_of_record
TN:
SF:src\errors\NotFoundError.ts
FN:4,(anonymous_0)
FNF:1
FNH:1
FNDA:1,(anonymous_0)
DA:1,3
DA:3,3
DA:7,1
LF:3
LH:3
BRDA:5,0,0,0
BRF:1
BRH:0
end_of_record
TN:
SF:src\errors\UnauthorizedError.ts
FN:4,(anonymous_0)
FNF:1
FNH:1
FNDA:6,(anonymous_0)
DA:1,6
DA:3,6
DA:7,6
LF:3
LH:3
BRDA:5,0,0,3
BRF:1
BRH:1
end_of_record
TN:
SF:src\models\Commentary.ts
FN:3,(anonymous_0)
FN:89,(anonymous_1)
FN:137,(anonymous_2)
FN:138,(anonymous_3)
FN:139,(anonymous_4)
FN:140,(anonymous_5)
FN:101,(anonymous_6)
FN:105,(anonymous_7)
FN:113,(anonymous_8)
FN:117,(anonymous_9)
FN:121,(anonymous_10)
FN:129,(anonymous_11)
FN:133,(anonymous_12)
FN:142,(anonymous_13)
FNF:14
FNH:14
FNDA:3,(anonymous_0)
FNDA:9,(anonymous_1)
FNDA:2,(anonymous_2)
FNDA:2,(anonymous_3)
FNDA:2,(anonymous_4)
FNDA:2,(anonymous_5)
FNDA:3,(anonymous_6)
FNDA:1,(anonymous_7)
FNDA:1,(anonymous_8)
FNDA:1,(anonymous_9)
FNDA:1,(anonymous_10)
FNDA:1,(anonymous_11)
FNDA:12,(anonymous_12)
FNDA:7,(anonymous_13)
DA:3,3
DA:4,3
DA:5,3
DA:88,3
DA:90,9
DA:91,9
DA:92,9
DA:93,9
DA:94,9
DA:95,9
DA:96,9
DA:97,9
DA:98,9
DA:102,3
DA:106,1
DA:114,1
DA:118,1
DA:122,1
DA:130,1
DA:134,12
DA:137,9
DA:138,9
DA:139,9
DA:140,9
DA:143,7
LF:25
LH:25
BRDA:3,0,0,3
BRDA:3,0,1,3
BRF:2
BRH:2
end_of_record
TN:
SF:src\models\Posts.ts
FN:1,(anonymous_0)
FN:47,(anonymous_1)
FN:83,(anonymous_2)
FN:84,(anonymous_3)
FN:85,(anonymous_4)
FN:86,(anonymous_5)
FN:59,(anonymous_6)
FN:72,(anonymous_7)
FNF:8
FNH:8
FNDA:3,(anonymous_0)
FNDA:10,(anonymous_1)
FNDA:2,(anonymous_2)
FNDA:2,(anonymous_3)
FNDA:2,(anonymous_4)
FNDA:2,(anonymous_5)
FNDA:8,(anonymous_6)
FNDA:2,(anonymous_7)
DA:1,3
DA:2,3
DA:3,3
DA:46,3
DA:48,10
DA:49,10
DA:50,10
DA:51,10
DA:52,10
DA:53,10
DA:54,10
DA:55,10
DA:56,10
DA:60,8
DA:73,2
DA:83,10
DA:84,10
DA:85,10
DA:86,10
LF:19
LH:19
BRDA:1,0,0,3
BRDA:1,0,1,3
BRF:2
BRH:2
end_of_record
TN:
SF:src\models\User.ts
FN:1,(anonymous_0)
FN:30,(anonymous_1)
FN:50,(anonymous_2)
FN:52,(anonymous_3)
FN:54,(anonymous_4)
FN:56,(anonymous_5)
FN:39,(anonymous_6)
FNF:7
FNH:7
FNDA:8,(anonymous_0)
FNDA:5,(anonymous_1)
FNDA:3,(anonymous_2)
FNDA:3,(anonymous_3)
FNDA:3,(anonymous_4)
FNDA:3,(anonymous_5)
FNDA:2,(anonymous_6)
DA:1,8
DA:2,8
DA:3,8
DA:29,8
DA:31,5
DA:32,5
DA:33,5
DA:34,5
DA:35,5
DA:36,5
DA:40,2
DA:50,5
DA:52,5
DA:54,5
DA:56,5
LF:15
LH:15
BRDA:1,0,0,8
BRDA:1,0,1,8
BRF:2
BRH:2
end_of_record
TN:
SF:tests\mocks\CommentaryDatabaseMock.ts
FN:106,(anonymous_7)
FN:112,(anonymous_8)
FN:112,(anonymous_9)
FN:113,(anonymous_10)
FN:118,(anonymous_11)
FN:120,(anonymous_12)
FN:122,(anonymous_13)
FN:124,(anonymous_14)
FN:126,(anonymous_15)
FN:127,(anonymous_16)
FN:129,(anonymous_17)
FN:159,(anonymous_18)
FN:164,(anonymous_19)
FN:166,(anonymous_20)
FN:168,(anonymous_21)
FN:169,(anonymous_22)
FN:183,(anonymous_23)
FN:188,(anonymous_24)
FN:190,(anonymous_25)
FN:192,(anonymous_26)
FN:206,(anonymous_27)
FN:208,(anonymous_28)
FN:210,(anonymous_29)
FN:212,(anonymous_30)
FN:214,(anonymous_31)
FN:216,(anonymous_32)
FN:218,(anonymous_33)
FN:220,(anonymous_34)
FN:222,(anonymous_35)
FN:222,(anonymous_36)
FNF:30
FNH:30
FNDA:3,(anonymous_7)
FNDA:2,(anonymous_8)
FNDA:2,(anonymous_9)
FNDA:6,(anonymous_10)
FNDA:1,(anonymous_11)
FNDA:1,(anonymous_12)
FNDA:2,(anonymous_13)
FNDA:2,(anonymous_14)
FNDA:6,(anonymous_15)
FNDA:12,(anonymous_16)
FNDA:18,(anonymous_17)
FNDA:6,(anonymous_18)
FNDA:7,(anonymous_19)
FNDA:7,(anonymous_20)
FNDA:21,(anonymous_21)
FNDA:42,(anonymous_22)
FNDA:21,(anonymous_23)
FNDA:6,(anonymous_24)
FNDA:6,(anonymous_25)
FNDA:10,(anonymous_26)
FNDA:2,(anonymous_27)
FNDA:2,(anonymous_28)
FNDA:2,(anonymous_29)
FNDA:2,(anonymous_30)
FNDA:2,(anonymous_31)
FNDA:2,(anonymous_32)
FNDA:6,(anonymous_33)
FNDA:6,(anonymous_34)
FNDA:1,(anonymous_35)
FNDA:1,(anonymous_36)
DA:1,3
DA:9,3
DA:10,3
DA:12,3
DA:31,3
DA:64,3
DA:93,3
DA:106,3
DA:107,3
DA:108,3
DA:109,3
DA:110,3
DA:112,3
DA:113,6
DA:115,2
DA:118,3
DA:120,1
DA:122,3
DA:124,2
DA:126,2
DA:127,12
DA:128,6
DA:129,18
DA:132,6
DA:133,2
DA:143,4
DA:159,6
DA:161,2
DA:164,3
DA:166,7
DA:168,7
DA:169,42
DA:171,21
DA:183,21
DA:185,7
DA:188,3
DA:190,6
DA:192,6
DA:193,10
DA:197,6
DA:198,2
DA:199,4
DA:200,2
DA:202,2
DA:206,3
DA:208,2
DA:210,3
DA:212,2
DA:214,3
DA:216,2
DA:218,3
DA:220,6
DA:222,3
LF:53
LH:53
BRDA:132,0,0,2
BRDA:193,1,0,10
BRDA:193,1,1,10
BRDA:197,2,0,2
BRDA:197,2,1,4
BRDA:199,3,0,2
BRDA:199,3,1,2
BRF:7
BRH:7
end_of_record
TN:
SF:tests\mocks\HashManagerMock.ts
FN:1,(anonymous_7)
FN:2,(anonymous_8)
FN:2,(anonymous_9)
FN:6,(anonymous_10)
FN:6,(anonymous_11)
FNF:5
FNH:5
FNDA:2,(anonymous_7)
FNDA:2,(anonymous_8)
FNDA:2,(anonymous_9)
FNDA:3,(anonymous_10)
FNDA:3,(anonymous_11)
DA:1,2
DA:2,2
DA:3,2
DA:6,3
DA:7,3
DA:9,1
DA:11,1
DA:13,1
LF:8
LH:8
BRDA:7,0,0,1
BRDA:7,0,1,1
BRDA:7,0,2,1
BRF:3
BRH:3
end_of_record
TN:
SF:tests\mocks\IdGeneratorMock.ts
FN:1,(anonymous_0)
FN:2,(anonymous_1)
FNF:2
FNH:2
FNDA:8,(anonymous_0)
FNDA:5,(anonymous_1)
DA:1,8
DA:2,8
DA:3,5
LF:3
LH:3
BRF:0
BRH:0
end_of_record
TN:
SF:tests\mocks\PostsDatabaseMock.ts
FN:65,(anonymous_7)
FN:70,(anonymous_8)
FN:70,(anonymous_9)
FN:72,(anonymous_10)
FN:74,(anonymous_11)
FN:75,(anonymous_12)
FN:80,(anonymous_13)
FN:82,(anonymous_14)
FN:83,(anonymous_15)
FN:85,(anonymous_16)
FN:100,(anonymous_17)
FN:102,(anonymous_18)
FN:103,(anonymous_19)
FN:104,(anonymous_20)
FN:114,(anonymous_21)
FN:119,(anonymous_22)
FN:119,(anonymous_23)
FN:121,(anonymous_24)
FN:123,(anonymous_25)
FN:125,(anonymous_26)
FN:139,(anonymous_27)
FN:141,(anonymous_28)
FN:143,(anonymous_29)
FN:145,(anonymous_30)
FN:147,(anonymous_31)
FN:149,(anonymous_32)
FNF:26
FNH:26
FNDA:3,(anonymous_7)
FNDA:1,(anonymous_8)
FNDA:1,(anonymous_9)
FNDA:2,(anonymous_10)
FNDA:2,(anonymous_11)
FNDA:4,(anonymous_12)
FNDA:1,(anonymous_13)
FNDA:1,(anonymous_14)
FNDA:2,(anonymous_15)
FNDA:3,(anonymous_16)
FNDA:7,(anonymous_17)
FNDA:7,(anonymous_18)
FNDA:14,(anonymous_19)
FNDA:21,(anonymous_20)
FNDA:14,(anonymous_21)
FNDA:6,(anonymous_22)
FNDA:6,(anonymous_23)
FNDA:6,(anonymous_24)
FNDA:6,(anonymous_25)
FNDA:12,(anonymous_26)
FNDA:2,(anonymous_27)
FNDA:2,(anonymous_28)
FNDA:2,(anonymous_29)
FNDA:2,(anonymous_30)
FNDA:2,(anonymous_31)
FNDA:2,(anonymous_32)
DA:1,3
DA:7,3
DA:8,3
DA:10,3
DA:33,3
DA:52,3
DA:65,3
DA:66,3
DA:67,3
DA:68,3
DA:70,3
DA:72,3
DA:74,2
DA:75,4
DA:77,2
DA:80,3
DA:82,1
DA:83,1
DA:84,2
DA:85,3
DA:88,2
DA:97,1
DA:100,3
DA:102,7
DA:103,7
DA:104,21
DA:106,14
DA:114,14
DA:116,7
DA:119,6
DA:121,3
DA:123,6
DA:124,6
DA:126,12
DA:130,6
DA:131,2
DA:132,4
DA:133,2
DA:135,2
DA:139,3
DA:141,2
DA:143,3
DA:145,2
DA:147,3
DA:149,2
LF:45
LH:45
BRDA:90,0,0,2
BRDA:90,0,1,0
BRDA:90,1,0,0
BRDA:90,1,1,2
BRDA:90,2,0,2
BRDA:90,2,1,2
BRDA:91,3,0,2
BRDA:91,3,1,0
BRDA:91,4,0,0
BRDA:91,4,1,2
BRDA:91,5,0,2
BRDA:91,5,1,2
BRDA:92,6,0,2
BRDA:92,6,1,0
BRDA:92,7,0,0
BRDA:92,7,1,2
BRDA:92,8,0,2
BRDA:92,8,1,2
BRDA:93,9,0,2
BRDA:93,9,1,0
BRDA:93,10,0,0
BRDA:93,10,1,2
BRDA:93,11,0,2
BRDA:93,11,1,2
BRDA:108,12,0,14
BRDA:108,12,1,0
BRDA:108,13,0,0
BRDA:108,13,1,14
BRDA:108,14,0,14
BRDA:108,14,1,14
BRDA:109,15,0,14
BRDA:109,15,1,0
BRDA:109,16,0,0
BRDA:109,16,1,14
BRDA:109,17,0,14
BRDA:109,17,1,14
BRDA:110,18,0,14
BRDA:110,18,1,0
BRDA:110,19,0,0
BRDA:110,19,1,14
BRDA:110,20,0,14
BRDA:110,20,1,14
BRDA:111,21,0,14
BRDA:111,21,1,0
BRDA:111,22,0,0
BRDA:111,22,1,14
BRDA:111,23,0,14
BRDA:111,23,1,14
BRDA:126,24,0,12
BRDA:126,24,1,6
BRDA:130,25,0,2
BRDA:130,25,1,4
BRDA:132,26,0,2
BRDA:132,26,1,2
BRF:54
BRH:38
end_of_record
TN:
SF:tests\mocks\TokenManagerMock.ts
FN:3,(anonymous_0)
FN:4,(anonymous_1)
FN:14,(anonymous_2)
FNF:3
FNH:3
FNDA:8,(anonymous_0)
FNDA:3,(anonymous_1)
FNDA:27,(anonymous_2)
DA:1,8
DA:3,8
DA:4,8
DA:5,3
DA:6,1
DA:7,2
DA:8,1
DA:10,1
DA:14,8
DA:15,27
DA:16,19
DA:21,8
DA:22,2
DA:28,6
LF:14
LH:14
BRDA:5,0,0,1
BRDA:5,0,1,2
BRDA:7,1,0,1
BRDA:7,1,1,1
BRDA:15,2,0,19
BRDA:15,2,1,8
BRDA:21,3,0,2
BRDA:21,3,1,6
BRF:8
BRH:8
end_of_record
TN:
SF:tests\mocks\UserDatabaseMock.ts
FN:23,(anonymous_7)
FN:26,(anonymous_8)
FN:26,(anonymous_9)
FN:30,(anonymous_10)
FN:30,(anonymous_11)
FN:31,(anonymous_12)
FNF:6
FNH:6
FNDA:2,(anonymous_7)
FNDA:1,(anonymous_8)
FNDA:1,(anonymous_9)
FNDA:6,(anonymous_10)
FNDA:6,(anonymous_11)
FNDA:12,(anonymous_12)
DA:1,2
DA:2,2
DA:4,2
DA:23,2
DA:24,2
DA:26,2
DA:30,6
DA:31,12
DA:33,6
LF:9
LH:9
BRF:0
BRH:0
end_of_record
